[2025-02-02T12:41:12.682+0000] {processor.py:186} INFO - Started process (PID=89) to work on /home/airflow/.local/lib/python3.12/site-packages/airflow/example_dags/example_bash_operator.py
[2025-02-02T12:41:12.685+0000] {processor.py:914} INFO - Processing file /home/airflow/.local/lib/python3.12/site-packages/airflow/example_dags/example_bash_operator.py for tasks to queue
[2025-02-02T12:41:12.701+0000] {logging_mixin.py:190} INFO - [2025-02-02T12:41:12.700+0000] {dagbag.py:588} INFO - Filling up the DagBag from /home/airflow/.local/lib/python3.12/site-packages/airflow/example_dags/example_bash_operator.py
[2025-02-02T12:41:12.837+0000] {processor.py:925} INFO - DAG(s) 'example_bash_operator' retrieved from /home/airflow/.local/lib/python3.12/site-packages/airflow/example_dags/example_bash_operator.py
[2025-02-02T12:41:13.919+0000] {logging_mixin.py:190} INFO - [2025-02-02T12:41:13.917+0000] {override.py:1911} INFO - Created Permission View: can edit on DAG:example_bash_operator
[2025-02-02T12:41:13.985+0000] {logging_mixin.py:190} INFO - [2025-02-02T12:41:13.984+0000] {override.py:1911} INFO - Created Permission View: can delete on DAG:example_bash_operator
[2025-02-02T12:41:14.025+0000] {logging_mixin.py:190} INFO - [2025-02-02T12:41:14.024+0000] {override.py:1911} INFO - Created Permission View: can read on DAG:example_bash_operator
[2025-02-02T12:41:14.053+0000] {logging_mixin.py:190} INFO - [2025-02-02T12:41:14.052+0000] {override.py:1911} INFO - Created Permission View: menu access on DAG Run:example_bash_operator
[2025-02-02T12:41:14.156+0000] {logging_mixin.py:190} INFO - [2025-02-02T12:41:14.155+0000] {override.py:1911} INFO - Created Permission View: can create on DAG Run:example_bash_operator
[2025-02-02T12:41:14.289+0000] {logging_mixin.py:190} INFO - [2025-02-02T12:41:14.289+0000] {override.py:1911} INFO - Created Permission View: can delete on DAG Run:example_bash_operator
[2025-02-02T12:41:14.371+0000] {logging_mixin.py:190} INFO - [2025-02-02T12:41:14.371+0000] {override.py:1911} INFO - Created Permission View: can read on DAG Run:example_bash_operator
[2025-02-02T12:41:14.387+0000] {logging_mixin.py:190} INFO - [2025-02-02T12:41:14.386+0000] {dag.py:3239} INFO - Sync 1 DAGs
[2025-02-02T12:41:14.481+0000] {logging_mixin.py:190} INFO - [2025-02-02T12:41:14.480+0000] {dag.py:3262} INFO - Creating ORM DAG for example_bash_operator
[2025-02-02T12:41:14.598+0000] {logging_mixin.py:190} INFO - [2025-02-02T12:41:14.598+0000] {dag.py:4180} INFO - Setting next_dagrun for example_bash_operator to 2025-02-01 00:00:00+00:00, run_after=2025-02-02 00:00:00+00:00
[2025-02-02T12:41:14.770+0000] {processor.py:208} INFO - Processing /home/airflow/.local/lib/python3.12/site-packages/airflow/example_dags/example_bash_operator.py took 2.125 seconds
[2025-02-02T12:51:34.121+0000] {processor.py:186} INFO - Started process (PID=254) to work on /home/airflow/.local/lib/python3.12/site-packages/airflow/example_dags/example_bash_operator.py
[2025-02-02T12:51:34.184+0000] {processor.py:914} INFO - Processing file /home/airflow/.local/lib/python3.12/site-packages/airflow/example_dags/example_bash_operator.py for tasks to queue
[2025-02-02T12:51:34.257+0000] {logging_mixin.py:190} INFO - [2025-02-02T12:51:34.256+0000] {dagbag.py:588} INFO - Filling up the DagBag from /home/airflow/.local/lib/python3.12/site-packages/airflow/example_dags/example_bash_operator.py
[2025-02-02T12:51:34.604+0000] {processor.py:925} INFO - DAG(s) 'example_bash_operator' retrieved from /home/airflow/.local/lib/python3.12/site-packages/airflow/example_dags/example_bash_operator.py
[2025-02-02T12:51:35.233+0000] {logging_mixin.py:190} INFO - [2025-02-02T12:51:35.232+0000] {dag.py:3239} INFO - Sync 1 DAGs
[2025-02-02T12:51:35.465+0000] {logging_mixin.py:190} INFO - [2025-02-02T12:51:35.464+0000] {dag.py:4180} INFO - Setting next_dagrun for example_bash_operator to 2025-02-01 00:00:00+00:00, run_after=2025-02-02 00:00:00+00:00
[2025-02-02T12:51:35.679+0000] {processor.py:208} INFO - Processing /home/airflow/.local/lib/python3.12/site-packages/airflow/example_dags/example_bash_operator.py took 1.716 seconds
[2025-02-02T12:54:22.140+0000] {processor.py:186} INFO - Started process (PID=574) to work on /home/airflow/.local/lib/python3.12/site-packages/airflow/example_dags/example_bash_operator.py
[2025-02-02T12:54:22.178+0000] {processor.py:914} INFO - Processing file /home/airflow/.local/lib/python3.12/site-packages/airflow/example_dags/example_bash_operator.py for tasks to queue
[2025-02-02T12:54:22.184+0000] {logging_mixin.py:190} INFO - [2025-02-02T12:54:22.183+0000] {dagbag.py:588} INFO - Filling up the DagBag from /home/airflow/.local/lib/python3.12/site-packages/airflow/example_dags/example_bash_operator.py
[2025-02-02T12:54:22.349+0000] {processor.py:925} INFO - DAG(s) 'example_bash_operator' retrieved from /home/airflow/.local/lib/python3.12/site-packages/airflow/example_dags/example_bash_operator.py
[2025-02-02T12:54:22.751+0000] {logging_mixin.py:190} INFO - [2025-02-02T12:54:22.750+0000] {dag.py:3239} INFO - Sync 1 DAGs
[2025-02-02T12:54:23.143+0000] {logging_mixin.py:190} INFO - [2025-02-02T12:54:23.143+0000] {dag.py:4180} INFO - Setting next_dagrun for example_bash_operator to 2025-02-01 00:00:00+00:00, run_after=2025-02-02 00:00:00+00:00
[2025-02-02T12:54:23.293+0000] {processor.py:208} INFO - Processing /home/airflow/.local/lib/python3.12/site-packages/airflow/example_dags/example_bash_operator.py took 1.200 seconds
[2025-02-02T13:07:26.684+0000] {processor.py:186} INFO - Started process (PID=88) to work on /home/airflow/.local/lib/python3.12/site-packages/airflow/example_dags/example_bash_operator.py
[2025-02-02T13:07:26.691+0000] {processor.py:914} INFO - Processing file /home/airflow/.local/lib/python3.12/site-packages/airflow/example_dags/example_bash_operator.py for tasks to queue
[2025-02-02T13:07:26.697+0000] {logging_mixin.py:190} INFO - [2025-02-02T13:07:26.696+0000] {dagbag.py:588} INFO - Filling up the DagBag from /home/airflow/.local/lib/python3.12/site-packages/airflow/example_dags/example_bash_operator.py
[2025-02-02T13:07:26.766+0000] {processor.py:925} INFO - DAG(s) 'example_bash_operator' retrieved from /home/airflow/.local/lib/python3.12/site-packages/airflow/example_dags/example_bash_operator.py
[2025-02-02T13:07:27.003+0000] {logging_mixin.py:190} INFO - [2025-02-02T13:07:27.002+0000] {dag.py:3239} INFO - Sync 1 DAGs
[2025-02-02T13:07:27.160+0000] {logging_mixin.py:190} INFO - [2025-02-02T13:07:27.160+0000] {dag.py:4180} INFO - Setting next_dagrun for example_bash_operator to 2025-02-01 00:00:00+00:00, run_after=2025-02-02 00:00:00+00:00
[2025-02-02T13:07:27.304+0000] {processor.py:208} INFO - Processing /home/airflow/.local/lib/python3.12/site-packages/airflow/example_dags/example_bash_operator.py took 0.649 seconds
[2025-02-02T13:08:11.695+0000] {processor.py:186} INFO - Started process (PID=152) to work on /home/airflow/.local/lib/python3.12/site-packages/airflow/example_dags/example_bash_operator.py
[2025-02-02T13:08:11.715+0000] {processor.py:914} INFO - Processing file /home/airflow/.local/lib/python3.12/site-packages/airflow/example_dags/example_bash_operator.py for tasks to queue
[2025-02-02T13:08:11.727+0000] {logging_mixin.py:190} INFO - [2025-02-02T13:08:11.725+0000] {dagbag.py:588} INFO - Filling up the DagBag from /home/airflow/.local/lib/python3.12/site-packages/airflow/example_dags/example_bash_operator.py
[2025-02-02T13:08:11.849+0000] {processor.py:925} INFO - DAG(s) 'example_bash_operator' retrieved from /home/airflow/.local/lib/python3.12/site-packages/airflow/example_dags/example_bash_operator.py
[2025-02-02T13:08:12.002+0000] {logging_mixin.py:190} INFO - [2025-02-02T13:08:12.001+0000] {dag.py:3239} INFO - Sync 1 DAGs
[2025-02-02T13:08:12.155+0000] {logging_mixin.py:190} INFO - [2025-02-02T13:08:12.154+0000] {dag.py:4180} INFO - Setting next_dagrun for example_bash_operator to 2025-02-01 00:00:00+00:00, run_after=2025-02-02 00:00:00+00:00
[2025-02-02T13:08:12.275+0000] {processor.py:208} INFO - Processing /home/airflow/.local/lib/python3.12/site-packages/airflow/example_dags/example_bash_operator.py took 0.613 seconds
