[2025-02-02T12:42:50.823+0000] {processor.py:186} INFO - Started process (PID=141) to work on /home/airflow/.local/lib/python3.12/site-packages/airflow/example_dags/example_datasets.py
[2025-02-02T12:42:50.827+0000] {processor.py:914} INFO - Processing file /home/airflow/.local/lib/python3.12/site-packages/airflow/example_dags/example_datasets.py for tasks to queue
[2025-02-02T12:42:50.848+0000] {logging_mixin.py:190} INFO - [2025-02-02T12:42:50.847+0000] {dagbag.py:588} INFO - Filling up the DagBag from /home/airflow/.local/lib/python3.12/site-packages/airflow/example_dags/example_datasets.py
[2025-02-02T12:42:57.180+0000] {processor.py:925} INFO - DAG(s) 'dataset_produces_2', 'consume_1_or_2_with_dataset_expressions', 'dataset_consumes_1_and_2', 'dataset_produces_1', 'dataset_consumes_unknown_never_scheduled', 'dataset_consumes_1', 'conditional_dataset_and_time_based_timetable', 'consume_1_and_2_with_dataset_expressions', 'dataset_consumes_1_never_scheduled', 'consume_1_or_both_2_and_3_with_dataset_expressions' retrieved from /home/airflow/.local/lib/python3.12/site-packages/airflow/example_dags/example_datasets.py
[2025-02-02T12:42:58.197+0000] {logging_mixin.py:190} INFO - [2025-02-02T12:42:58.195+0000] {override.py:1911} INFO - Created Permission View: can edit on DAG:dataset_produces_2
[2025-02-02T12:42:58.439+0000] {logging_mixin.py:190} INFO - [2025-02-02T12:42:58.438+0000] {override.py:1911} INFO - Created Permission View: can delete on DAG:dataset_produces_2
[2025-02-02T12:42:58.592+0000] {logging_mixin.py:190} INFO - [2025-02-02T12:42:58.591+0000] {override.py:1911} INFO - Created Permission View: can read on DAG:dataset_produces_2
[2025-02-02T12:42:58.736+0000] {logging_mixin.py:190} INFO - [2025-02-02T12:42:58.735+0000] {override.py:1911} INFO - Created Permission View: menu access on DAG Run:dataset_produces_2
[2025-02-02T12:42:58.807+0000] {logging_mixin.py:190} INFO - [2025-02-02T12:42:58.807+0000] {override.py:1911} INFO - Created Permission View: can create on DAG Run:dataset_produces_2
[2025-02-02T12:42:58.868+0000] {logging_mixin.py:190} INFO - [2025-02-02T12:42:58.866+0000] {override.py:1911} INFO - Created Permission View: can delete on DAG Run:dataset_produces_2
[2025-02-02T12:42:58.932+0000] {logging_mixin.py:190} INFO - [2025-02-02T12:42:58.931+0000] {override.py:1911} INFO - Created Permission View: can read on DAG Run:dataset_produces_2
[2025-02-02T12:42:59.185+0000] {logging_mixin.py:190} INFO - [2025-02-02T12:42:59.184+0000] {override.py:1911} INFO - Created Permission View: can edit on DAG:consume_1_or_2_with_dataset_expressions
[2025-02-02T12:42:59.326+0000] {logging_mixin.py:190} INFO - [2025-02-02T12:42:59.325+0000] {override.py:1911} INFO - Created Permission View: can delete on DAG:consume_1_or_2_with_dataset_expressions
[2025-02-02T12:42:59.520+0000] {logging_mixin.py:190} INFO - [2025-02-02T12:42:59.519+0000] {override.py:1911} INFO - Created Permission View: can read on DAG:consume_1_or_2_with_dataset_expressions
[2025-02-02T12:42:59.699+0000] {logging_mixin.py:190} INFO - [2025-02-02T12:42:59.685+0000] {override.py:1911} INFO - Created Permission View: menu access on DAG Run:consume_1_or_2_with_dataset_expressions
[2025-02-02T12:42:59.943+0000] {logging_mixin.py:190} INFO - [2025-02-02T12:42:59.943+0000] {override.py:1911} INFO - Created Permission View: can create on DAG Run:consume_1_or_2_with_dataset_expressions
[2025-02-02T12:43:00.144+0000] {logging_mixin.py:190} INFO - [2025-02-02T12:43:00.143+0000] {override.py:1911} INFO - Created Permission View: can delete on DAG Run:consume_1_or_2_with_dataset_expressions
[2025-02-02T12:43:00.405+0000] {logging_mixin.py:190} INFO - [2025-02-02T12:43:00.404+0000] {override.py:1911} INFO - Created Permission View: can read on DAG Run:consume_1_or_2_with_dataset_expressions
[2025-02-02T12:43:01.093+0000] {logging_mixin.py:190} INFO - [2025-02-02T12:43:01.092+0000] {override.py:1911} INFO - Created Permission View: can edit on DAG:dataset_consumes_1_and_2
[2025-02-02T12:43:01.261+0000] {logging_mixin.py:190} INFO - [2025-02-02T12:43:01.260+0000] {override.py:1911} INFO - Created Permission View: can delete on DAG:dataset_consumes_1_and_2
[2025-02-02T12:43:01.457+0000] {logging_mixin.py:190} INFO - [2025-02-02T12:43:01.456+0000] {override.py:1911} INFO - Created Permission View: can read on DAG:dataset_consumes_1_and_2
[2025-02-02T12:43:01.557+0000] {logging_mixin.py:190} INFO - [2025-02-02T12:43:01.556+0000] {override.py:1911} INFO - Created Permission View: menu access on DAG Run:dataset_consumes_1_and_2
[2025-02-02T12:43:01.720+0000] {logging_mixin.py:190} INFO - [2025-02-02T12:43:01.719+0000] {override.py:1911} INFO - Created Permission View: can create on DAG Run:dataset_consumes_1_and_2
[2025-02-02T12:43:01.851+0000] {logging_mixin.py:190} INFO - [2025-02-02T12:43:01.850+0000] {override.py:1911} INFO - Created Permission View: can delete on DAG Run:dataset_consumes_1_and_2
[2025-02-02T12:43:02.239+0000] {logging_mixin.py:190} INFO - [2025-02-02T12:43:02.239+0000] {override.py:1911} INFO - Created Permission View: can read on DAG Run:dataset_consumes_1_and_2
[2025-02-02T12:43:02.449+0000] {logging_mixin.py:190} INFO - [2025-02-02T12:43:02.448+0000] {override.py:1911} INFO - Created Permission View: can edit on DAG:dataset_produces_1
[2025-02-02T12:43:02.495+0000] {logging_mixin.py:190} INFO - [2025-02-02T12:43:02.495+0000] {override.py:1911} INFO - Created Permission View: can delete on DAG:dataset_produces_1
[2025-02-02T12:43:02.576+0000] {logging_mixin.py:190} INFO - [2025-02-02T12:43:02.576+0000] {override.py:1911} INFO - Created Permission View: can read on DAG:dataset_produces_1
[2025-02-02T12:43:02.687+0000] {logging_mixin.py:190} INFO - [2025-02-02T12:43:02.686+0000] {override.py:1911} INFO - Created Permission View: menu access on DAG Run:dataset_produces_1
[2025-02-02T12:43:02.751+0000] {logging_mixin.py:190} INFO - [2025-02-02T12:43:02.750+0000] {override.py:1911} INFO - Created Permission View: can create on DAG Run:dataset_produces_1
[2025-02-02T12:43:02.848+0000] {logging_mixin.py:190} INFO - [2025-02-02T12:43:02.841+0000] {override.py:1911} INFO - Created Permission View: can delete on DAG Run:dataset_produces_1
[2025-02-02T12:43:02.986+0000] {logging_mixin.py:190} INFO - [2025-02-02T12:43:02.985+0000] {override.py:1911} INFO - Created Permission View: can read on DAG Run:dataset_produces_1
[2025-02-02T12:43:03.082+0000] {logging_mixin.py:190} INFO - [2025-02-02T12:43:03.082+0000] {override.py:1911} INFO - Created Permission View: can edit on DAG:dataset_consumes_unknown_never_scheduled
[2025-02-02T12:43:03.137+0000] {logging_mixin.py:190} INFO - [2025-02-02T12:43:03.137+0000] {override.py:1911} INFO - Created Permission View: can delete on DAG:dataset_consumes_unknown_never_scheduled
[2025-02-02T12:43:03.280+0000] {logging_mixin.py:190} INFO - [2025-02-02T12:43:03.267+0000] {override.py:1911} INFO - Created Permission View: can read on DAG:dataset_consumes_unknown_never_scheduled
[2025-02-02T12:43:03.481+0000] {logging_mixin.py:190} INFO - [2025-02-02T12:43:03.480+0000] {override.py:1911} INFO - Created Permission View: menu access on DAG Run:dataset_consumes_unknown_never_scheduled
[2025-02-02T12:43:03.534+0000] {logging_mixin.py:190} INFO - [2025-02-02T12:43:03.533+0000] {override.py:1911} INFO - Created Permission View: can create on DAG Run:dataset_consumes_unknown_never_scheduled
[2025-02-02T12:43:03.590+0000] {logging_mixin.py:190} INFO - [2025-02-02T12:43:03.589+0000] {override.py:1911} INFO - Created Permission View: can delete on DAG Run:dataset_consumes_unknown_never_scheduled
[2025-02-02T12:43:03.656+0000] {logging_mixin.py:190} INFO - [2025-02-02T12:43:03.641+0000] {override.py:1911} INFO - Created Permission View: can read on DAG Run:dataset_consumes_unknown_never_scheduled
[2025-02-02T12:43:03.878+0000] {logging_mixin.py:190} INFO - [2025-02-02T12:43:03.878+0000] {override.py:1911} INFO - Created Permission View: can edit on DAG:dataset_consumes_1
[2025-02-02T12:43:03.935+0000] {logging_mixin.py:190} INFO - [2025-02-02T12:43:03.934+0000] {override.py:1911} INFO - Created Permission View: can delete on DAG:dataset_consumes_1
[2025-02-02T12:43:03.981+0000] {logging_mixin.py:190} INFO - [2025-02-02T12:43:03.980+0000] {override.py:1911} INFO - Created Permission View: can read on DAG:dataset_consumes_1
[2025-02-02T12:43:04.019+0000] {logging_mixin.py:190} INFO - [2025-02-02T12:43:04.018+0000] {override.py:1911} INFO - Created Permission View: menu access on DAG Run:dataset_consumes_1
[2025-02-02T12:43:04.076+0000] {logging_mixin.py:190} INFO - [2025-02-02T12:43:04.071+0000] {override.py:1911} INFO - Created Permission View: can create on DAG Run:dataset_consumes_1
[2025-02-02T12:43:04.106+0000] {logging_mixin.py:190} INFO - [2025-02-02T12:43:04.106+0000] {override.py:1911} INFO - Created Permission View: can delete on DAG Run:dataset_consumes_1
[2025-02-02T12:43:04.154+0000] {logging_mixin.py:190} INFO - [2025-02-02T12:43:04.153+0000] {override.py:1911} INFO - Created Permission View: can read on DAG Run:dataset_consumes_1
[2025-02-02T12:43:04.238+0000] {logging_mixin.py:190} INFO - [2025-02-02T12:43:04.236+0000] {override.py:1911} INFO - Created Permission View: can edit on DAG:conditional_dataset_and_time_based_timetable
[2025-02-02T12:43:04.289+0000] {logging_mixin.py:190} INFO - [2025-02-02T12:43:04.288+0000] {override.py:1911} INFO - Created Permission View: can delete on DAG:conditional_dataset_and_time_based_timetable
[2025-02-02T12:43:04.335+0000] {logging_mixin.py:190} INFO - [2025-02-02T12:43:04.335+0000] {override.py:1911} INFO - Created Permission View: can read on DAG:conditional_dataset_and_time_based_timetable
[2025-02-02T12:43:04.391+0000] {logging_mixin.py:190} INFO - [2025-02-02T12:43:04.390+0000] {override.py:1911} INFO - Created Permission View: menu access on DAG Run:conditional_dataset_and_time_based_timetable
[2025-02-02T12:43:04.456+0000] {logging_mixin.py:190} INFO - [2025-02-02T12:43:04.455+0000] {override.py:1911} INFO - Created Permission View: can create on DAG Run:conditional_dataset_and_time_based_timetable
[2025-02-02T12:43:04.619+0000] {logging_mixin.py:190} INFO - [2025-02-02T12:43:04.618+0000] {override.py:1911} INFO - Created Permission View: can delete on DAG Run:conditional_dataset_and_time_based_timetable
[2025-02-02T12:43:04.731+0000] {logging_mixin.py:190} INFO - [2025-02-02T12:43:04.730+0000] {override.py:1911} INFO - Created Permission View: can read on DAG Run:conditional_dataset_and_time_based_timetable
[2025-02-02T12:43:04.908+0000] {logging_mixin.py:190} INFO - [2025-02-02T12:43:04.907+0000] {override.py:1911} INFO - Created Permission View: can edit on DAG:consume_1_and_2_with_dataset_expressions
[2025-02-02T12:43:04.969+0000] {logging_mixin.py:190} INFO - [2025-02-02T12:43:04.968+0000] {override.py:1911} INFO - Created Permission View: can delete on DAG:consume_1_and_2_with_dataset_expressions
[2025-02-02T12:43:05.031+0000] {logging_mixin.py:190} INFO - [2025-02-02T12:43:05.030+0000] {override.py:1911} INFO - Created Permission View: can read on DAG:consume_1_and_2_with_dataset_expressions
[2025-02-02T12:43:05.102+0000] {logging_mixin.py:190} INFO - [2025-02-02T12:43:05.102+0000] {override.py:1911} INFO - Created Permission View: menu access on DAG Run:consume_1_and_2_with_dataset_expressions
[2025-02-02T12:43:05.162+0000] {logging_mixin.py:190} INFO - [2025-02-02T12:43:05.158+0000] {override.py:1911} INFO - Created Permission View: can create on DAG Run:consume_1_and_2_with_dataset_expressions
[2025-02-02T12:43:05.236+0000] {logging_mixin.py:190} INFO - [2025-02-02T12:43:05.235+0000] {override.py:1911} INFO - Created Permission View: can delete on DAG Run:consume_1_and_2_with_dataset_expressions
[2025-02-02T12:43:05.266+0000] {logging_mixin.py:190} INFO - [2025-02-02T12:43:05.265+0000] {override.py:1911} INFO - Created Permission View: can read on DAG Run:consume_1_and_2_with_dataset_expressions
[2025-02-02T12:43:05.342+0000] {logging_mixin.py:190} INFO - [2025-02-02T12:43:05.341+0000] {override.py:1911} INFO - Created Permission View: can edit on DAG:dataset_consumes_1_never_scheduled
[2025-02-02T12:43:05.404+0000] {logging_mixin.py:190} INFO - [2025-02-02T12:43:05.403+0000] {override.py:1911} INFO - Created Permission View: can delete on DAG:dataset_consumes_1_never_scheduled
[2025-02-02T12:43:05.431+0000] {logging_mixin.py:190} INFO - [2025-02-02T12:43:05.430+0000] {override.py:1911} INFO - Created Permission View: can read on DAG:dataset_consumes_1_never_scheduled
[2025-02-02T12:43:05.465+0000] {logging_mixin.py:190} INFO - [2025-02-02T12:43:05.464+0000] {override.py:1911} INFO - Created Permission View: menu access on DAG Run:dataset_consumes_1_never_scheduled
[2025-02-02T12:43:05.502+0000] {logging_mixin.py:190} INFO - [2025-02-02T12:43:05.501+0000] {override.py:1911} INFO - Created Permission View: can create on DAG Run:dataset_consumes_1_never_scheduled
[2025-02-02T12:43:05.559+0000] {logging_mixin.py:190} INFO - [2025-02-02T12:43:05.558+0000] {override.py:1911} INFO - Created Permission View: can delete on DAG Run:dataset_consumes_1_never_scheduled
[2025-02-02T12:43:05.611+0000] {logging_mixin.py:190} INFO - [2025-02-02T12:43:05.610+0000] {override.py:1911} INFO - Created Permission View: can read on DAG Run:dataset_consumes_1_never_scheduled
[2025-02-02T12:43:05.727+0000] {logging_mixin.py:190} INFO - [2025-02-02T12:43:05.726+0000] {override.py:1911} INFO - Created Permission View: can edit on DAG:consume_1_or_both_2_and_3_with_dataset_expressions
[2025-02-02T12:43:05.794+0000] {logging_mixin.py:190} INFO - [2025-02-02T12:43:05.793+0000] {override.py:1911} INFO - Created Permission View: can delete on DAG:consume_1_or_both_2_and_3_with_dataset_expressions
[2025-02-02T12:43:05.841+0000] {logging_mixin.py:190} INFO - [2025-02-02T12:43:05.840+0000] {override.py:1911} INFO - Created Permission View: can read on DAG:consume_1_or_both_2_and_3_with_dataset_expressions
[2025-02-02T12:43:05.915+0000] {logging_mixin.py:190} INFO - [2025-02-02T12:43:05.907+0000] {override.py:1911} INFO - Created Permission View: menu access on DAG Run:consume_1_or_both_2_and_3_with_dataset_expressions
[2025-02-02T12:43:05.988+0000] {logging_mixin.py:190} INFO - [2025-02-02T12:43:05.987+0000] {override.py:1911} INFO - Created Permission View: can create on DAG Run:consume_1_or_both_2_and_3_with_dataset_expressions
[2025-02-02T12:43:06.035+0000] {logging_mixin.py:190} INFO - [2025-02-02T12:43:06.033+0000] {override.py:1911} INFO - Created Permission View: can delete on DAG Run:consume_1_or_both_2_and_3_with_dataset_expressions
[2025-02-02T12:43:06.086+0000] {logging_mixin.py:190} INFO - [2025-02-02T12:43:06.086+0000] {override.py:1911} INFO - Created Permission View: can read on DAG Run:consume_1_or_both_2_and_3_with_dataset_expressions
[2025-02-02T12:43:06.088+0000] {logging_mixin.py:190} INFO - [2025-02-02T12:43:06.088+0000] {dag.py:3239} INFO - Sync 10 DAGs
[2025-02-02T12:43:06.273+0000] {logging_mixin.py:190} INFO - [2025-02-02T12:43:06.272+0000] {dag.py:3262} INFO - Creating ORM DAG for dataset_consumes_unknown_never_scheduled
[2025-02-02T12:43:06.317+0000] {logging_mixin.py:190} INFO - [2025-02-02T12:43:06.316+0000] {dag.py:3262} INFO - Creating ORM DAG for dataset_consumes_1_never_scheduled
[2025-02-02T12:43:06.334+0000] {logging_mixin.py:190} INFO - [2025-02-02T12:43:06.333+0000] {dag.py:3262} INFO - Creating ORM DAG for dataset_produces_1
[2025-02-02T12:43:06.350+0000] {logging_mixin.py:190} INFO - [2025-02-02T12:43:06.349+0000] {dag.py:3262} INFO - Creating ORM DAG for consume_1_or_2_with_dataset_expressions
[2025-02-02T12:43:06.391+0000] {logging_mixin.py:190} INFO - [2025-02-02T12:43:06.354+0000] {dag.py:3262} INFO - Creating ORM DAG for dataset_consumes_1
[2025-02-02T12:43:06.433+0000] {logging_mixin.py:190} INFO - [2025-02-02T12:43:06.415+0000] {dag.py:3262} INFO - Creating ORM DAG for consume_1_or_both_2_and_3_with_dataset_expressions
[2025-02-02T12:43:06.448+0000] {logging_mixin.py:190} INFO - [2025-02-02T12:43:06.447+0000] {dag.py:3262} INFO - Creating ORM DAG for dataset_consumes_1_and_2
[2025-02-02T12:43:06.471+0000] {logging_mixin.py:190} INFO - [2025-02-02T12:43:06.470+0000] {dag.py:3262} INFO - Creating ORM DAG for dataset_produces_2
[2025-02-02T12:43:06.473+0000] {logging_mixin.py:190} INFO - [2025-02-02T12:43:06.472+0000] {dag.py:3262} INFO - Creating ORM DAG for conditional_dataset_and_time_based_timetable
[2025-02-02T12:43:06.486+0000] {logging_mixin.py:190} INFO - [2025-02-02T12:43:06.486+0000] {dag.py:3262} INFO - Creating ORM DAG for consume_1_and_2_with_dataset_expressions
[2025-02-02T12:43:06.693+0000] {logging_mixin.py:190} INFO - [2025-02-02T12:43:06.690+0000] {dag.py:4180} INFO - Setting next_dagrun for conditional_dataset_and_time_based_timetable to 2025-01-29 01:00:00+00:00, run_after=2025-01-29 01:00:00+00:00
[2025-02-02T12:43:06.712+0000] {logging_mixin.py:190} INFO - [2025-02-02T12:43:06.711+0000] {dag.py:4180} INFO - Setting next_dagrun for consume_1_and_2_with_dataset_expressions to None, run_after=None
[2025-02-02T12:43:06.727+0000] {logging_mixin.py:190} INFO - [2025-02-02T12:43:06.724+0000] {dag.py:4180} INFO - Setting next_dagrun for consume_1_or_2_with_dataset_expressions to None, run_after=None
[2025-02-02T12:43:06.747+0000] {logging_mixin.py:190} INFO - [2025-02-02T12:43:06.746+0000] {dag.py:4180} INFO - Setting next_dagrun for consume_1_or_both_2_and_3_with_dataset_expressions to None, run_after=None
[2025-02-02T12:43:06.766+0000] {logging_mixin.py:190} INFO - [2025-02-02T12:43:06.751+0000] {dag.py:4180} INFO - Setting next_dagrun for dataset_consumes_1 to None, run_after=None
[2025-02-02T12:43:06.768+0000] {logging_mixin.py:190} INFO - [2025-02-02T12:43:06.768+0000] {dag.py:4180} INFO - Setting next_dagrun for dataset_consumes_1_and_2 to None, run_after=None
[2025-02-02T12:43:06.770+0000] {logging_mixin.py:190} INFO - [2025-02-02T12:43:06.770+0000] {dag.py:4180} INFO - Setting next_dagrun for dataset_consumes_1_never_scheduled to None, run_after=None
[2025-02-02T12:43:06.810+0000] {logging_mixin.py:190} INFO - [2025-02-02T12:43:06.804+0000] {dag.py:4180} INFO - Setting next_dagrun for dataset_consumes_unknown_never_scheduled to None, run_after=None
[2025-02-02T12:43:06.855+0000] {logging_mixin.py:190} INFO - [2025-02-02T12:43:06.854+0000] {dag.py:4180} INFO - Setting next_dagrun for dataset_produces_1 to 2025-02-01 00:00:00+00:00, run_after=2025-02-02 00:00:00+00:00
[2025-02-02T12:43:06.876+0000] {logging_mixin.py:190} INFO - [2025-02-02T12:43:06.876+0000] {dag.py:4180} INFO - Setting next_dagrun for dataset_produces_2 to None, run_after=None
[2025-02-02T12:43:08.021+0000] {processor.py:208} INFO - Processing /home/airflow/.local/lib/python3.12/site-packages/airflow/example_dags/example_datasets.py took 17.198 seconds
[2025-02-02T12:53:23.127+0000] {processor.py:186} INFO - Started process (PID=445) to work on /home/airflow/.local/lib/python3.12/site-packages/airflow/example_dags/example_datasets.py
[2025-02-02T12:53:23.162+0000] {processor.py:914} INFO - Processing file /home/airflow/.local/lib/python3.12/site-packages/airflow/example_dags/example_datasets.py for tasks to queue
[2025-02-02T12:53:23.165+0000] {logging_mixin.py:190} INFO - [2025-02-02T12:53:23.164+0000] {dagbag.py:588} INFO - Filling up the DagBag from /home/airflow/.local/lib/python3.12/site-packages/airflow/example_dags/example_datasets.py
[2025-02-02T12:53:41.876+0000] {processor.py:925} INFO - DAG(s) 'dataset_consumes_1', 'dataset_consumes_1_and_2', 'consume_1_or_2_with_dataset_expressions', 'consume_1_or_both_2_and_3_with_dataset_expressions', 'dataset_consumes_1_never_scheduled', 'dataset_consumes_unknown_never_scheduled', 'dataset_produces_2', 'conditional_dataset_and_time_based_timetable', 'consume_1_and_2_with_dataset_expressions', 'dataset_produces_1' retrieved from /home/airflow/.local/lib/python3.12/site-packages/airflow/example_dags/example_datasets.py
[2025-02-02T12:53:42.570+0000] {logging_mixin.py:190} INFO - [2025-02-02T12:53:42.569+0000] {dag.py:3239} INFO - Sync 10 DAGs
[2025-02-02T12:53:43.014+0000] {logging_mixin.py:190} INFO - [2025-02-02T12:53:43.014+0000] {dag.py:4180} INFO - Setting next_dagrun for conditional_dataset_and_time_based_timetable to 2025-01-29 01:00:00+00:00, run_after=2025-01-29 01:00:00+00:00
[2025-02-02T12:53:43.119+0000] {logging_mixin.py:190} INFO - [2025-02-02T12:53:43.119+0000] {dag.py:4180} INFO - Setting next_dagrun for consume_1_and_2_with_dataset_expressions to None, run_after=None
[2025-02-02T12:53:43.187+0000] {logging_mixin.py:190} INFO - [2025-02-02T12:53:43.186+0000] {dag.py:4180} INFO - Setting next_dagrun for consume_1_or_2_with_dataset_expressions to None, run_after=None
[2025-02-02T12:53:43.204+0000] {logging_mixin.py:190} INFO - [2025-02-02T12:53:43.204+0000] {dag.py:4180} INFO - Setting next_dagrun for consume_1_or_both_2_and_3_with_dataset_expressions to None, run_after=None
[2025-02-02T12:53:43.312+0000] {logging_mixin.py:190} INFO - [2025-02-02T12:53:43.297+0000] {dag.py:4180} INFO - Setting next_dagrun for dataset_consumes_1 to None, run_after=None
[2025-02-02T12:53:43.350+0000] {logging_mixin.py:190} INFO - [2025-02-02T12:53:43.349+0000] {dag.py:4180} INFO - Setting next_dagrun for dataset_consumes_1_and_2 to None, run_after=None
[2025-02-02T12:53:43.367+0000] {logging_mixin.py:190} INFO - [2025-02-02T12:53:43.367+0000] {dag.py:4180} INFO - Setting next_dagrun for dataset_consumes_1_never_scheduled to None, run_after=None
[2025-02-02T12:53:43.395+0000] {logging_mixin.py:190} INFO - [2025-02-02T12:53:43.395+0000] {dag.py:4180} INFO - Setting next_dagrun for dataset_consumes_unknown_never_scheduled to None, run_after=None
[2025-02-02T12:53:43.428+0000] {logging_mixin.py:190} INFO - [2025-02-02T12:53:43.428+0000] {dag.py:4180} INFO - Setting next_dagrun for dataset_produces_1 to 2025-02-01 00:00:00+00:00, run_after=2025-02-02 00:00:00+00:00
[2025-02-02T12:53:43.444+0000] {logging_mixin.py:190} INFO - [2025-02-02T12:53:43.444+0000] {dag.py:4180} INFO - Setting next_dagrun for dataset_produces_2 to None, run_after=None
[2025-02-02T12:53:43.840+0000] {processor.py:208} INFO - Processing /home/airflow/.local/lib/python3.12/site-packages/airflow/example_dags/example_datasets.py took 20.814 seconds
[2025-02-02T13:07:37.844+0000] {processor.py:186} INFO - Started process (PID=122) to work on /home/airflow/.local/lib/python3.12/site-packages/airflow/example_dags/example_datasets.py
[2025-02-02T13:07:37.855+0000] {processor.py:914} INFO - Processing file /home/airflow/.local/lib/python3.12/site-packages/airflow/example_dags/example_datasets.py for tasks to queue
[2025-02-02T13:07:37.860+0000] {logging_mixin.py:190} INFO - [2025-02-02T13:07:37.860+0000] {dagbag.py:588} INFO - Filling up the DagBag from /home/airflow/.local/lib/python3.12/site-packages/airflow/example_dags/example_datasets.py
[2025-02-02T13:07:40.623+0000] {processor.py:925} INFO - DAG(s) 'dataset_produces_2', 'consume_1_or_2_with_dataset_expressions', 'dataset_consumes_1', 'dataset_produces_1', 'dataset_consumes_1_and_2', 'conditional_dataset_and_time_based_timetable', 'consume_1_or_both_2_and_3_with_dataset_expressions', 'dataset_consumes_unknown_never_scheduled', 'dataset_consumes_1_never_scheduled', 'consume_1_and_2_with_dataset_expressions' retrieved from /home/airflow/.local/lib/python3.12/site-packages/airflow/example_dags/example_datasets.py
[2025-02-02T13:07:40.993+0000] {logging_mixin.py:190} INFO - [2025-02-02T13:07:40.992+0000] {dag.py:3239} INFO - Sync 10 DAGs
[2025-02-02T13:07:41.194+0000] {logging_mixin.py:190} INFO - [2025-02-02T13:07:41.192+0000] {dag.py:4180} INFO - Setting next_dagrun for conditional_dataset_and_time_based_timetable to 2025-01-29 01:00:00+00:00, run_after=2025-01-29 01:00:00+00:00
[2025-02-02T13:07:41.247+0000] {logging_mixin.py:190} INFO - [2025-02-02T13:07:41.219+0000] {dag.py:4180} INFO - Setting next_dagrun for consume_1_and_2_with_dataset_expressions to None, run_after=None
[2025-02-02T13:07:41.284+0000] {logging_mixin.py:190} INFO - [2025-02-02T13:07:41.283+0000] {dag.py:4180} INFO - Setting next_dagrun for consume_1_or_2_with_dataset_expressions to None, run_after=None
[2025-02-02T13:07:41.307+0000] {logging_mixin.py:190} INFO - [2025-02-02T13:07:41.307+0000] {dag.py:4180} INFO - Setting next_dagrun for consume_1_or_both_2_and_3_with_dataset_expressions to None, run_after=None
[2025-02-02T13:07:41.339+0000] {logging_mixin.py:190} INFO - [2025-02-02T13:07:41.339+0000] {dag.py:4180} INFO - Setting next_dagrun for dataset_consumes_1 to None, run_after=None
[2025-02-02T13:07:41.357+0000] {logging_mixin.py:190} INFO - [2025-02-02T13:07:41.356+0000] {dag.py:4180} INFO - Setting next_dagrun for dataset_consumes_1_and_2 to None, run_after=None
[2025-02-02T13:07:41.399+0000] {logging_mixin.py:190} INFO - [2025-02-02T13:07:41.398+0000] {dag.py:4180} INFO - Setting next_dagrun for dataset_consumes_1_never_scheduled to None, run_after=None
[2025-02-02T13:07:41.437+0000] {logging_mixin.py:190} INFO - [2025-02-02T13:07:41.436+0000] {dag.py:4180} INFO - Setting next_dagrun for dataset_consumes_unknown_never_scheduled to None, run_after=None
[2025-02-02T13:07:41.456+0000] {logging_mixin.py:190} INFO - [2025-02-02T13:07:41.456+0000] {dag.py:4180} INFO - Setting next_dagrun for dataset_produces_1 to 2025-02-01 00:00:00+00:00, run_after=2025-02-02 00:00:00+00:00
[2025-02-02T13:07:41.483+0000] {logging_mixin.py:190} INFO - [2025-02-02T13:07:41.482+0000] {dag.py:4180} INFO - Setting next_dagrun for dataset_produces_2 to None, run_after=None
[2025-02-02T13:07:41.764+0000] {processor.py:208} INFO - Processing /home/airflow/.local/lib/python3.12/site-packages/airflow/example_dags/example_datasets.py took 3.934 seconds
[2025-02-02T13:08:36.100+0000] {processor.py:186} INFO - Started process (PID=191) to work on /home/airflow/.local/lib/python3.12/site-packages/airflow/example_dags/example_datasets.py
[2025-02-02T13:08:36.208+0000] {processor.py:914} INFO - Processing file /home/airflow/.local/lib/python3.12/site-packages/airflow/example_dags/example_datasets.py for tasks to queue
[2025-02-02T13:08:36.306+0000] {logging_mixin.py:190} INFO - [2025-02-02T13:08:36.305+0000] {dagbag.py:588} INFO - Filling up the DagBag from /home/airflow/.local/lib/python3.12/site-packages/airflow/example_dags/example_datasets.py
[2025-02-02T13:08:45.676+0000] {processor.py:925} INFO - DAG(s) 'dataset_produces_1', 'dataset_consumes_1_and_2', 'dataset_consumes_1_never_scheduled', 'dataset_produces_2', 'dataset_consumes_1', 'consume_1_or_both_2_and_3_with_dataset_expressions', 'dataset_consumes_unknown_never_scheduled', 'conditional_dataset_and_time_based_timetable', 'consume_1_and_2_with_dataset_expressions', 'consume_1_or_2_with_dataset_expressions' retrieved from /home/airflow/.local/lib/python3.12/site-packages/airflow/example_dags/example_datasets.py
[2025-02-02T13:08:46.599+0000] {logging_mixin.py:190} INFO - [2025-02-02T13:08:46.598+0000] {dag.py:3239} INFO - Sync 10 DAGs
[2025-02-02T13:08:47.353+0000] {logging_mixin.py:190} INFO - [2025-02-02T13:08:47.353+0000] {dag.py:4180} INFO - Setting next_dagrun for conditional_dataset_and_time_based_timetable to 2025-01-29 01:00:00+00:00, run_after=2025-01-29 01:00:00+00:00
[2025-02-02T13:08:47.660+0000] {logging_mixin.py:190} INFO - [2025-02-02T13:08:47.660+0000] {dag.py:4180} INFO - Setting next_dagrun for consume_1_and_2_with_dataset_expressions to None, run_after=None
[2025-02-02T13:08:47.703+0000] {logging_mixin.py:190} INFO - [2025-02-02T13:08:47.702+0000] {dag.py:4180} INFO - Setting next_dagrun for consume_1_or_2_with_dataset_expressions to None, run_after=None
[2025-02-02T13:08:47.776+0000] {logging_mixin.py:190} INFO - [2025-02-02T13:08:47.775+0000] {dag.py:4180} INFO - Setting next_dagrun for consume_1_or_both_2_and_3_with_dataset_expressions to None, run_after=None
[2025-02-02T13:08:47.848+0000] {logging_mixin.py:190} INFO - [2025-02-02T13:08:47.838+0000] {dag.py:4180} INFO - Setting next_dagrun for dataset_consumes_1 to None, run_after=None
[2025-02-02T13:08:47.884+0000] {logging_mixin.py:190} INFO - [2025-02-02T13:08:47.883+0000] {dag.py:4180} INFO - Setting next_dagrun for dataset_consumes_1_and_2 to None, run_after=None
[2025-02-02T13:08:47.915+0000] {logging_mixin.py:190} INFO - [2025-02-02T13:08:47.915+0000] {dag.py:4180} INFO - Setting next_dagrun for dataset_consumes_1_never_scheduled to None, run_after=None
[2025-02-02T13:08:47.931+0000] {logging_mixin.py:190} INFO - [2025-02-02T13:08:47.931+0000] {dag.py:4180} INFO - Setting next_dagrun for dataset_consumes_unknown_never_scheduled to None, run_after=None
[2025-02-02T13:08:48.008+0000] {logging_mixin.py:190} INFO - [2025-02-02T13:08:48.008+0000] {dag.py:4180} INFO - Setting next_dagrun for dataset_produces_1 to 2025-02-01 00:00:00+00:00, run_after=2025-02-02 00:00:00+00:00
[2025-02-02T13:08:48.051+0000] {logging_mixin.py:190} INFO - [2025-02-02T13:08:48.051+0000] {dag.py:4180} INFO - Setting next_dagrun for dataset_produces_2 to None, run_after=None
[2025-02-02T13:08:48.844+0000] {processor.py:208} INFO - Processing /home/airflow/.local/lib/python3.12/site-packages/airflow/example_dags/example_datasets.py took 12.788 seconds
