[2025-02-02T12:41:35.275+0000] {processor.py:186} INFO - Started process (PID=109) to work on /home/airflow/.local/lib/python3.12/site-packages/airflow/example_dags/example_params_ui_tutorial.py
[2025-02-02T12:41:35.323+0000] {processor.py:914} INFO - Processing file /home/airflow/.local/lib/python3.12/site-packages/airflow/example_dags/example_params_ui_tutorial.py for tasks to queue
[2025-02-02T12:41:35.352+0000] {logging_mixin.py:190} INFO - [2025-02-02T12:41:35.351+0000] {dagbag.py:588} INFO - Filling up the DagBag from /home/airflow/.local/lib/python3.12/site-packages/airflow/example_dags/example_params_ui_tutorial.py
[2025-02-02T12:41:35.529+0000] {processor.py:925} INFO - DAG(s) 'example_params_ui_tutorial' retrieved from /home/airflow/.local/lib/python3.12/site-packages/airflow/example_dags/example_params_ui_tutorial.py
[2025-02-02T12:41:38.396+0000] {logging_mixin.py:190} INFO - [2025-02-02T12:41:38.394+0000] {override.py:1911} INFO - Created Permission View: can edit on DAG:example_params_ui_tutorial
[2025-02-02T12:41:38.611+0000] {logging_mixin.py:190} INFO - [2025-02-02T12:41:38.610+0000] {override.py:1911} INFO - Created Permission View: can delete on DAG:example_params_ui_tutorial
[2025-02-02T12:41:38.806+0000] {logging_mixin.py:190} INFO - [2025-02-02T12:41:38.805+0000] {override.py:1911} INFO - Created Permission View: can read on DAG:example_params_ui_tutorial
[2025-02-02T12:41:39.777+0000] {logging_mixin.py:190} INFO - [2025-02-02T12:41:39.765+0000] {override.py:1911} INFO - Created Permission View: menu access on DAG Run:example_params_ui_tutorial
[2025-02-02T12:41:40.029+0000] {logging_mixin.py:190} INFO - [2025-02-02T12:41:40.028+0000] {override.py:1911} INFO - Created Permission View: can create on DAG Run:example_params_ui_tutorial
[2025-02-02T12:41:40.242+0000] {logging_mixin.py:190} INFO - [2025-02-02T12:41:40.242+0000] {override.py:1911} INFO - Created Permission View: can delete on DAG Run:example_params_ui_tutorial
[2025-02-02T12:41:40.501+0000] {logging_mixin.py:190} INFO - [2025-02-02T12:41:40.500+0000] {override.py:1911} INFO - Created Permission View: can read on DAG Run:example_params_ui_tutorial
[2025-02-02T12:41:40.532+0000] {logging_mixin.py:190} INFO - [2025-02-02T12:41:40.531+0000] {dag.py:3239} INFO - Sync 1 DAGs
[2025-02-02T12:41:41.584+0000] {logging_mixin.py:190} INFO - [2025-02-02T12:41:41.583+0000] {dag.py:3262} INFO - Creating ORM DAG for example_params_ui_tutorial
[2025-02-02T12:41:41.605+0000] {logging_mixin.py:190} INFO - [2025-02-02T12:41:41.605+0000] {dag.py:4180} INFO - Setting next_dagrun for example_params_ui_tutorial to None, run_after=None
[2025-02-02T12:41:41.962+0000] {processor.py:208} INFO - Processing /home/airflow/.local/lib/python3.12/site-packages/airflow/example_dags/example_params_ui_tutorial.py took 6.954 seconds
[2025-02-02T12:52:01.478+0000] {processor.py:186} INFO - Started process (PID=329) to work on /home/airflow/.local/lib/python3.12/site-packages/airflow/example_dags/example_params_ui_tutorial.py
[2025-02-02T12:52:01.541+0000] {processor.py:914} INFO - Processing file /home/airflow/.local/lib/python3.12/site-packages/airflow/example_dags/example_params_ui_tutorial.py for tasks to queue
[2025-02-02T12:52:01.618+0000] {logging_mixin.py:190} INFO - [2025-02-02T12:52:01.616+0000] {dagbag.py:588} INFO - Filling up the DagBag from /home/airflow/.local/lib/python3.12/site-packages/airflow/example_dags/example_params_ui_tutorial.py
[2025-02-02T12:52:02.446+0000] {processor.py:925} INFO - DAG(s) 'example_params_ui_tutorial' retrieved from /home/airflow/.local/lib/python3.12/site-packages/airflow/example_dags/example_params_ui_tutorial.py
[2025-02-02T12:52:04.796+0000] {logging_mixin.py:190} INFO - [2025-02-02T12:52:04.795+0000] {dag.py:3239} INFO - Sync 1 DAGs
[2025-02-02T12:52:05.724+0000] {logging_mixin.py:190} INFO - [2025-02-02T12:52:05.724+0000] {dag.py:4180} INFO - Setting next_dagrun for example_params_ui_tutorial to None, run_after=None
[2025-02-02T12:52:06.641+0000] {processor.py:208} INFO - Processing /home/airflow/.local/lib/python3.12/site-packages/airflow/example_dags/example_params_ui_tutorial.py took 5.410 seconds
[2025-02-02T12:54:30.677+0000] {processor.py:186} INFO - Started process (PID=642) to work on /home/airflow/.local/lib/python3.12/site-packages/airflow/example_dags/example_params_ui_tutorial.py
[2025-02-02T12:54:30.718+0000] {processor.py:914} INFO - Processing file /home/airflow/.local/lib/python3.12/site-packages/airflow/example_dags/example_params_ui_tutorial.py for tasks to queue
[2025-02-02T12:54:30.724+0000] {logging_mixin.py:190} INFO - [2025-02-02T12:54:30.723+0000] {dagbag.py:588} INFO - Filling up the DagBag from /home/airflow/.local/lib/python3.12/site-packages/airflow/example_dags/example_params_ui_tutorial.py
[2025-02-02T12:54:30.817+0000] {processor.py:925} INFO - DAG(s) 'example_params_ui_tutorial' retrieved from /home/airflow/.local/lib/python3.12/site-packages/airflow/example_dags/example_params_ui_tutorial.py
[2025-02-02T12:54:31.449+0000] {logging_mixin.py:190} INFO - [2025-02-02T12:54:31.448+0000] {dag.py:3239} INFO - Sync 1 DAGs
[2025-02-02T12:54:31.658+0000] {logging_mixin.py:190} INFO - [2025-02-02T12:54:31.655+0000] {dag.py:4180} INFO - Setting next_dagrun for example_params_ui_tutorial to None, run_after=None
[2025-02-02T12:54:31.814+0000] {processor.py:208} INFO - Processing /home/airflow/.local/lib/python3.12/site-packages/airflow/example_dags/example_params_ui_tutorial.py took 1.252 seconds
[2025-02-02T13:07:31.230+0000] {processor.py:186} INFO - Started process (PID=102) to work on /home/airflow/.local/lib/python3.12/site-packages/airflow/example_dags/example_params_ui_tutorial.py
[2025-02-02T13:07:31.275+0000] {processor.py:914} INFO - Processing file /home/airflow/.local/lib/python3.12/site-packages/airflow/example_dags/example_params_ui_tutorial.py for tasks to queue
[2025-02-02T13:07:31.289+0000] {logging_mixin.py:190} INFO - [2025-02-02T13:07:31.288+0000] {dagbag.py:588} INFO - Filling up the DagBag from /home/airflow/.local/lib/python3.12/site-packages/airflow/example_dags/example_params_ui_tutorial.py
[2025-02-02T13:07:31.346+0000] {processor.py:925} INFO - DAG(s) 'example_params_ui_tutorial' retrieved from /home/airflow/.local/lib/python3.12/site-packages/airflow/example_dags/example_params_ui_tutorial.py
[2025-02-02T13:07:31.491+0000] {logging_mixin.py:190} INFO - [2025-02-02T13:07:31.491+0000] {dag.py:3239} INFO - Sync 1 DAGs
[2025-02-02T13:07:31.531+0000] {logging_mixin.py:190} INFO - [2025-02-02T13:07:31.530+0000] {dag.py:4180} INFO - Setting next_dagrun for example_params_ui_tutorial to None, run_after=None
[2025-02-02T13:07:31.589+0000] {processor.py:208} INFO - Processing /home/airflow/.local/lib/python3.12/site-packages/airflow/example_dags/example_params_ui_tutorial.py took 0.373 seconds
[2025-02-02T13:08:19.279+0000] {processor.py:186} INFO - Started process (PID=166) to work on /home/airflow/.local/lib/python3.12/site-packages/airflow/example_dags/example_params_ui_tutorial.py
[2025-02-02T13:08:19.309+0000] {processor.py:914} INFO - Processing file /home/airflow/.local/lib/python3.12/site-packages/airflow/example_dags/example_params_ui_tutorial.py for tasks to queue
[2025-02-02T13:08:19.317+0000] {logging_mixin.py:190} INFO - [2025-02-02T13:08:19.316+0000] {dagbag.py:588} INFO - Filling up the DagBag from /home/airflow/.local/lib/python3.12/site-packages/airflow/example_dags/example_params_ui_tutorial.py
[2025-02-02T13:08:19.389+0000] {processor.py:925} INFO - DAG(s) 'example_params_ui_tutorial' retrieved from /home/airflow/.local/lib/python3.12/site-packages/airflow/example_dags/example_params_ui_tutorial.py
[2025-02-02T13:08:19.676+0000] {logging_mixin.py:190} INFO - [2025-02-02T13:08:19.675+0000] {dag.py:3239} INFO - Sync 1 DAGs
[2025-02-02T13:08:19.743+0000] {logging_mixin.py:190} INFO - [2025-02-02T13:08:19.743+0000] {dag.py:4180} INFO - Setting next_dagrun for example_params_ui_tutorial to None, run_after=None
[2025-02-02T13:08:19.971+0000] {processor.py:208} INFO - Processing /home/airflow/.local/lib/python3.12/site-packages/airflow/example_dags/example_params_ui_tutorial.py took 0.720 seconds
