[2025-02-02T12:41:13.584+0000] {processor.py:186} INFO - Started process (PID=90) to work on /home/airflow/.local/lib/python3.12/site-packages/airflow/example_dags/example_branch_python_dop_operator_3.py
[2025-02-02T12:41:13.618+0000] {processor.py:914} INFO - Processing file /home/airflow/.local/lib/python3.12/site-packages/airflow/example_dags/example_branch_python_dop_operator_3.py for tasks to queue
[2025-02-02T12:41:13.651+0000] {logging_mixin.py:190} INFO - [2025-02-02T12:41:13.650+0000] {dagbag.py:588} INFO - Filling up the DagBag from /home/airflow/.local/lib/python3.12/site-packages/airflow/example_dags/example_branch_python_dop_operator_3.py
[2025-02-02T12:41:13.769+0000] {processor.py:925} INFO - DAG(s) 'example_branch_dop_operator_v3' retrieved from /home/airflow/.local/lib/python3.12/site-packages/airflow/example_dags/example_branch_python_dop_operator_3.py
[2025-02-02T12:41:14.469+0000] {logging_mixin.py:190} INFO - [2025-02-02T12:41:14.468+0000] {override.py:1911} INFO - Created Permission View: can edit on DAG:example_branch_dop_operator_v3
[2025-02-02T12:41:14.614+0000] {logging_mixin.py:190} INFO - [2025-02-02T12:41:14.614+0000] {override.py:1911} INFO - Created Permission View: can delete on DAG:example_branch_dop_operator_v3
[2025-02-02T12:41:14.717+0000] {logging_mixin.py:190} INFO - [2025-02-02T12:41:14.716+0000] {override.py:1911} INFO - Created Permission View: can read on DAG:example_branch_dop_operator_v3
[2025-02-02T12:41:14.813+0000] {logging_mixin.py:190} INFO - [2025-02-02T12:41:14.812+0000] {override.py:1911} INFO - Created Permission View: menu access on DAG Run:example_branch_dop_operator_v3
[2025-02-02T12:41:14.857+0000] {logging_mixin.py:190} INFO - [2025-02-02T12:41:14.856+0000] {override.py:1911} INFO - Created Permission View: can create on DAG Run:example_branch_dop_operator_v3
[2025-02-02T12:41:14.884+0000] {logging_mixin.py:190} INFO - [2025-02-02T12:41:14.883+0000] {override.py:1911} INFO - Created Permission View: can delete on DAG Run:example_branch_dop_operator_v3
[2025-02-02T12:41:14.941+0000] {logging_mixin.py:190} INFO - [2025-02-02T12:41:14.940+0000] {override.py:1911} INFO - Created Permission View: can read on DAG Run:example_branch_dop_operator_v3
[2025-02-02T12:41:14.946+0000] {logging_mixin.py:190} INFO - [2025-02-02T12:41:14.945+0000] {dag.py:3239} INFO - Sync 1 DAGs
[2025-02-02T12:41:15.161+0000] {logging_mixin.py:190} INFO - [2025-02-02T12:41:15.160+0000] {dag.py:3262} INFO - Creating ORM DAG for example_branch_dop_operator_v3
[2025-02-02T12:41:15.308+0000] {logging_mixin.py:190} INFO - [2025-02-02T12:41:15.308+0000] {dag.py:4180} INFO - Setting next_dagrun for example_branch_dop_operator_v3 to 2025-02-02 12:40:00+00:00, run_after=2025-02-02 12:41:00+00:00
[2025-02-02T12:41:15.400+0000] {processor.py:208} INFO - Processing /home/airflow/.local/lib/python3.12/site-packages/airflow/example_dags/example_branch_python_dop_operator_3.py took 1.883 seconds
[2025-02-02T12:51:35.879+0000] {processor.py:186} INFO - Started process (PID=259) to work on /home/airflow/.local/lib/python3.12/site-packages/airflow/example_dags/example_branch_python_dop_operator_3.py
[2025-02-02T12:51:35.945+0000] {processor.py:914} INFO - Processing file /home/airflow/.local/lib/python3.12/site-packages/airflow/example_dags/example_branch_python_dop_operator_3.py for tasks to queue
[2025-02-02T12:51:35.956+0000] {logging_mixin.py:190} INFO - [2025-02-02T12:51:35.955+0000] {dagbag.py:588} INFO - Filling up the DagBag from /home/airflow/.local/lib/python3.12/site-packages/airflow/example_dags/example_branch_python_dop_operator_3.py
[2025-02-02T12:51:36.095+0000] {processor.py:925} INFO - DAG(s) 'example_branch_dop_operator_v3' retrieved from /home/airflow/.local/lib/python3.12/site-packages/airflow/example_dags/example_branch_python_dop_operator_3.py
[2025-02-02T12:51:36.818+0000] {logging_mixin.py:190} INFO - [2025-02-02T12:51:36.817+0000] {dag.py:3239} INFO - Sync 1 DAGs
[2025-02-02T12:51:37.290+0000] {logging_mixin.py:190} INFO - [2025-02-02T12:51:37.270+0000] {dag.py:4180} INFO - Setting next_dagrun for example_branch_dop_operator_v3 to 2025-02-02 12:50:00+00:00, run_after=2025-02-02 12:51:00+00:00
[2025-02-02T12:51:37.472+0000] {processor.py:208} INFO - Processing /home/airflow/.local/lib/python3.12/site-packages/airflow/example_dags/example_branch_python_dop_operator_3.py took 1.678 seconds
[2025-02-02T12:54:22.255+0000] {processor.py:186} INFO - Started process (PID=576) to work on /home/airflow/.local/lib/python3.12/site-packages/airflow/example_dags/example_branch_python_dop_operator_3.py
[2025-02-02T12:54:22.283+0000] {processor.py:914} INFO - Processing file /home/airflow/.local/lib/python3.12/site-packages/airflow/example_dags/example_branch_python_dop_operator_3.py for tasks to queue
[2025-02-02T12:54:22.287+0000] {logging_mixin.py:190} INFO - [2025-02-02T12:54:22.286+0000] {dagbag.py:588} INFO - Filling up the DagBag from /home/airflow/.local/lib/python3.12/site-packages/airflow/example_dags/example_branch_python_dop_operator_3.py
[2025-02-02T12:54:22.418+0000] {processor.py:925} INFO - DAG(s) 'example_branch_dop_operator_v3' retrieved from /home/airflow/.local/lib/python3.12/site-packages/airflow/example_dags/example_branch_python_dop_operator_3.py
[2025-02-02T12:54:22.654+0000] {logging_mixin.py:190} INFO - [2025-02-02T12:54:22.653+0000] {dag.py:3239} INFO - Sync 1 DAGs
[2025-02-02T12:54:22.843+0000] {logging_mixin.py:190} INFO - [2025-02-02T12:54:22.843+0000] {dag.py:4180} INFO - Setting next_dagrun for example_branch_dop_operator_v3 to 2025-02-02 12:53:00+00:00, run_after=2025-02-02 12:54:00+00:00
[2025-02-02T12:54:23.204+0000] {processor.py:208} INFO - Processing /home/airflow/.local/lib/python3.12/site-packages/airflow/example_dags/example_branch_python_dop_operator_3.py took 1.069 seconds
[2025-02-02T13:07:27.092+0000] {processor.py:186} INFO - Started process (PID=89) to work on /home/airflow/.local/lib/python3.12/site-packages/airflow/example_dags/example_branch_python_dop_operator_3.py
[2025-02-02T13:07:27.119+0000] {processor.py:914} INFO - Processing file /home/airflow/.local/lib/python3.12/site-packages/airflow/example_dags/example_branch_python_dop_operator_3.py for tasks to queue
[2025-02-02T13:07:27.138+0000] {logging_mixin.py:190} INFO - [2025-02-02T13:07:27.126+0000] {dagbag.py:588} INFO - Filling up the DagBag from /home/airflow/.local/lib/python3.12/site-packages/airflow/example_dags/example_branch_python_dop_operator_3.py
[2025-02-02T13:07:27.206+0000] {processor.py:925} INFO - DAG(s) 'example_branch_dop_operator_v3' retrieved from /home/airflow/.local/lib/python3.12/site-packages/airflow/example_dags/example_branch_python_dop_operator_3.py
[2025-02-02T13:07:27.468+0000] {logging_mixin.py:190} INFO - [2025-02-02T13:07:27.468+0000] {dag.py:3239} INFO - Sync 1 DAGs
[2025-02-02T13:07:27.585+0000] {logging_mixin.py:190} INFO - [2025-02-02T13:07:27.584+0000] {dag.py:4180} INFO - Setting next_dagrun for example_branch_dop_operator_v3 to 2025-02-02 13:06:00+00:00, run_after=2025-02-02 13:07:00+00:00
[2025-02-02T13:07:27.641+0000] {processor.py:208} INFO - Processing /home/airflow/.local/lib/python3.12/site-packages/airflow/example_dags/example_branch_python_dop_operator_3.py took 0.579 seconds
[2025-02-02T13:08:12.239+0000] {processor.py:186} INFO - Started process (PID=153) to work on /home/airflow/.local/lib/python3.12/site-packages/airflow/example_dags/example_branch_python_dop_operator_3.py
[2025-02-02T13:08:12.252+0000] {processor.py:914} INFO - Processing file /home/airflow/.local/lib/python3.12/site-packages/airflow/example_dags/example_branch_python_dop_operator_3.py for tasks to queue
[2025-02-02T13:08:12.260+0000] {logging_mixin.py:190} INFO - [2025-02-02T13:08:12.259+0000] {dagbag.py:588} INFO - Filling up the DagBag from /home/airflow/.local/lib/python3.12/site-packages/airflow/example_dags/example_branch_python_dop_operator_3.py
[2025-02-02T13:08:12.350+0000] {processor.py:925} INFO - DAG(s) 'example_branch_dop_operator_v3' retrieved from /home/airflow/.local/lib/python3.12/site-packages/airflow/example_dags/example_branch_python_dop_operator_3.py
[2025-02-02T13:08:12.556+0000] {logging_mixin.py:190} INFO - [2025-02-02T13:08:12.555+0000] {dag.py:3239} INFO - Sync 1 DAGs
[2025-02-02T13:08:12.745+0000] {logging_mixin.py:190} INFO - [2025-02-02T13:08:12.744+0000] {dag.py:4180} INFO - Setting next_dagrun for example_branch_dop_operator_v3 to 2025-02-02 13:07:00+00:00, run_after=2025-02-02 13:08:00+00:00
[2025-02-02T13:08:12.910+0000] {processor.py:208} INFO - Processing /home/airflow/.local/lib/python3.12/site-packages/airflow/example_dags/example_branch_python_dop_operator_3.py took 0.698 seconds
