[2025-02-02T12:42:44.471+0000] {processor.py:186} INFO - Started process (PID=138) to work on /home/airflow/.local/lib/python3.12/site-packages/airflow/example_dags/example_task_group.py
[2025-02-02T12:42:44.489+0000] {processor.py:914} INFO - Processing file /home/airflow/.local/lib/python3.12/site-packages/airflow/example_dags/example_task_group.py for tasks to queue
[2025-02-02T12:42:44.520+0000] {logging_mixin.py:190} INFO - [2025-02-02T12:42:44.519+0000] {dagbag.py:588} INFO - Filling up the DagBag from /home/airflow/.local/lib/python3.12/site-packages/airflow/example_dags/example_task_group.py
[2025-02-02T12:42:45.090+0000] {processor.py:925} INFO - DAG(s) 'example_task_group' retrieved from /home/airflow/.local/lib/python3.12/site-packages/airflow/example_dags/example_task_group.py
[2025-02-02T12:42:47.544+0000] {logging_mixin.py:190} INFO - [2025-02-02T12:42:47.535+0000] {override.py:1911} INFO - Created Permission View: can edit on DAG:example_task_group
[2025-02-02T12:42:47.665+0000] {logging_mixin.py:190} INFO - [2025-02-02T12:42:47.663+0000] {override.py:1911} INFO - Created Permission View: can delete on DAG:example_task_group
[2025-02-02T12:42:47.724+0000] {logging_mixin.py:190} INFO - [2025-02-02T12:42:47.723+0000] {override.py:1911} INFO - Created Permission View: can read on DAG:example_task_group
[2025-02-02T12:42:47.826+0000] {logging_mixin.py:190} INFO - [2025-02-02T12:42:47.824+0000] {override.py:1911} INFO - Created Permission View: menu access on DAG Run:example_task_group
[2025-02-02T12:42:47.892+0000] {logging_mixin.py:190} INFO - [2025-02-02T12:42:47.891+0000] {override.py:1911} INFO - Created Permission View: can create on DAG Run:example_task_group
[2025-02-02T12:42:48.061+0000] {logging_mixin.py:190} INFO - [2025-02-02T12:42:48.060+0000] {override.py:1911} INFO - Created Permission View: can delete on DAG Run:example_task_group
[2025-02-02T12:42:48.217+0000] {logging_mixin.py:190} INFO - [2025-02-02T12:42:48.215+0000] {override.py:1911} INFO - Created Permission View: can read on DAG Run:example_task_group
[2025-02-02T12:42:48.229+0000] {logging_mixin.py:190} INFO - [2025-02-02T12:42:48.228+0000] {dag.py:3239} INFO - Sync 1 DAGs
[2025-02-02T12:42:48.466+0000] {logging_mixin.py:190} INFO - [2025-02-02T12:42:48.466+0000] {dag.py:3262} INFO - Creating ORM DAG for example_task_group
[2025-02-02T12:42:48.481+0000] {logging_mixin.py:190} INFO - [2025-02-02T12:42:48.480+0000] {dag.py:4180} INFO - Setting next_dagrun for example_task_group to None, run_after=None
[2025-02-02T12:42:48.607+0000] {processor.py:208} INFO - Processing /home/airflow/.local/lib/python3.12/site-packages/airflow/example_dags/example_task_group.py took 4.816 seconds
[2025-02-02T12:53:18.424+0000] {processor.py:186} INFO - Started process (PID=424) to work on /home/airflow/.local/lib/python3.12/site-packages/airflow/example_dags/example_task_group.py
[2025-02-02T12:53:18.555+0000] {processor.py:914} INFO - Processing file /home/airflow/.local/lib/python3.12/site-packages/airflow/example_dags/example_task_group.py for tasks to queue
[2025-02-02T12:53:18.629+0000] {logging_mixin.py:190} INFO - [2025-02-02T12:53:18.628+0000] {dagbag.py:588} INFO - Filling up the DagBag from /home/airflow/.local/lib/python3.12/site-packages/airflow/example_dags/example_task_group.py
[2025-02-02T12:53:18.889+0000] {processor.py:925} INFO - DAG(s) 'example_task_group' retrieved from /home/airflow/.local/lib/python3.12/site-packages/airflow/example_dags/example_task_group.py
[2025-02-02T12:53:19.915+0000] {logging_mixin.py:190} INFO - [2025-02-02T12:53:19.914+0000] {dag.py:3239} INFO - Sync 1 DAGs
[2025-02-02T12:53:20.415+0000] {logging_mixin.py:190} INFO - [2025-02-02T12:53:20.415+0000] {dag.py:4180} INFO - Setting next_dagrun for example_task_group to None, run_after=None
[2025-02-02T12:53:21.089+0000] {processor.py:208} INFO - Processing /home/airflow/.local/lib/python3.12/site-packages/airflow/example_dags/example_task_group.py took 3.070 seconds
[2025-02-02T13:07:37.371+0000] {processor.py:186} INFO - Started process (PID=119) to work on /home/airflow/.local/lib/python3.12/site-packages/airflow/example_dags/example_task_group.py
[2025-02-02T13:07:37.393+0000] {processor.py:914} INFO - Processing file /home/airflow/.local/lib/python3.12/site-packages/airflow/example_dags/example_task_group.py for tasks to queue
[2025-02-02T13:07:37.398+0000] {logging_mixin.py:190} INFO - [2025-02-02T13:07:37.398+0000] {dagbag.py:588} INFO - Filling up the DagBag from /home/airflow/.local/lib/python3.12/site-packages/airflow/example_dags/example_task_group.py
[2025-02-02T13:07:37.427+0000] {processor.py:925} INFO - DAG(s) 'example_task_group' retrieved from /home/airflow/.local/lib/python3.12/site-packages/airflow/example_dags/example_task_group.py
[2025-02-02T13:07:37.494+0000] {logging_mixin.py:190} INFO - [2025-02-02T13:07:37.493+0000] {dag.py:3239} INFO - Sync 1 DAGs
[2025-02-02T13:07:37.544+0000] {logging_mixin.py:190} INFO - [2025-02-02T13:07:37.543+0000] {dag.py:4180} INFO - Setting next_dagrun for example_task_group to None, run_after=None
[2025-02-02T13:07:37.589+0000] {processor.py:208} INFO - Processing /home/airflow/.local/lib/python3.12/site-packages/airflow/example_dags/example_task_group.py took 0.231 seconds
[2025-02-02T13:08:31.055+0000] {processor.py:186} INFO - Started process (PID=188) to work on /home/airflow/.local/lib/python3.12/site-packages/airflow/example_dags/example_task_group.py
[2025-02-02T13:08:31.070+0000] {processor.py:914} INFO - Processing file /home/airflow/.local/lib/python3.12/site-packages/airflow/example_dags/example_task_group.py for tasks to queue
[2025-02-02T13:08:31.088+0000] {logging_mixin.py:190} INFO - [2025-02-02T13:08:31.087+0000] {dagbag.py:588} INFO - Filling up the DagBag from /home/airflow/.local/lib/python3.12/site-packages/airflow/example_dags/example_task_group.py
[2025-02-02T13:08:31.239+0000] {processor.py:925} INFO - DAG(s) 'example_task_group' retrieved from /home/airflow/.local/lib/python3.12/site-packages/airflow/example_dags/example_task_group.py
[2025-02-02T13:08:31.558+0000] {logging_mixin.py:190} INFO - [2025-02-02T13:08:31.558+0000] {dag.py:3239} INFO - Sync 1 DAGs
[2025-02-02T13:08:31.712+0000] {logging_mixin.py:190} INFO - [2025-02-02T13:08:31.711+0000] {dag.py:4180} INFO - Setting next_dagrun for example_task_group to None, run_after=None
[2025-02-02T13:08:31.859+0000] {processor.py:208} INFO - Processing /home/airflow/.local/lib/python3.12/site-packages/airflow/example_dags/example_task_group.py took 0.889 seconds
