[2025-02-02T12:42:41.468+0000] {processor.py:186} INFO - Started process (PID=137) to work on /home/airflow/.local/lib/python3.12/site-packages/airflow/example_dags/example_sensors.py
[2025-02-02T12:42:41.520+0000] {processor.py:914} INFO - Processing file /home/airflow/.local/lib/python3.12/site-packages/airflow/example_dags/example_sensors.py for tasks to queue
[2025-02-02T12:42:41.836+0000] {logging_mixin.py:190} INFO - [2025-02-02T12:42:41.835+0000] {dagbag.py:588} INFO - Filling up the DagBag from /home/airflow/.local/lib/python3.12/site-packages/airflow/example_dags/example_sensors.py
[2025-02-02T12:42:42.272+0000] {processor.py:925} INFO - DAG(s) 'example_sensors' retrieved from /home/airflow/.local/lib/python3.12/site-packages/airflow/example_dags/example_sensors.py
[2025-02-02T12:42:45.140+0000] {logging_mixin.py:190} INFO - [2025-02-02T12:42:45.126+0000] {override.py:1911} INFO - Created Permission View: can edit on DAG:example_sensors
[2025-02-02T12:42:45.619+0000] {logging_mixin.py:190} INFO - [2025-02-02T12:42:45.618+0000] {override.py:1911} INFO - Created Permission View: can delete on DAG:example_sensors
[2025-02-02T12:42:45.831+0000] {logging_mixin.py:190} INFO - [2025-02-02T12:42:45.830+0000] {override.py:1911} INFO - Created Permission View: can read on DAG:example_sensors
[2025-02-02T12:42:46.021+0000] {logging_mixin.py:190} INFO - [2025-02-02T12:42:46.020+0000] {override.py:1911} INFO - Created Permission View: menu access on DAG Run:example_sensors
[2025-02-02T12:42:46.180+0000] {logging_mixin.py:190} INFO - [2025-02-02T12:42:46.178+0000] {override.py:1911} INFO - Created Permission View: can create on DAG Run:example_sensors
[2025-02-02T12:42:46.355+0000] {logging_mixin.py:190} INFO - [2025-02-02T12:42:46.354+0000] {override.py:1911} INFO - Created Permission View: can delete on DAG Run:example_sensors
[2025-02-02T12:42:46.526+0000] {logging_mixin.py:190} INFO - [2025-02-02T12:42:46.525+0000] {override.py:1911} INFO - Created Permission View: can read on DAG Run:example_sensors
[2025-02-02T12:42:46.553+0000] {logging_mixin.py:190} INFO - [2025-02-02T12:42:46.552+0000] {dag.py:3239} INFO - Sync 1 DAGs
[2025-02-02T12:42:46.868+0000] {logging_mixin.py:190} INFO - [2025-02-02T12:42:46.854+0000] {dag.py:3262} INFO - Creating ORM DAG for example_sensors
[2025-02-02T12:42:46.879+0000] {logging_mixin.py:190} INFO - [2025-02-02T12:42:46.878+0000] {dag.py:4180} INFO - Setting next_dagrun for example_sensors to None, run_after=None
[2025-02-02T12:42:47.223+0000] {processor.py:208} INFO - Processing /home/airflow/.local/lib/python3.12/site-packages/airflow/example_dags/example_sensors.py took 6.036 seconds
[2025-02-02T12:53:15.507+0000] {processor.py:186} INFO - Started process (PID=421) to work on /home/airflow/.local/lib/python3.12/site-packages/airflow/example_dags/example_sensors.py
[2025-02-02T12:53:15.564+0000] {processor.py:914} INFO - Processing file /home/airflow/.local/lib/python3.12/site-packages/airflow/example_dags/example_sensors.py for tasks to queue
[2025-02-02T12:53:15.810+0000] {logging_mixin.py:190} INFO - [2025-02-02T12:53:15.675+0000] {dagbag.py:588} INFO - Filling up the DagBag from /home/airflow/.local/lib/python3.12/site-packages/airflow/example_dags/example_sensors.py
[2025-02-02T12:53:16.438+0000] {processor.py:925} INFO - DAG(s) 'example_sensors' retrieved from /home/airflow/.local/lib/python3.12/site-packages/airflow/example_dags/example_sensors.py
[2025-02-02T12:53:17.696+0000] {logging_mixin.py:190} INFO - [2025-02-02T12:53:17.695+0000] {dag.py:3239} INFO - Sync 1 DAGs
[2025-02-02T12:53:18.593+0000] {logging_mixin.py:190} INFO - [2025-02-02T12:53:18.593+0000] {dag.py:4180} INFO - Setting next_dagrun for example_sensors to None, run_after=None
[2025-02-02T12:53:19.237+0000] {processor.py:208} INFO - Processing /home/airflow/.local/lib/python3.12/site-packages/airflow/example_dags/example_sensors.py took 3.835 seconds
[2025-02-02T13:07:36.970+0000] {processor.py:186} INFO - Started process (PID=118) to work on /home/airflow/.local/lib/python3.12/site-packages/airflow/example_dags/example_sensors.py
[2025-02-02T13:07:36.981+0000] {processor.py:914} INFO - Processing file /home/airflow/.local/lib/python3.12/site-packages/airflow/example_dags/example_sensors.py for tasks to queue
[2025-02-02T13:07:36.987+0000] {logging_mixin.py:190} INFO - [2025-02-02T13:07:36.986+0000] {dagbag.py:588} INFO - Filling up the DagBag from /home/airflow/.local/lib/python3.12/site-packages/airflow/example_dags/example_sensors.py
[2025-02-02T13:07:37.019+0000] {processor.py:925} INFO - DAG(s) 'example_sensors' retrieved from /home/airflow/.local/lib/python3.12/site-packages/airflow/example_dags/example_sensors.py
[2025-02-02T13:07:37.087+0000] {logging_mixin.py:190} INFO - [2025-02-02T13:07:37.087+0000] {dag.py:3239} INFO - Sync 1 DAGs
[2025-02-02T13:07:37.127+0000] {logging_mixin.py:190} INFO - [2025-02-02T13:07:37.127+0000] {dag.py:4180} INFO - Setting next_dagrun for example_sensors to None, run_after=None
[2025-02-02T13:07:37.256+0000] {processor.py:208} INFO - Processing /home/airflow/.local/lib/python3.12/site-packages/airflow/example_dags/example_sensors.py took 0.311 seconds
[2025-02-02T13:08:30.953+0000] {processor.py:186} INFO - Started process (PID=187) to work on /home/airflow/.local/lib/python3.12/site-packages/airflow/example_dags/example_sensors.py
[2025-02-02T13:08:30.995+0000] {processor.py:914} INFO - Processing file /home/airflow/.local/lib/python3.12/site-packages/airflow/example_dags/example_sensors.py for tasks to queue
[2025-02-02T13:08:31.023+0000] {logging_mixin.py:190} INFO - [2025-02-02T13:08:31.022+0000] {dagbag.py:588} INFO - Filling up the DagBag from /home/airflow/.local/lib/python3.12/site-packages/airflow/example_dags/example_sensors.py
[2025-02-02T13:08:31.201+0000] {processor.py:925} INFO - DAG(s) 'example_sensors' retrieved from /home/airflow/.local/lib/python3.12/site-packages/airflow/example_dags/example_sensors.py
[2025-02-02T13:08:31.557+0000] {logging_mixin.py:190} INFO - [2025-02-02T13:08:31.555+0000] {dag.py:3239} INFO - Sync 1 DAGs
[2025-02-02T13:08:31.720+0000] {logging_mixin.py:190} INFO - [2025-02-02T13:08:31.719+0000] {dag.py:4180} INFO - Setting next_dagrun for example_sensors to None, run_after=None
[2025-02-02T13:08:32.037+0000] {processor.py:208} INFO - Processing /home/airflow/.local/lib/python3.12/site-packages/airflow/example_dags/example_sensors.py took 1.129 seconds
