[2025-02-02T12:53:47.355+0000] {processor.py:186} INFO - Started process (PID=490) to work on /home/airflow/.local/lib/python3.12/site-packages/airflow/example_dags/example_display_name.py
[2025-02-02T12:53:47.371+0000] {processor.py:914} INFO - Processing file /home/airflow/.local/lib/python3.12/site-packages/airflow/example_dags/example_display_name.py for tasks to queue
[2025-02-02T12:53:47.386+0000] {logging_mixin.py:190} INFO - [2025-02-02T12:53:47.386+0000] {dagbag.py:588} INFO - Filling up the DagBag from /home/airflow/.local/lib/python3.12/site-packages/airflow/example_dags/example_display_name.py
[2025-02-02T12:53:47.497+0000] {processor.py:925} INFO - DAG(s) 'example_display_name' retrieved from /home/airflow/.local/lib/python3.12/site-packages/airflow/example_dags/example_display_name.py
[2025-02-02T12:53:49.267+0000] {logging_mixin.py:190} INFO - [2025-02-02T12:53:49.221+0000] {override.py:1911} INFO - Created Permission View: can delete on DAG:example_display_name
[2025-02-02T12:53:49.526+0000] {logging_mixin.py:190} INFO - [2025-02-02T12:53:49.525+0000] {override.py:1911} INFO - Created Permission View: can edit on DAG:example_display_name
[2025-02-02T12:53:49.732+0000] {logging_mixin.py:190} INFO - [2025-02-02T12:53:49.731+0000] {override.py:1911} INFO - Created Permission View: can read on DAG:example_display_name
[2025-02-02T12:53:49.811+0000] {logging_mixin.py:190} INFO - [2025-02-02T12:53:49.810+0000] {override.py:1911} INFO - Created Permission View: can create on DAG Run:example_display_name
[2025-02-02T12:53:49.896+0000] {logging_mixin.py:190} INFO - [2025-02-02T12:53:49.896+0000] {override.py:1911} INFO - Created Permission View: menu access on DAG Run:example_display_name
[2025-02-02T12:53:49.983+0000] {logging_mixin.py:190} INFO - [2025-02-02T12:53:49.982+0000] {override.py:1911} INFO - Created Permission View: can delete on DAG Run:example_display_name
[2025-02-02T12:53:50.024+0000] {logging_mixin.py:190} INFO - [2025-02-02T12:53:50.023+0000] {override.py:1911} INFO - Created Permission View: can read on DAG Run:example_display_name
[2025-02-02T12:53:50.028+0000] {logging_mixin.py:190} INFO - [2025-02-02T12:53:50.026+0000] {dag.py:3239} INFO - Sync 1 DAGs
[2025-02-02T12:53:50.245+0000] {logging_mixin.py:190} INFO - [2025-02-02T12:53:50.244+0000] {dag.py:3262} INFO - Creating ORM DAG for example_display_name
[2025-02-02T12:53:50.272+0000] {logging_mixin.py:190} INFO - [2025-02-02T12:53:50.251+0000] {dag.py:4180} INFO - Setting next_dagrun for example_display_name to None, run_after=None
[2025-02-02T12:53:50.504+0000] {processor.py:208} INFO - Processing /home/airflow/.local/lib/python3.12/site-packages/airflow/example_dags/example_display_name.py took 3.235 seconds
[2025-02-02T13:07:43.307+0000] {processor.py:186} INFO - Started process (PID=131) to work on /home/airflow/.local/lib/python3.12/site-packages/airflow/example_dags/example_display_name.py
[2025-02-02T13:07:43.356+0000] {processor.py:914} INFO - Processing file /home/airflow/.local/lib/python3.12/site-packages/airflow/example_dags/example_display_name.py for tasks to queue
[2025-02-02T13:07:43.488+0000] {logging_mixin.py:190} INFO - [2025-02-02T13:07:43.403+0000] {dagbag.py:588} INFO - Filling up the DagBag from /home/airflow/.local/lib/python3.12/site-packages/airflow/example_dags/example_display_name.py
[2025-02-02T13:07:44.051+0000] {processor.py:925} INFO - DAG(s) 'example_display_name' retrieved from /home/airflow/.local/lib/python3.12/site-packages/airflow/example_dags/example_display_name.py
[2025-02-02T13:07:44.724+0000] {logging_mixin.py:190} INFO - [2025-02-02T13:07:44.699+0000] {dag.py:3239} INFO - Sync 1 DAGs
[2025-02-02T13:07:45.792+0000] {logging_mixin.py:190} INFO - [2025-02-02T13:07:45.792+0000] {dag.py:4180} INFO - Setting next_dagrun for example_display_name to None, run_after=None
[2025-02-02T13:07:46.329+0000] {processor.py:208} INFO - Processing /home/airflow/.local/lib/python3.12/site-packages/airflow/example_dags/example_display_name.py took 3.142 seconds
