[2025-02-02T12:42:49.027+0000] {processor.py:186} INFO - Started process (PID=140) to work on /home/airflow/.local/lib/python3.12/site-packages/airflow/example_dags/example_xcom.py
[2025-02-02T12:42:49.031+0000] {processor.py:914} INFO - Processing file /home/airflow/.local/lib/python3.12/site-packages/airflow/example_dags/example_xcom.py for tasks to queue
[2025-02-02T12:42:49.098+0000] {logging_mixin.py:190} INFO - [2025-02-02T12:42:49.096+0000] {dagbag.py:588} INFO - Filling up the DagBag from /home/airflow/.local/lib/python3.12/site-packages/airflow/example_dags/example_xcom.py
[2025-02-02T12:42:49.189+0000] {processor.py:925} INFO - DAG(s) 'example_xcom' retrieved from /home/airflow/.local/lib/python3.12/site-packages/airflow/example_dags/example_xcom.py
[2025-02-02T12:42:50.449+0000] {logging_mixin.py:190} INFO - [2025-02-02T12:42:50.448+0000] {override.py:1911} INFO - Created Permission View: can edit on DAG:example_xcom
[2025-02-02T12:42:50.551+0000] {logging_mixin.py:190} INFO - [2025-02-02T12:42:50.550+0000] {override.py:1911} INFO - Created Permission View: can delete on DAG:example_xcom
[2025-02-02T12:42:50.632+0000] {logging_mixin.py:190} INFO - [2025-02-02T12:42:50.632+0000] {override.py:1911} INFO - Created Permission View: can read on DAG:example_xcom
[2025-02-02T12:42:50.701+0000] {logging_mixin.py:190} INFO - [2025-02-02T12:42:50.701+0000] {override.py:1911} INFO - Created Permission View: menu access on DAG Run:example_xcom
[2025-02-02T12:42:50.790+0000] {logging_mixin.py:190} INFO - [2025-02-02T12:42:50.789+0000] {override.py:1911} INFO - Created Permission View: can create on DAG Run:example_xcom
[2025-02-02T12:42:50.854+0000] {logging_mixin.py:190} INFO - [2025-02-02T12:42:50.853+0000] {override.py:1911} INFO - Created Permission View: can delete on DAG Run:example_xcom
[2025-02-02T12:42:50.908+0000] {logging_mixin.py:190} INFO - [2025-02-02T12:42:50.907+0000] {override.py:1911} INFO - Created Permission View: can read on DAG Run:example_xcom
[2025-02-02T12:42:50.909+0000] {logging_mixin.py:190} INFO - [2025-02-02T12:42:50.909+0000] {dag.py:3239} INFO - Sync 1 DAGs
[2025-02-02T12:42:51.065+0000] {logging_mixin.py:190} INFO - [2025-02-02T12:42:51.064+0000] {dag.py:3262} INFO - Creating ORM DAG for example_xcom
[2025-02-02T12:42:51.138+0000] {logging_mixin.py:190} INFO - [2025-02-02T12:42:51.138+0000] {dag.py:4180} INFO - Setting next_dagrun for example_xcom to 2021-01-01 00:00:00+00:00, run_after=2021-01-01 00:00:00+00:00
[2025-02-02T12:42:51.343+0000] {processor.py:208} INFO - Processing /home/airflow/.local/lib/python3.12/site-packages/airflow/example_dags/example_xcom.py took 2.368 seconds
[2025-02-02T12:53:22.261+0000] {processor.py:186} INFO - Started process (PID=440) to work on /home/airflow/.local/lib/python3.12/site-packages/airflow/example_dags/example_xcom.py
[2025-02-02T12:53:22.300+0000] {processor.py:914} INFO - Processing file /home/airflow/.local/lib/python3.12/site-packages/airflow/example_dags/example_xcom.py for tasks to queue
[2025-02-02T12:53:22.342+0000] {logging_mixin.py:190} INFO - [2025-02-02T12:53:22.341+0000] {dagbag.py:588} INFO - Filling up the DagBag from /home/airflow/.local/lib/python3.12/site-packages/airflow/example_dags/example_xcom.py
[2025-02-02T12:53:22.460+0000] {processor.py:925} INFO - DAG(s) 'example_xcom' retrieved from /home/airflow/.local/lib/python3.12/site-packages/airflow/example_dags/example_xcom.py
[2025-02-02T12:53:22.668+0000] {logging_mixin.py:190} INFO - [2025-02-02T12:53:22.668+0000] {dag.py:3239} INFO - Sync 1 DAGs
[2025-02-02T12:53:23.062+0000] {logging_mixin.py:190} INFO - [2025-02-02T12:53:23.061+0000] {dag.py:4180} INFO - Setting next_dagrun for example_xcom to 2021-01-01 00:00:00+00:00, run_after=2021-01-01 00:00:00+00:00
[2025-02-02T12:53:23.272+0000] {processor.py:208} INFO - Processing /home/airflow/.local/lib/python3.12/site-packages/airflow/example_dags/example_xcom.py took 1.080 seconds
[2025-02-02T13:07:37.686+0000] {processor.py:186} INFO - Started process (PID=121) to work on /home/airflow/.local/lib/python3.12/site-packages/airflow/example_dags/example_xcom.py
[2025-02-02T13:07:37.693+0000] {processor.py:914} INFO - Processing file /home/airflow/.local/lib/python3.12/site-packages/airflow/example_dags/example_xcom.py for tasks to queue
[2025-02-02T13:07:37.699+0000] {logging_mixin.py:190} INFO - [2025-02-02T13:07:37.698+0000] {dagbag.py:588} INFO - Filling up the DagBag from /home/airflow/.local/lib/python3.12/site-packages/airflow/example_dags/example_xcom.py
[2025-02-02T13:07:37.728+0000] {processor.py:925} INFO - DAG(s) 'example_xcom' retrieved from /home/airflow/.local/lib/python3.12/site-packages/airflow/example_dags/example_xcom.py
[2025-02-02T13:07:37.809+0000] {logging_mixin.py:190} INFO - [2025-02-02T13:07:37.808+0000] {dag.py:3239} INFO - Sync 1 DAGs
[2025-02-02T13:07:37.887+0000] {logging_mixin.py:190} INFO - [2025-02-02T13:07:37.887+0000] {dag.py:4180} INFO - Setting next_dagrun for example_xcom to 2021-01-01 00:00:00+00:00, run_after=2021-01-01 00:00:00+00:00
[2025-02-02T13:07:37.985+0000] {processor.py:208} INFO - Processing /home/airflow/.local/lib/python3.12/site-packages/airflow/example_dags/example_xcom.py took 0.314 seconds
[2025-02-02T13:08:32.578+0000] {processor.py:186} INFO - Started process (PID=190) to work on /home/airflow/.local/lib/python3.12/site-packages/airflow/example_dags/example_xcom.py
[2025-02-02T13:08:32.675+0000] {processor.py:914} INFO - Processing file /home/airflow/.local/lib/python3.12/site-packages/airflow/example_dags/example_xcom.py for tasks to queue
[2025-02-02T13:08:32.694+0000] {logging_mixin.py:190} INFO - [2025-02-02T13:08:32.693+0000] {dagbag.py:588} INFO - Filling up the DagBag from /home/airflow/.local/lib/python3.12/site-packages/airflow/example_dags/example_xcom.py
[2025-02-02T13:08:32.850+0000] {processor.py:925} INFO - DAG(s) 'example_xcom' retrieved from /home/airflow/.local/lib/python3.12/site-packages/airflow/example_dags/example_xcom.py
[2025-02-02T13:08:33.199+0000] {logging_mixin.py:190} INFO - [2025-02-02T13:08:33.198+0000] {dag.py:3239} INFO - Sync 1 DAGs
[2025-02-02T13:08:33.426+0000] {logging_mixin.py:190} INFO - [2025-02-02T13:08:33.425+0000] {dag.py:4180} INFO - Setting next_dagrun for example_xcom to 2021-01-01 00:00:00+00:00, run_after=2021-01-01 00:00:00+00:00
[2025-02-02T13:08:34.222+0000] {processor.py:208} INFO - Processing /home/airflow/.local/lib/python3.12/site-packages/airflow/example_dags/example_xcom.py took 1.748 seconds
