[2025-02-02T12:41:11.860+0000] {processor.py:186} INFO - Started process (PID=88) to work on /home/airflow/.local/lib/python3.12/site-packages/airflow/example_dags/example_local_kubernetes_executor.py
[2025-02-02T12:41:11.862+0000] {processor.py:914} INFO - Processing file /home/airflow/.local/lib/python3.12/site-packages/airflow/example_dags/example_local_kubernetes_executor.py for tasks to queue
[2025-02-02T12:41:11.868+0000] {logging_mixin.py:190} INFO - [2025-02-02T12:41:11.867+0000] {dagbag.py:588} INFO - Filling up the DagBag from /home/airflow/.local/lib/python3.12/site-packages/airflow/example_dags/example_local_kubernetes_executor.py
[2025-02-02T12:41:11.915+0000] {processor.py:925} INFO - DAG(s) 'example_local_kubernetes_executor' retrieved from /home/airflow/.local/lib/python3.12/site-packages/airflow/example_dags/example_local_kubernetes_executor.py
[2025-02-02T12:41:12.578+0000] {logging_mixin.py:190} INFO - [2025-02-02T12:41:12.576+0000] {override.py:1911} INFO - Created Permission View: can edit on DAG:example_local_kubernetes_executor
[2025-02-02T12:41:12.646+0000] {logging_mixin.py:190} INFO - [2025-02-02T12:41:12.646+0000] {override.py:1911} INFO - Created Permission View: can delete on DAG:example_local_kubernetes_executor
[2025-02-02T12:41:12.700+0000] {logging_mixin.py:190} INFO - [2025-02-02T12:41:12.691+0000] {override.py:1911} INFO - Created Permission View: can read on DAG:example_local_kubernetes_executor
[2025-02-02T12:41:12.764+0000] {logging_mixin.py:190} INFO - [2025-02-02T12:41:12.763+0000] {override.py:1911} INFO - Created Permission View: menu access on DAG Run:example_local_kubernetes_executor
[2025-02-02T12:41:12.841+0000] {logging_mixin.py:190} INFO - [2025-02-02T12:41:12.838+0000] {override.py:1911} INFO - Created Permission View: can create on DAG Run:example_local_kubernetes_executor
[2025-02-02T12:41:12.881+0000] {logging_mixin.py:190} INFO - [2025-02-02T12:41:12.872+0000] {override.py:1911} INFO - Created Permission View: can delete on DAG Run:example_local_kubernetes_executor
[2025-02-02T12:41:12.919+0000] {logging_mixin.py:190} INFO - [2025-02-02T12:41:12.918+0000] {override.py:1911} INFO - Created Permission View: can read on DAG Run:example_local_kubernetes_executor
[2025-02-02T12:41:12.929+0000] {logging_mixin.py:190} INFO - [2025-02-02T12:41:12.928+0000] {dag.py:3239} INFO - Sync 1 DAGs
[2025-02-02T12:41:13.022+0000] {logging_mixin.py:190} INFO - [2025-02-02T12:41:13.021+0000] {dag.py:3262} INFO - Creating ORM DAG for example_local_kubernetes_executor
[2025-02-02T12:41:13.025+0000] {logging_mixin.py:190} INFO - [2025-02-02T12:41:13.023+0000] {dag.py:4180} INFO - Setting next_dagrun for example_local_kubernetes_executor to None, run_after=None
[2025-02-02T12:41:13.190+0000] {processor.py:208} INFO - Processing /home/airflow/.local/lib/python3.12/site-packages/airflow/example_dags/example_local_kubernetes_executor.py took 1.348 seconds
[2025-02-02T12:51:34.126+0000] {processor.py:186} INFO - Started process (PID=251) to work on /home/airflow/.local/lib/python3.12/site-packages/airflow/example_dags/example_local_kubernetes_executor.py
[2025-02-02T12:51:34.198+0000] {processor.py:914} INFO - Processing file /home/airflow/.local/lib/python3.12/site-packages/airflow/example_dags/example_local_kubernetes_executor.py for tasks to queue
[2025-02-02T12:51:34.351+0000] {logging_mixin.py:190} INFO - [2025-02-02T12:51:34.350+0000] {dagbag.py:588} INFO - Filling up the DagBag from /home/airflow/.local/lib/python3.12/site-packages/airflow/example_dags/example_local_kubernetes_executor.py
[2025-02-02T12:51:34.546+0000] {processor.py:925} INFO - DAG(s) 'example_local_kubernetes_executor' retrieved from /home/airflow/.local/lib/python3.12/site-packages/airflow/example_dags/example_local_kubernetes_executor.py
[2025-02-02T12:51:34.967+0000] {logging_mixin.py:190} INFO - [2025-02-02T12:51:34.960+0000] {dag.py:3239} INFO - Sync 1 DAGs
[2025-02-02T12:51:35.208+0000] {logging_mixin.py:190} INFO - [2025-02-02T12:51:35.208+0000] {dag.py:4180} INFO - Setting next_dagrun for example_local_kubernetes_executor to None, run_after=None
[2025-02-02T12:51:35.430+0000] {processor.py:208} INFO - Processing /home/airflow/.local/lib/python3.12/site-packages/airflow/example_dags/example_local_kubernetes_executor.py took 1.438 seconds
[2025-02-02T12:54:20.994+0000] {processor.py:186} INFO - Started process (PID=561) to work on /home/airflow/.local/lib/python3.12/site-packages/airflow/example_dags/example_local_kubernetes_executor.py
[2025-02-02T12:54:21.036+0000] {processor.py:914} INFO - Processing file /home/airflow/.local/lib/python3.12/site-packages/airflow/example_dags/example_local_kubernetes_executor.py for tasks to queue
[2025-02-02T12:54:21.039+0000] {logging_mixin.py:190} INFO - [2025-02-02T12:54:21.038+0000] {dagbag.py:588} INFO - Filling up the DagBag from /home/airflow/.local/lib/python3.12/site-packages/airflow/example_dags/example_local_kubernetes_executor.py
[2025-02-02T12:54:21.176+0000] {processor.py:925} INFO - DAG(s) 'example_local_kubernetes_executor' retrieved from /home/airflow/.local/lib/python3.12/site-packages/airflow/example_dags/example_local_kubernetes_executor.py
[2025-02-02T12:54:21.492+0000] {logging_mixin.py:190} INFO - [2025-02-02T12:54:21.492+0000] {dag.py:3239} INFO - Sync 1 DAGs
[2025-02-02T12:54:21.569+0000] {logging_mixin.py:190} INFO - [2025-02-02T12:54:21.568+0000] {dag.py:4180} INFO - Setting next_dagrun for example_local_kubernetes_executor to None, run_after=None
[2025-02-02T12:54:21.754+0000] {processor.py:208} INFO - Processing /home/airflow/.local/lib/python3.12/site-packages/airflow/example_dags/example_local_kubernetes_executor.py took 0.858 seconds
[2025-02-02T13:07:26.577+0000] {processor.py:186} INFO - Started process (PID=87) to work on /home/airflow/.local/lib/python3.12/site-packages/airflow/example_dags/example_local_kubernetes_executor.py
[2025-02-02T13:07:26.592+0000] {processor.py:914} INFO - Processing file /home/airflow/.local/lib/python3.12/site-packages/airflow/example_dags/example_local_kubernetes_executor.py for tasks to queue
[2025-02-02T13:07:26.600+0000] {logging_mixin.py:190} INFO - [2025-02-02T13:07:26.599+0000] {dagbag.py:588} INFO - Filling up the DagBag from /home/airflow/.local/lib/python3.12/site-packages/airflow/example_dags/example_local_kubernetes_executor.py
[2025-02-02T13:07:26.641+0000] {processor.py:925} INFO - DAG(s) 'example_local_kubernetes_executor' retrieved from /home/airflow/.local/lib/python3.12/site-packages/airflow/example_dags/example_local_kubernetes_executor.py
[2025-02-02T13:07:26.714+0000] {logging_mixin.py:190} INFO - [2025-02-02T13:07:26.714+0000] {dag.py:3239} INFO - Sync 1 DAGs
[2025-02-02T13:07:26.827+0000] {logging_mixin.py:190} INFO - [2025-02-02T13:07:26.827+0000] {dag.py:4180} INFO - Setting next_dagrun for example_local_kubernetes_executor to None, run_after=None
[2025-02-02T13:07:26.930+0000] {processor.py:208} INFO - Processing /home/airflow/.local/lib/python3.12/site-packages/airflow/example_dags/example_local_kubernetes_executor.py took 0.379 seconds
[2025-02-02T13:08:09.919+0000] {processor.py:186} INFO - Started process (PID=151) to work on /home/airflow/.local/lib/python3.12/site-packages/airflow/example_dags/example_local_kubernetes_executor.py
[2025-02-02T13:08:09.936+0000] {processor.py:914} INFO - Processing file /home/airflow/.local/lib/python3.12/site-packages/airflow/example_dags/example_local_kubernetes_executor.py for tasks to queue
[2025-02-02T13:08:09.967+0000] {logging_mixin.py:190} INFO - [2025-02-02T13:08:09.961+0000] {dagbag.py:588} INFO - Filling up the DagBag from /home/airflow/.local/lib/python3.12/site-packages/airflow/example_dags/example_local_kubernetes_executor.py
[2025-02-02T13:08:10.064+0000] {processor.py:925} INFO - DAG(s) 'example_local_kubernetes_executor' retrieved from /home/airflow/.local/lib/python3.12/site-packages/airflow/example_dags/example_local_kubernetes_executor.py
[2025-02-02T13:08:10.308+0000] {logging_mixin.py:190} INFO - [2025-02-02T13:08:10.308+0000] {dag.py:3239} INFO - Sync 1 DAGs
[2025-02-02T13:08:10.457+0000] {logging_mixin.py:190} INFO - [2025-02-02T13:08:10.456+0000] {dag.py:4180} INFO - Setting next_dagrun for example_local_kubernetes_executor to None, run_after=None
[2025-02-02T13:08:10.813+0000] {processor.py:208} INFO - Processing /home/airflow/.local/lib/python3.12/site-packages/airflow/example_dags/example_local_kubernetes_executor.py took 0.929 seconds
