[2025-02-02T12:42:51.621+0000] {processor.py:186} INFO - Started process (PID=142) to work on /home/airflow/.local/lib/python3.12/site-packages/airflow/example_dags/example_trigger_target_dag.py
[2025-02-02T12:42:51.634+0000] {processor.py:914} INFO - Processing file /home/airflow/.local/lib/python3.12/site-packages/airflow/example_dags/example_trigger_target_dag.py for tasks to queue
[2025-02-02T12:42:51.653+0000] {logging_mixin.py:190} INFO - [2025-02-02T12:42:51.652+0000] {dagbag.py:588} INFO - Filling up the DagBag from /home/airflow/.local/lib/python3.12/site-packages/airflow/example_dags/example_trigger_target_dag.py
[2025-02-02T12:42:51.751+0000] {processor.py:925} INFO - DAG(s) 'example_trigger_target_dag' retrieved from /home/airflow/.local/lib/python3.12/site-packages/airflow/example_dags/example_trigger_target_dag.py
[2025-02-02T12:42:53.005+0000] {logging_mixin.py:190} INFO - [2025-02-02T12:42:53.004+0000] {override.py:1911} INFO - Created Permission View: can edit on DAG:example_trigger_target_dag
[2025-02-02T12:42:53.133+0000] {logging_mixin.py:190} INFO - [2025-02-02T12:42:53.132+0000] {override.py:1911} INFO - Created Permission View: can delete on DAG:example_trigger_target_dag
[2025-02-02T12:42:53.177+0000] {logging_mixin.py:190} INFO - [2025-02-02T12:42:53.177+0000] {override.py:1911} INFO - Created Permission View: can read on DAG:example_trigger_target_dag
[2025-02-02T12:42:53.215+0000] {logging_mixin.py:190} INFO - [2025-02-02T12:42:53.214+0000] {override.py:1911} INFO - Created Permission View: menu access on DAG Run:example_trigger_target_dag
[2025-02-02T12:42:53.350+0000] {logging_mixin.py:190} INFO - [2025-02-02T12:42:53.350+0000] {override.py:1911} INFO - Created Permission View: can create on DAG Run:example_trigger_target_dag
[2025-02-02T12:42:53.454+0000] {logging_mixin.py:190} INFO - [2025-02-02T12:42:53.453+0000] {override.py:1911} INFO - Created Permission View: can delete on DAG Run:example_trigger_target_dag
[2025-02-02T12:42:53.536+0000] {logging_mixin.py:190} INFO - [2025-02-02T12:42:53.535+0000] {override.py:1911} INFO - Created Permission View: can read on DAG Run:example_trigger_target_dag
[2025-02-02T12:42:53.548+0000] {logging_mixin.py:190} INFO - [2025-02-02T12:42:53.548+0000] {dag.py:3239} INFO - Sync 1 DAGs
[2025-02-02T12:42:53.768+0000] {logging_mixin.py:190} INFO - [2025-02-02T12:42:53.763+0000] {dag.py:3262} INFO - Creating ORM DAG for example_trigger_target_dag
[2025-02-02T12:42:53.777+0000] {logging_mixin.py:190} INFO - [2025-02-02T12:42:53.776+0000] {dag.py:4180} INFO - Setting next_dagrun for example_trigger_target_dag to None, run_after=None
[2025-02-02T12:42:53.963+0000] {processor.py:208} INFO - Processing /home/airflow/.local/lib/python3.12/site-packages/airflow/example_dags/example_trigger_target_dag.py took 2.424 seconds
[2025-02-02T12:53:23.712+0000] {processor.py:186} INFO - Started process (PID=450) to work on /home/airflow/.local/lib/python3.12/site-packages/airflow/example_dags/example_trigger_target_dag.py
[2025-02-02T12:53:23.750+0000] {processor.py:914} INFO - Processing file /home/airflow/.local/lib/python3.12/site-packages/airflow/example_dags/example_trigger_target_dag.py for tasks to queue
[2025-02-02T12:53:23.760+0000] {logging_mixin.py:190} INFO - [2025-02-02T12:53:23.759+0000] {dagbag.py:588} INFO - Filling up the DagBag from /home/airflow/.local/lib/python3.12/site-packages/airflow/example_dags/example_trigger_target_dag.py
[2025-02-02T12:53:23.850+0000] {processor.py:925} INFO - DAG(s) 'example_trigger_target_dag' retrieved from /home/airflow/.local/lib/python3.12/site-packages/airflow/example_dags/example_trigger_target_dag.py
[2025-02-02T12:53:24.065+0000] {logging_mixin.py:190} INFO - [2025-02-02T12:53:24.058+0000] {dag.py:3239} INFO - Sync 1 DAGs
[2025-02-02T12:53:24.317+0000] {logging_mixin.py:190} INFO - [2025-02-02T12:53:24.317+0000] {dag.py:4180} INFO - Setting next_dagrun for example_trigger_target_dag to None, run_after=None
[2025-02-02T12:53:24.809+0000] {processor.py:208} INFO - Processing /home/airflow/.local/lib/python3.12/site-packages/airflow/example_dags/example_trigger_target_dag.py took 1.176 seconds
[2025-02-02T13:07:38.194+0000] {processor.py:186} INFO - Started process (PID=123) to work on /home/airflow/.local/lib/python3.12/site-packages/airflow/example_dags/example_trigger_target_dag.py
[2025-02-02T13:07:38.229+0000] {processor.py:914} INFO - Processing file /home/airflow/.local/lib/python3.12/site-packages/airflow/example_dags/example_trigger_target_dag.py for tasks to queue
[2025-02-02T13:07:38.235+0000] {logging_mixin.py:190} INFO - [2025-02-02T13:07:38.234+0000] {dagbag.py:588} INFO - Filling up the DagBag from /home/airflow/.local/lib/python3.12/site-packages/airflow/example_dags/example_trigger_target_dag.py
[2025-02-02T13:07:38.262+0000] {processor.py:925} INFO - DAG(s) 'example_trigger_target_dag' retrieved from /home/airflow/.local/lib/python3.12/site-packages/airflow/example_dags/example_trigger_target_dag.py
[2025-02-02T13:07:38.330+0000] {logging_mixin.py:190} INFO - [2025-02-02T13:07:38.329+0000] {dag.py:3239} INFO - Sync 1 DAGs
[2025-02-02T13:07:38.379+0000] {logging_mixin.py:190} INFO - [2025-02-02T13:07:38.378+0000] {dag.py:4180} INFO - Setting next_dagrun for example_trigger_target_dag to None, run_after=None
[2025-02-02T13:07:38.457+0000] {processor.py:208} INFO - Processing /home/airflow/.local/lib/python3.12/site-packages/airflow/example_dags/example_trigger_target_dag.py took 0.324 seconds
[2025-02-02T13:08:36.185+0000] {processor.py:186} INFO - Started process (PID=192) to work on /home/airflow/.local/lib/python3.12/site-packages/airflow/example_dags/example_trigger_target_dag.py
[2025-02-02T13:08:36.310+0000] {processor.py:914} INFO - Processing file /home/airflow/.local/lib/python3.12/site-packages/airflow/example_dags/example_trigger_target_dag.py for tasks to queue
[2025-02-02T13:08:36.385+0000] {logging_mixin.py:190} INFO - [2025-02-02T13:08:36.384+0000] {dagbag.py:588} INFO - Filling up the DagBag from /home/airflow/.local/lib/python3.12/site-packages/airflow/example_dags/example_trigger_target_dag.py
[2025-02-02T13:08:36.560+0000] {processor.py:925} INFO - DAG(s) 'example_trigger_target_dag' retrieved from /home/airflow/.local/lib/python3.12/site-packages/airflow/example_dags/example_trigger_target_dag.py
[2025-02-02T13:08:36.949+0000] {logging_mixin.py:190} INFO - [2025-02-02T13:08:36.936+0000] {dag.py:3239} INFO - Sync 1 DAGs
[2025-02-02T13:08:37.158+0000] {logging_mixin.py:190} INFO - [2025-02-02T13:08:37.158+0000] {dag.py:4180} INFO - Setting next_dagrun for example_trigger_target_dag to None, run_after=None
[2025-02-02T13:08:37.498+0000] {processor.py:208} INFO - Processing /home/airflow/.local/lib/python3.12/site-packages/airflow/example_dags/example_trigger_target_dag.py took 1.415 seconds
