[2025-02-02T12:42:55.029+0000] {processor.py:186} INFO - Started process (PID=143) to work on /home/airflow/.local/lib/python3.12/site-packages/airflow/example_dags/example_bash_decorator.py
[2025-02-02T12:42:55.048+0000] {processor.py:914} INFO - Processing file /home/airflow/.local/lib/python3.12/site-packages/airflow/example_dags/example_bash_decorator.py for tasks to queue
[2025-02-02T12:42:55.071+0000] {logging_mixin.py:190} INFO - [2025-02-02T12:42:55.070+0000] {dagbag.py:588} INFO - Filling up the DagBag from /home/airflow/.local/lib/python3.12/site-packages/airflow/example_dags/example_bash_decorator.py
[2025-02-02T12:42:55.315+0000] {processor.py:925} INFO - DAG(s) 'example_bash_decorator' retrieved from /home/airflow/.local/lib/python3.12/site-packages/airflow/example_dags/example_bash_decorator.py
[2025-02-02T12:42:56.122+0000] {logging_mixin.py:190} INFO - [2025-02-02T12:42:56.120+0000] {override.py:1911} INFO - Created Permission View: can edit on DAG:example_bash_decorator
[2025-02-02T12:42:56.149+0000] {logging_mixin.py:190} INFO - [2025-02-02T12:42:56.146+0000] {override.py:1911} INFO - Created Permission View: can delete on DAG:example_bash_decorator
[2025-02-02T12:42:56.194+0000] {logging_mixin.py:190} INFO - [2025-02-02T12:42:56.193+0000] {override.py:1911} INFO - Created Permission View: can read on DAG:example_bash_decorator
[2025-02-02T12:42:56.247+0000] {logging_mixin.py:190} INFO - [2025-02-02T12:42:56.233+0000] {override.py:1911} INFO - Created Permission View: menu access on DAG Run:example_bash_decorator
[2025-02-02T12:42:56.316+0000] {logging_mixin.py:190} INFO - [2025-02-02T12:42:56.316+0000] {override.py:1911} INFO - Created Permission View: can create on DAG Run:example_bash_decorator
[2025-02-02T12:42:56.381+0000] {logging_mixin.py:190} INFO - [2025-02-02T12:42:56.380+0000] {override.py:1911} INFO - Created Permission View: can delete on DAG Run:example_bash_decorator
[2025-02-02T12:42:56.485+0000] {logging_mixin.py:190} INFO - [2025-02-02T12:42:56.484+0000] {override.py:1911} INFO - Created Permission View: can read on DAG Run:example_bash_decorator
[2025-02-02T12:42:56.521+0000] {logging_mixin.py:190} INFO - [2025-02-02T12:42:56.499+0000] {dag.py:3239} INFO - Sync 1 DAGs
[2025-02-02T12:42:56.790+0000] {logging_mixin.py:190} INFO - [2025-02-02T12:42:56.789+0000] {dag.py:3262} INFO - Creating ORM DAG for example_bash_decorator
[2025-02-02T12:42:56.796+0000] {logging_mixin.py:190} INFO - [2025-02-02T12:42:56.793+0000] {dag.py:4180} INFO - Setting next_dagrun for example_bash_decorator to None, run_after=None
[2025-02-02T12:42:57.356+0000] {processor.py:208} INFO - Processing /home/airflow/.local/lib/python3.12/site-packages/airflow/example_dags/example_bash_decorator.py took 2.361 seconds
[2025-02-02T12:53:25.999+0000] {processor.py:186} INFO - Started process (PID=455) to work on /home/airflow/.local/lib/python3.12/site-packages/airflow/example_dags/example_bash_decorator.py
[2025-02-02T12:53:26.066+0000] {processor.py:914} INFO - Processing file /home/airflow/.local/lib/python3.12/site-packages/airflow/example_dags/example_bash_decorator.py for tasks to queue
[2025-02-02T12:53:26.087+0000] {logging_mixin.py:190} INFO - [2025-02-02T12:53:26.086+0000] {dagbag.py:588} INFO - Filling up the DagBag from /home/airflow/.local/lib/python3.12/site-packages/airflow/example_dags/example_bash_decorator.py
[2025-02-02T12:53:26.525+0000] {processor.py:925} INFO - DAG(s) 'example_bash_decorator' retrieved from /home/airflow/.local/lib/python3.12/site-packages/airflow/example_dags/example_bash_decorator.py
[2025-02-02T12:53:32.098+0000] {logging_mixin.py:190} INFO - [2025-02-02T12:53:32.097+0000] {dag.py:3239} INFO - Sync 1 DAGs
[2025-02-02T12:53:32.229+0000] {logging_mixin.py:190} INFO - [2025-02-02T12:53:32.229+0000] {dag.py:4180} INFO - Setting next_dagrun for example_bash_decorator to None, run_after=None
[2025-02-02T12:53:32.400+0000] {processor.py:208} INFO - Processing /home/airflow/.local/lib/python3.12/site-packages/airflow/example_dags/example_bash_decorator.py took 6.518 seconds
[2025-02-02T13:07:38.533+0000] {processor.py:186} INFO - Started process (PID=124) to work on /home/airflow/.local/lib/python3.12/site-packages/airflow/example_dags/example_bash_decorator.py
[2025-02-02T13:07:38.542+0000] {processor.py:914} INFO - Processing file /home/airflow/.local/lib/python3.12/site-packages/airflow/example_dags/example_bash_decorator.py for tasks to queue
[2025-02-02T13:07:38.547+0000] {logging_mixin.py:190} INFO - [2025-02-02T13:07:38.546+0000] {dagbag.py:588} INFO - Filling up the DagBag from /home/airflow/.local/lib/python3.12/site-packages/airflow/example_dags/example_bash_decorator.py
[2025-02-02T13:07:38.666+0000] {processor.py:925} INFO - DAG(s) 'example_bash_decorator' retrieved from /home/airflow/.local/lib/python3.12/site-packages/airflow/example_dags/example_bash_decorator.py
[2025-02-02T13:07:39.410+0000] {logging_mixin.py:190} INFO - [2025-02-02T13:07:39.410+0000] {dag.py:3239} INFO - Sync 1 DAGs
[2025-02-02T13:07:39.451+0000] {logging_mixin.py:190} INFO - [2025-02-02T13:07:39.451+0000] {dag.py:4180} INFO - Setting next_dagrun for example_bash_decorator to None, run_after=None
[2025-02-02T13:07:39.505+0000] {processor.py:208} INFO - Processing /home/airflow/.local/lib/python3.12/site-packages/airflow/example_dags/example_bash_decorator.py took 0.992 seconds
[2025-02-02T13:08:37.796+0000] {processor.py:186} INFO - Started process (PID=193) to work on /home/airflow/.local/lib/python3.12/site-packages/airflow/example_dags/example_bash_decorator.py
[2025-02-02T13:08:37.810+0000] {processor.py:914} INFO - Processing file /home/airflow/.local/lib/python3.12/site-packages/airflow/example_dags/example_bash_decorator.py for tasks to queue
[2025-02-02T13:08:37.828+0000] {logging_mixin.py:190} INFO - [2025-02-02T13:08:37.827+0000] {dagbag.py:588} INFO - Filling up the DagBag from /home/airflow/.local/lib/python3.12/site-packages/airflow/example_dags/example_bash_decorator.py
[2025-02-02T13:08:38.568+0000] {processor.py:925} INFO - DAG(s) 'example_bash_decorator' retrieved from /home/airflow/.local/lib/python3.12/site-packages/airflow/example_dags/example_bash_decorator.py
[2025-02-02T13:08:38.971+0000] {logging_mixin.py:190} INFO - [2025-02-02T13:08:38.969+0000] {dag.py:3239} INFO - Sync 1 DAGs
[2025-02-02T13:08:39.130+0000] {logging_mixin.py:190} INFO - [2025-02-02T13:08:39.129+0000] {dag.py:4180} INFO - Setting next_dagrun for example_bash_decorator to None, run_after=None
[2025-02-02T13:08:39.358+0000] {processor.py:208} INFO - Processing /home/airflow/.local/lib/python3.12/site-packages/airflow/example_dags/example_bash_decorator.py took 1.612 seconds
