[2025-02-02T12:42:47.741+0000] {processor.py:186} INFO - Started process (PID=139) to work on /home/airflow/.local/lib/python3.12/site-packages/airflow/example_dags/example_dynamic_task_mapping.py
[2025-02-02T12:42:47.762+0000] {processor.py:914} INFO - Processing file /home/airflow/.local/lib/python3.12/site-packages/airflow/example_dags/example_dynamic_task_mapping.py for tasks to queue
[2025-02-02T12:42:47.789+0000] {logging_mixin.py:190} INFO - [2025-02-02T12:42:47.787+0000] {dagbag.py:588} INFO - Filling up the DagBag from /home/airflow/.local/lib/python3.12/site-packages/airflow/example_dags/example_dynamic_task_mapping.py
[2025-02-02T12:42:47.909+0000] {processor.py:925} INFO - DAG(s) 'example_dynamic_task_mapping' retrieved from /home/airflow/.local/lib/python3.12/site-packages/airflow/example_dags/example_dynamic_task_mapping.py
[2025-02-02T12:42:49.222+0000] {logging_mixin.py:190} INFO - [2025-02-02T12:42:49.211+0000] {override.py:1911} INFO - Created Permission View: can edit on DAG:example_dynamic_task_mapping
[2025-02-02T12:42:49.293+0000] {logging_mixin.py:190} INFO - [2025-02-02T12:42:49.293+0000] {override.py:1911} INFO - Created Permission View: can delete on DAG:example_dynamic_task_mapping
[2025-02-02T12:42:49.400+0000] {logging_mixin.py:190} INFO - [2025-02-02T12:42:49.399+0000] {override.py:1911} INFO - Created Permission View: can read on DAG:example_dynamic_task_mapping
[2025-02-02T12:42:49.539+0000] {logging_mixin.py:190} INFO - [2025-02-02T12:42:49.538+0000] {override.py:1911} INFO - Created Permission View: menu access on DAG Run:example_dynamic_task_mapping
[2025-02-02T12:42:49.738+0000] {logging_mixin.py:190} INFO - [2025-02-02T12:42:49.738+0000] {override.py:1911} INFO - Created Permission View: can create on DAG Run:example_dynamic_task_mapping
[2025-02-02T12:42:49.911+0000] {logging_mixin.py:190} INFO - [2025-02-02T12:42:49.900+0000] {override.py:1911} INFO - Created Permission View: can delete on DAG Run:example_dynamic_task_mapping
[2025-02-02T12:42:50.029+0000] {logging_mixin.py:190} INFO - [2025-02-02T12:42:50.028+0000] {override.py:1911} INFO - Created Permission View: can read on DAG Run:example_dynamic_task_mapping
[2025-02-02T12:42:50.040+0000] {logging_mixin.py:190} INFO - [2025-02-02T12:42:50.039+0000] {dag.py:3239} INFO - Sync 1 DAGs
[2025-02-02T12:42:50.302+0000] {logging_mixin.py:190} INFO - [2025-02-02T12:42:50.302+0000] {dag.py:3262} INFO - Creating ORM DAG for example_dynamic_task_mapping
[2025-02-02T12:42:50.333+0000] {logging_mixin.py:190} INFO - [2025-02-02T12:42:50.332+0000] {dag.py:4180} INFO - Setting next_dagrun for example_dynamic_task_mapping to None, run_after=None
[2025-02-02T12:42:50.527+0000] {processor.py:208} INFO - Processing /home/airflow/.local/lib/python3.12/site-packages/airflow/example_dags/example_dynamic_task_mapping.py took 2.829 seconds
[2025-02-02T12:53:20.310+0000] {processor.py:186} INFO - Started process (PID=429) to work on /home/airflow/.local/lib/python3.12/site-packages/airflow/example_dags/example_dynamic_task_mapping.py
[2025-02-02T12:53:20.369+0000] {processor.py:914} INFO - Processing file /home/airflow/.local/lib/python3.12/site-packages/airflow/example_dags/example_dynamic_task_mapping.py for tasks to queue
[2025-02-02T12:53:20.627+0000] {logging_mixin.py:190} INFO - [2025-02-02T12:53:20.626+0000] {dagbag.py:588} INFO - Filling up the DagBag from /home/airflow/.local/lib/python3.12/site-packages/airflow/example_dags/example_dynamic_task_mapping.py
[2025-02-02T12:53:21.032+0000] {processor.py:925} INFO - DAG(s) 'example_dynamic_task_mapping' retrieved from /home/airflow/.local/lib/python3.12/site-packages/airflow/example_dags/example_dynamic_task_mapping.py
[2025-02-02T12:53:21.634+0000] {logging_mixin.py:190} INFO - [2025-02-02T12:53:21.634+0000] {dag.py:3239} INFO - Sync 1 DAGs
[2025-02-02T12:53:22.108+0000] {logging_mixin.py:190} INFO - [2025-02-02T12:53:22.107+0000] {dag.py:4180} INFO - Setting next_dagrun for example_dynamic_task_mapping to None, run_after=None
[2025-02-02T12:53:22.428+0000] {processor.py:208} INFO - Processing /home/airflow/.local/lib/python3.12/site-packages/airflow/example_dags/example_dynamic_task_mapping.py took 2.237 seconds
[2025-02-02T13:07:37.550+0000] {processor.py:186} INFO - Started process (PID=120) to work on /home/airflow/.local/lib/python3.12/site-packages/airflow/example_dags/example_dynamic_task_mapping.py
[2025-02-02T13:07:37.560+0000] {processor.py:914} INFO - Processing file /home/airflow/.local/lib/python3.12/site-packages/airflow/example_dags/example_dynamic_task_mapping.py for tasks to queue
[2025-02-02T13:07:37.565+0000] {logging_mixin.py:190} INFO - [2025-02-02T13:07:37.564+0000] {dagbag.py:588} INFO - Filling up the DagBag from /home/airflow/.local/lib/python3.12/site-packages/airflow/example_dags/example_dynamic_task_mapping.py
[2025-02-02T13:07:37.588+0000] {processor.py:925} INFO - DAG(s) 'example_dynamic_task_mapping' retrieved from /home/airflow/.local/lib/python3.12/site-packages/airflow/example_dags/example_dynamic_task_mapping.py
[2025-02-02T13:07:37.646+0000] {logging_mixin.py:190} INFO - [2025-02-02T13:07:37.645+0000] {dag.py:3239} INFO - Sync 1 DAGs
[2025-02-02T13:07:37.688+0000] {logging_mixin.py:190} INFO - [2025-02-02T13:07:37.688+0000] {dag.py:4180} INFO - Setting next_dagrun for example_dynamic_task_mapping to None, run_after=None
[2025-02-02T13:07:37.734+0000] {processor.py:208} INFO - Processing /home/airflow/.local/lib/python3.12/site-packages/airflow/example_dags/example_dynamic_task_mapping.py took 0.203 seconds
[2025-02-02T13:08:32.257+0000] {processor.py:186} INFO - Started process (PID=189) to work on /home/airflow/.local/lib/python3.12/site-packages/airflow/example_dags/example_dynamic_task_mapping.py
[2025-02-02T13:08:32.273+0000] {processor.py:914} INFO - Processing file /home/airflow/.local/lib/python3.12/site-packages/airflow/example_dags/example_dynamic_task_mapping.py for tasks to queue
[2025-02-02T13:08:32.290+0000] {logging_mixin.py:190} INFO - [2025-02-02T13:08:32.289+0000] {dagbag.py:588} INFO - Filling up the DagBag from /home/airflow/.local/lib/python3.12/site-packages/airflow/example_dags/example_dynamic_task_mapping.py
[2025-02-02T13:08:32.390+0000] {processor.py:925} INFO - DAG(s) 'example_dynamic_task_mapping' retrieved from /home/airflow/.local/lib/python3.12/site-packages/airflow/example_dags/example_dynamic_task_mapping.py
[2025-02-02T13:08:32.531+0000] {logging_mixin.py:190} INFO - [2025-02-02T13:08:32.531+0000] {dag.py:3239} INFO - Sync 1 DAGs
[2025-02-02T13:08:32.743+0000] {logging_mixin.py:190} INFO - [2025-02-02T13:08:32.743+0000] {dag.py:4180} INFO - Setting next_dagrun for example_dynamic_task_mapping to None, run_after=None
[2025-02-02T13:08:33.008+0000] {processor.py:208} INFO - Processing /home/airflow/.local/lib/python3.12/site-packages/airflow/example_dags/example_dynamic_task_mapping.py took 0.875 seconds
