[2025-02-02T12:41:47.202+0000] {processor.py:186} INFO - Started process (PID=112) to work on /home/airflow/.local/lib/python3.12/site-packages/airflow/example_dags/example_external_task_marker_dag.py
[2025-02-02T12:41:47.263+0000] {processor.py:914} INFO - Processing file /home/airflow/.local/lib/python3.12/site-packages/airflow/example_dags/example_external_task_marker_dag.py for tasks to queue
[2025-02-02T12:41:47.414+0000] {logging_mixin.py:190} INFO - [2025-02-02T12:41:47.413+0000] {dagbag.py:588} INFO - Filling up the DagBag from /home/airflow/.local/lib/python3.12/site-packages/airflow/example_dags/example_external_task_marker_dag.py
[2025-02-02T12:41:47.608+0000] {processor.py:925} INFO - DAG(s) 'example_external_task_marker_child', 'example_external_task_marker_parent' retrieved from /home/airflow/.local/lib/python3.12/site-packages/airflow/example_dags/example_external_task_marker_dag.py
[2025-02-02T12:41:50.194+0000] {logging_mixin.py:190} INFO - [2025-02-02T12:41:50.192+0000] {override.py:1911} INFO - Created Permission View: can edit on DAG:example_external_task_marker_child
[2025-02-02T12:41:50.543+0000] {logging_mixin.py:190} INFO - [2025-02-02T12:41:50.513+0000] {override.py:1911} INFO - Created Permission View: can delete on DAG:example_external_task_marker_child
[2025-02-02T12:41:50.698+0000] {logging_mixin.py:190} INFO - [2025-02-02T12:41:50.666+0000] {override.py:1911} INFO - Created Permission View: can read on DAG:example_external_task_marker_child
[2025-02-02T12:41:50.844+0000] {logging_mixin.py:190} INFO - [2025-02-02T12:41:50.843+0000] {override.py:1911} INFO - Created Permission View: menu access on DAG Run:example_external_task_marker_child
[2025-02-02T12:41:50.978+0000] {logging_mixin.py:190} INFO - [2025-02-02T12:41:50.978+0000] {override.py:1911} INFO - Created Permission View: can create on DAG Run:example_external_task_marker_child
[2025-02-02T12:41:51.117+0000] {logging_mixin.py:190} INFO - [2025-02-02T12:41:51.116+0000] {override.py:1911} INFO - Created Permission View: can delete on DAG Run:example_external_task_marker_child
[2025-02-02T12:41:51.473+0000] {logging_mixin.py:190} INFO - [2025-02-02T12:41:51.472+0000] {override.py:1911} INFO - Created Permission View: can read on DAG Run:example_external_task_marker_child
[2025-02-02T12:41:51.853+0000] {logging_mixin.py:190} INFO - [2025-02-02T12:41:51.852+0000] {override.py:1911} INFO - Created Permission View: can edit on DAG:example_external_task_marker_parent
[2025-02-02T12:41:52.032+0000] {logging_mixin.py:190} INFO - [2025-02-02T12:41:52.031+0000] {override.py:1911} INFO - Created Permission View: can delete on DAG:example_external_task_marker_parent
[2025-02-02T12:41:52.193+0000] {logging_mixin.py:190} INFO - [2025-02-02T12:41:52.192+0000] {override.py:1911} INFO - Created Permission View: can read on DAG:example_external_task_marker_parent
[2025-02-02T12:41:52.485+0000] {logging_mixin.py:190} INFO - [2025-02-02T12:41:52.484+0000] {override.py:1911} INFO - Created Permission View: menu access on DAG Run:example_external_task_marker_parent
[2025-02-02T12:41:52.548+0000] {logging_mixin.py:190} INFO - [2025-02-02T12:41:52.548+0000] {override.py:1911} INFO - Created Permission View: can create on DAG Run:example_external_task_marker_parent
[2025-02-02T12:41:52.726+0000] {logging_mixin.py:190} INFO - [2025-02-02T12:41:52.725+0000] {override.py:1911} INFO - Created Permission View: can delete on DAG Run:example_external_task_marker_parent
[2025-02-02T12:41:52.883+0000] {logging_mixin.py:190} INFO - [2025-02-02T12:41:52.883+0000] {override.py:1911} INFO - Created Permission View: can read on DAG Run:example_external_task_marker_parent
[2025-02-02T12:41:52.899+0000] {logging_mixin.py:190} INFO - [2025-02-02T12:41:52.899+0000] {dag.py:3239} INFO - Sync 2 DAGs
[2025-02-02T12:41:53.316+0000] {logging_mixin.py:190} INFO - [2025-02-02T12:41:53.316+0000] {dag.py:3262} INFO - Creating ORM DAG for example_external_task_marker_child
[2025-02-02T12:41:53.319+0000] {logging_mixin.py:190} INFO - [2025-02-02T12:41:53.318+0000] {dag.py:3262} INFO - Creating ORM DAG for example_external_task_marker_parent
[2025-02-02T12:41:53.348+0000] {logging_mixin.py:190} INFO - [2025-02-02T12:41:53.347+0000] {dag.py:4180} INFO - Setting next_dagrun for example_external_task_marker_child to None, run_after=None
[2025-02-02T12:41:53.365+0000] {logging_mixin.py:190} INFO - [2025-02-02T12:41:53.365+0000] {dag.py:4180} INFO - Setting next_dagrun for example_external_task_marker_parent to None, run_after=None
[2025-02-02T12:41:53.816+0000] {processor.py:208} INFO - Processing /home/airflow/.local/lib/python3.12/site-packages/airflow/example_dags/example_external_task_marker_dag.py took 6.884 seconds
[2025-02-02T12:52:11.785+0000] {processor.py:186} INFO - Started process (PID=344) to work on /home/airflow/.local/lib/python3.12/site-packages/airflow/example_dags/example_external_task_marker_dag.py
[2025-02-02T12:52:11.936+0000] {processor.py:914} INFO - Processing file /home/airflow/.local/lib/python3.12/site-packages/airflow/example_dags/example_external_task_marker_dag.py for tasks to queue
[2025-02-02T12:52:12.063+0000] {logging_mixin.py:190} INFO - [2025-02-02T12:52:12.062+0000] {dagbag.py:588} INFO - Filling up the DagBag from /home/airflow/.local/lib/python3.12/site-packages/airflow/example_dags/example_external_task_marker_dag.py
[2025-02-02T12:52:12.256+0000] {processor.py:925} INFO - DAG(s) 'example_external_task_marker_parent', 'example_external_task_marker_child' retrieved from /home/airflow/.local/lib/python3.12/site-packages/airflow/example_dags/example_external_task_marker_dag.py
[2025-02-02T12:52:13.071+0000] {logging_mixin.py:190} INFO - [2025-02-02T12:52:13.070+0000] {dag.py:3239} INFO - Sync 2 DAGs
[2025-02-02T12:52:13.665+0000] {logging_mixin.py:190} INFO - [2025-02-02T12:52:13.664+0000] {dag.py:4180} INFO - Setting next_dagrun for example_external_task_marker_child to None, run_after=None
[2025-02-02T12:52:13.801+0000] {logging_mixin.py:190} INFO - [2025-02-02T12:52:13.800+0000] {dag.py:4180} INFO - Setting next_dagrun for example_external_task_marker_parent to None, run_after=None
[2025-02-02T12:52:14.448+0000] {processor.py:208} INFO - Processing /home/airflow/.local/lib/python3.12/site-packages/airflow/example_dags/example_external_task_marker_dag.py took 3.605 seconds
[2025-02-02T12:54:33.568+0000] {processor.py:186} INFO - Started process (PID=659) to work on /home/airflow/.local/lib/python3.12/site-packages/airflow/example_dags/example_external_task_marker_dag.py
[2025-02-02T12:54:33.634+0000] {processor.py:914} INFO - Processing file /home/airflow/.local/lib/python3.12/site-packages/airflow/example_dags/example_external_task_marker_dag.py for tasks to queue
[2025-02-02T12:54:33.672+0000] {logging_mixin.py:190} INFO - [2025-02-02T12:54:33.672+0000] {dagbag.py:588} INFO - Filling up the DagBag from /home/airflow/.local/lib/python3.12/site-packages/airflow/example_dags/example_external_task_marker_dag.py
[2025-02-02T12:54:33.736+0000] {processor.py:925} INFO - DAG(s) 'example_external_task_marker_parent', 'example_external_task_marker_child' retrieved from /home/airflow/.local/lib/python3.12/site-packages/airflow/example_dags/example_external_task_marker_dag.py
[2025-02-02T12:54:33.840+0000] {logging_mixin.py:190} INFO - [2025-02-02T12:54:33.840+0000] {dag.py:3239} INFO - Sync 2 DAGs
[2025-02-02T12:54:33.910+0000] {logging_mixin.py:190} INFO - [2025-02-02T12:54:33.910+0000] {dag.py:4180} INFO - Setting next_dagrun for example_external_task_marker_child to None, run_after=None
[2025-02-02T12:54:33.964+0000] {logging_mixin.py:190} INFO - [2025-02-02T12:54:33.964+0000] {dag.py:4180} INFO - Setting next_dagrun for example_external_task_marker_parent to None, run_after=None
[2025-02-02T12:54:34.161+0000] {processor.py:208} INFO - Processing /home/airflow/.local/lib/python3.12/site-packages/airflow/example_dags/example_external_task_marker_dag.py took 0.632 seconds
[2025-02-02T13:07:31.688+0000] {processor.py:186} INFO - Started process (PID=105) to work on /home/airflow/.local/lib/python3.12/site-packages/airflow/example_dags/example_external_task_marker_dag.py
[2025-02-02T13:07:31.697+0000] {processor.py:914} INFO - Processing file /home/airflow/.local/lib/python3.12/site-packages/airflow/example_dags/example_external_task_marker_dag.py for tasks to queue
[2025-02-02T13:07:31.704+0000] {logging_mixin.py:190} INFO - [2025-02-02T13:07:31.703+0000] {dagbag.py:588} INFO - Filling up the DagBag from /home/airflow/.local/lib/python3.12/site-packages/airflow/example_dags/example_external_task_marker_dag.py
[2025-02-02T13:07:31.727+0000] {processor.py:925} INFO - DAG(s) 'example_external_task_marker_parent', 'example_external_task_marker_child' retrieved from /home/airflow/.local/lib/python3.12/site-packages/airflow/example_dags/example_external_task_marker_dag.py
[2025-02-02T13:07:31.789+0000] {logging_mixin.py:190} INFO - [2025-02-02T13:07:31.788+0000] {dag.py:3239} INFO - Sync 2 DAGs
[2025-02-02T13:07:31.828+0000] {logging_mixin.py:190} INFO - [2025-02-02T13:07:31.827+0000] {dag.py:4180} INFO - Setting next_dagrun for example_external_task_marker_child to None, run_after=None
[2025-02-02T13:07:31.848+0000] {logging_mixin.py:190} INFO - [2025-02-02T13:07:31.846+0000] {dag.py:4180} INFO - Setting next_dagrun for example_external_task_marker_parent to None, run_after=None
[2025-02-02T13:07:31.924+0000] {processor.py:208} INFO - Processing /home/airflow/.local/lib/python3.12/site-packages/airflow/example_dags/example_external_task_marker_dag.py took 0.253 seconds
[2025-02-02T13:08:20.524+0000] {processor.py:186} INFO - Started process (PID=169) to work on /home/airflow/.local/lib/python3.12/site-packages/airflow/example_dags/example_external_task_marker_dag.py
[2025-02-02T13:08:20.548+0000] {processor.py:914} INFO - Processing file /home/airflow/.local/lib/python3.12/site-packages/airflow/example_dags/example_external_task_marker_dag.py for tasks to queue
[2025-02-02T13:08:20.558+0000] {logging_mixin.py:190} INFO - [2025-02-02T13:08:20.557+0000] {dagbag.py:588} INFO - Filling up the DagBag from /home/airflow/.local/lib/python3.12/site-packages/airflow/example_dags/example_external_task_marker_dag.py
[2025-02-02T13:08:20.675+0000] {processor.py:925} INFO - DAG(s) 'example_external_task_marker_child', 'example_external_task_marker_parent' retrieved from /home/airflow/.local/lib/python3.12/site-packages/airflow/example_dags/example_external_task_marker_dag.py
[2025-02-02T13:08:21.129+0000] {logging_mixin.py:190} INFO - [2025-02-02T13:08:21.128+0000] {dag.py:3239} INFO - Sync 2 DAGs
[2025-02-02T13:08:21.301+0000] {logging_mixin.py:190} INFO - [2025-02-02T13:08:21.301+0000] {dag.py:4180} INFO - Setting next_dagrun for example_external_task_marker_child to None, run_after=None
[2025-02-02T13:08:21.377+0000] {logging_mixin.py:190} INFO - [2025-02-02T13:08:21.376+0000] {dag.py:4180} INFO - Setting next_dagrun for example_external_task_marker_parent to None, run_after=None
[2025-02-02T13:08:21.642+0000] {processor.py:208} INFO - Processing /home/airflow/.local/lib/python3.12/site-packages/airflow/example_dags/example_external_task_marker_dag.py took 1.197 seconds
