[2025-02-02T12:42:23.599+0000] {processor.py:186} INFO - Started process (PID=127) to work on /home/airflow/.local/lib/python3.12/site-packages/airflow/example_dags/example_branch_operator.py
[2025-02-02T12:42:23.799+0000] {processor.py:914} INFO - Processing file /home/airflow/.local/lib/python3.12/site-packages/airflow/example_dags/example_branch_operator.py for tasks to queue
[2025-02-02T12:42:23.906+0000] {logging_mixin.py:190} INFO - [2025-02-02T12:42:23.878+0000] {dagbag.py:588} INFO - Filling up the DagBag from /home/airflow/.local/lib/python3.12/site-packages/airflow/example_dags/example_branch_operator.py
[2025-02-02T12:42:25.309+0000] {processor.py:925} INFO - DAG(s) 'example_branch_operator' retrieved from /home/airflow/.local/lib/python3.12/site-packages/airflow/example_dags/example_branch_operator.py
[2025-02-02T12:42:27.037+0000] {logging_mixin.py:190} INFO - [2025-02-02T12:42:27.034+0000] {override.py:1911} INFO - Created Permission View: can edit on DAG:example_branch_operator
[2025-02-02T12:42:27.471+0000] {logging_mixin.py:190} INFO - [2025-02-02T12:42:27.466+0000] {override.py:1911} INFO - Created Permission View: can delete on DAG:example_branch_operator
[2025-02-02T12:42:27.637+0000] {logging_mixin.py:190} INFO - [2025-02-02T12:42:27.636+0000] {override.py:1911} INFO - Created Permission View: can read on DAG:example_branch_operator
[2025-02-02T12:42:27.714+0000] {logging_mixin.py:190} INFO - [2025-02-02T12:42:27.714+0000] {override.py:1911} INFO - Created Permission View: menu access on DAG Run:example_branch_operator
[2025-02-02T12:42:27.753+0000] {logging_mixin.py:190} INFO - [2025-02-02T12:42:27.751+0000] {override.py:1911} INFO - Created Permission View: can create on DAG Run:example_branch_operator
[2025-02-02T12:42:27.794+0000] {logging_mixin.py:190} INFO - [2025-02-02T12:42:27.793+0000] {override.py:1911} INFO - Created Permission View: can delete on DAG Run:example_branch_operator
[2025-02-02T12:42:27.821+0000] {logging_mixin.py:190} INFO - [2025-02-02T12:42:27.819+0000] {override.py:1911} INFO - Created Permission View: can read on DAG Run:example_branch_operator
[2025-02-02T12:42:27.830+0000] {logging_mixin.py:190} INFO - [2025-02-02T12:42:27.830+0000] {dag.py:3239} INFO - Sync 1 DAGs
[2025-02-02T12:42:28.033+0000] {logging_mixin.py:190} INFO - [2025-02-02T12:42:28.032+0000] {dag.py:3262} INFO - Creating ORM DAG for example_branch_operator
[2025-02-02T12:42:28.320+0000] {logging_mixin.py:190} INFO - [2025-02-02T12:42:28.320+0000] {dag.py:4180} INFO - Setting next_dagrun for example_branch_operator to 2025-02-01 00:00:00+00:00, run_after=2025-02-02 00:00:00+00:00
[2025-02-02T12:42:28.964+0000] {processor.py:208} INFO - Processing /home/airflow/.local/lib/python3.12/site-packages/airflow/example_dags/example_branch_operator.py took 5.671 seconds
[2025-02-02T12:52:43.962+0000] {processor.py:186} INFO - Started process (PID=395) to work on /home/airflow/.local/lib/python3.12/site-packages/airflow/example_dags/example_branch_operator.py
[2025-02-02T12:52:43.977+0000] {processor.py:914} INFO - Processing file /home/airflow/.local/lib/python3.12/site-packages/airflow/example_dags/example_branch_operator.py for tasks to queue
[2025-02-02T12:52:43.980+0000] {logging_mixin.py:190} INFO - [2025-02-02T12:52:43.979+0000] {dagbag.py:588} INFO - Filling up the DagBag from /home/airflow/.local/lib/python3.12/site-packages/airflow/example_dags/example_branch_operator.py
[2025-02-02T12:52:44.480+0000] {processor.py:925} INFO - DAG(s) 'example_branch_operator' retrieved from /home/airflow/.local/lib/python3.12/site-packages/airflow/example_dags/example_branch_operator.py
[2025-02-02T12:52:49.564+0000] {logging_mixin.py:190} INFO - [2025-02-02T12:52:49.564+0000] {dag.py:3239} INFO - Sync 1 DAGs
[2025-02-02T12:52:51.531+0000] {logging_mixin.py:190} INFO - [2025-02-02T12:52:51.531+0000] {dag.py:4180} INFO - Setting next_dagrun for example_branch_operator to 2025-02-01 00:00:00+00:00, run_after=2025-02-02 00:00:00+00:00
[2025-02-02T12:52:52.411+0000] {processor.py:208} INFO - Processing /home/airflow/.local/lib/python3.12/site-packages/airflow/example_dags/example_branch_operator.py took 8.551 seconds
[2025-02-02T13:07:34.248+0000] {processor.py:186} INFO - Started process (PID=114) to work on /home/airflow/.local/lib/python3.12/site-packages/airflow/example_dags/example_branch_operator.py
[2025-02-02T13:07:34.255+0000] {processor.py:914} INFO - Processing file /home/airflow/.local/lib/python3.12/site-packages/airflow/example_dags/example_branch_operator.py for tasks to queue
[2025-02-02T13:07:34.263+0000] {logging_mixin.py:190} INFO - [2025-02-02T13:07:34.261+0000] {dagbag.py:588} INFO - Filling up the DagBag from /home/airflow/.local/lib/python3.12/site-packages/airflow/example_dags/example_branch_operator.py
[2025-02-02T13:07:34.444+0000] {processor.py:925} INFO - DAG(s) 'example_branch_operator' retrieved from /home/airflow/.local/lib/python3.12/site-packages/airflow/example_dags/example_branch_operator.py
[2025-02-02T13:07:35.437+0000] {logging_mixin.py:190} INFO - [2025-02-02T13:07:35.436+0000] {dag.py:3239} INFO - Sync 1 DAGs
[2025-02-02T13:07:35.548+0000] {logging_mixin.py:190} INFO - [2025-02-02T13:07:35.548+0000] {dag.py:4180} INFO - Setting next_dagrun for example_branch_operator to 2025-02-01 00:00:00+00:00, run_after=2025-02-02 00:00:00+00:00
[2025-02-02T13:07:35.610+0000] {processor.py:208} INFO - Processing /home/airflow/.local/lib/python3.12/site-packages/airflow/example_dags/example_branch_operator.py took 1.394 seconds
[2025-02-02T13:08:27.302+0000] {processor.py:186} INFO - Started process (PID=183) to work on /home/airflow/.local/lib/python3.12/site-packages/airflow/example_dags/example_branch_operator.py
[2025-02-02T13:08:27.328+0000] {processor.py:914} INFO - Processing file /home/airflow/.local/lib/python3.12/site-packages/airflow/example_dags/example_branch_operator.py for tasks to queue
[2025-02-02T13:08:27.338+0000] {logging_mixin.py:190} INFO - [2025-02-02T13:08:27.338+0000] {dagbag.py:588} INFO - Filling up the DagBag from /home/airflow/.local/lib/python3.12/site-packages/airflow/example_dags/example_branch_operator.py
[2025-02-02T13:08:27.444+0000] {processor.py:925} INFO - DAG(s) 'example_branch_operator' retrieved from /home/airflow/.local/lib/python3.12/site-packages/airflow/example_dags/example_branch_operator.py
[2025-02-02T13:08:27.627+0000] {logging_mixin.py:190} INFO - [2025-02-02T13:08:27.626+0000] {dag.py:3239} INFO - Sync 1 DAGs
[2025-02-02T13:08:27.828+0000] {logging_mixin.py:190} INFO - [2025-02-02T13:08:27.827+0000] {dag.py:4180} INFO - Setting next_dagrun for example_branch_operator to 2025-02-01 00:00:00+00:00, run_after=2025-02-02 00:00:00+00:00
[2025-02-02T13:08:27.984+0000] {processor.py:208} INFO - Processing /home/airflow/.local/lib/python3.12/site-packages/airflow/example_dags/example_branch_operator.py took 0.707 seconds
