[2025-02-02T12:42:03.608+0000] {processor.py:186} INFO - Started process (PID=124) to work on /home/airflow/.local/lib/python3.12/site-packages/airflow/example_dags/example_branch_datetime_operator.py
[2025-02-02T12:42:03.668+0000] {processor.py:914} INFO - Processing file /home/airflow/.local/lib/python3.12/site-packages/airflow/example_dags/example_branch_datetime_operator.py for tasks to queue
[2025-02-02T12:42:03.687+0000] {logging_mixin.py:190} INFO - [2025-02-02T12:42:03.686+0000] {dagbag.py:588} INFO - Filling up the DagBag from /home/airflow/.local/lib/python3.12/site-packages/airflow/example_dags/example_branch_datetime_operator.py
[2025-02-02T12:42:04.021+0000] {processor.py:925} INFO - DAG(s) 'example_branch_datetime_operator_3', 'example_branch_datetime_operator', 'example_branch_datetime_operator_2' retrieved from /home/airflow/.local/lib/python3.12/site-packages/airflow/example_dags/example_branch_datetime_operator.py
[2025-02-02T12:42:07.073+0000] {logging_mixin.py:190} INFO - [2025-02-02T12:42:07.071+0000] {override.py:1911} INFO - Created Permission View: can edit on DAG:example_branch_datetime_operator_3
[2025-02-02T12:42:07.223+0000] {logging_mixin.py:190} INFO - [2025-02-02T12:42:07.200+0000] {override.py:1911} INFO - Created Permission View: can delete on DAG:example_branch_datetime_operator_3
[2025-02-02T12:42:07.247+0000] {logging_mixin.py:190} INFO - [2025-02-02T12:42:07.247+0000] {override.py:1911} INFO - Created Permission View: can read on DAG:example_branch_datetime_operator_3
[2025-02-02T12:42:07.319+0000] {logging_mixin.py:190} INFO - [2025-02-02T12:42:07.319+0000] {override.py:1911} INFO - Created Permission View: menu access on DAG Run:example_branch_datetime_operator_3
[2025-02-02T12:42:07.416+0000] {logging_mixin.py:190} INFO - [2025-02-02T12:42:07.416+0000] {override.py:1911} INFO - Created Permission View: can create on DAG Run:example_branch_datetime_operator_3
[2025-02-02T12:42:07.503+0000] {logging_mixin.py:190} INFO - [2025-02-02T12:42:07.502+0000] {override.py:1911} INFO - Created Permission View: can delete on DAG Run:example_branch_datetime_operator_3
[2025-02-02T12:42:07.572+0000] {logging_mixin.py:190} INFO - [2025-02-02T12:42:07.571+0000] {override.py:1911} INFO - Created Permission View: can read on DAG Run:example_branch_datetime_operator_3
[2025-02-02T12:42:07.699+0000] {logging_mixin.py:190} INFO - [2025-02-02T12:42:07.687+0000] {override.py:1911} INFO - Created Permission View: can edit on DAG:example_branch_datetime_operator
[2025-02-02T12:42:07.752+0000] {logging_mixin.py:190} INFO - [2025-02-02T12:42:07.751+0000] {override.py:1911} INFO - Created Permission View: can delete on DAG:example_branch_datetime_operator
[2025-02-02T12:42:07.823+0000] {logging_mixin.py:190} INFO - [2025-02-02T12:42:07.821+0000] {override.py:1911} INFO - Created Permission View: can read on DAG:example_branch_datetime_operator
[2025-02-02T12:42:07.872+0000] {logging_mixin.py:190} INFO - [2025-02-02T12:42:07.872+0000] {override.py:1911} INFO - Created Permission View: menu access on DAG Run:example_branch_datetime_operator
[2025-02-02T12:42:07.960+0000] {logging_mixin.py:190} INFO - [2025-02-02T12:42:07.959+0000] {override.py:1911} INFO - Created Permission View: can create on DAG Run:example_branch_datetime_operator
[2025-02-02T12:42:08.027+0000] {logging_mixin.py:190} INFO - [2025-02-02T12:42:08.027+0000] {override.py:1911} INFO - Created Permission View: can delete on DAG Run:example_branch_datetime_operator
[2025-02-02T12:42:08.130+0000] {logging_mixin.py:190} INFO - [2025-02-02T12:42:08.129+0000] {override.py:1911} INFO - Created Permission View: can read on DAG Run:example_branch_datetime_operator
[2025-02-02T12:42:08.257+0000] {logging_mixin.py:190} INFO - [2025-02-02T12:42:08.257+0000] {override.py:1911} INFO - Created Permission View: can edit on DAG:example_branch_datetime_operator_2
[2025-02-02T12:42:08.338+0000] {logging_mixin.py:190} INFO - [2025-02-02T12:42:08.337+0000] {override.py:1911} INFO - Created Permission View: can delete on DAG:example_branch_datetime_operator_2
[2025-02-02T12:42:08.374+0000] {logging_mixin.py:190} INFO - [2025-02-02T12:42:08.373+0000] {override.py:1911} INFO - Created Permission View: can read on DAG:example_branch_datetime_operator_2
[2025-02-02T12:42:08.433+0000] {logging_mixin.py:190} INFO - [2025-02-02T12:42:08.432+0000] {override.py:1911} INFO - Created Permission View: menu access on DAG Run:example_branch_datetime_operator_2
[2025-02-02T12:42:08.492+0000] {logging_mixin.py:190} INFO - [2025-02-02T12:42:08.491+0000] {override.py:1911} INFO - Created Permission View: can create on DAG Run:example_branch_datetime_operator_2
[2025-02-02T12:42:08.549+0000] {logging_mixin.py:190} INFO - [2025-02-02T12:42:08.549+0000] {override.py:1911} INFO - Created Permission View: can delete on DAG Run:example_branch_datetime_operator_2
[2025-02-02T12:42:08.596+0000] {logging_mixin.py:190} INFO - [2025-02-02T12:42:08.595+0000] {override.py:1911} INFO - Created Permission View: can read on DAG Run:example_branch_datetime_operator_2
[2025-02-02T12:42:08.606+0000] {logging_mixin.py:190} INFO - [2025-02-02T12:42:08.604+0000] {dag.py:3239} INFO - Sync 3 DAGs
[2025-02-02T12:42:09.046+0000] {logging_mixin.py:190} INFO - [2025-02-02T12:42:09.046+0000] {dag.py:3262} INFO - Creating ORM DAG for example_branch_datetime_operator_2
[2025-02-02T12:42:09.048+0000] {logging_mixin.py:190} INFO - [2025-02-02T12:42:09.048+0000] {dag.py:3262} INFO - Creating ORM DAG for example_branch_datetime_operator_3
[2025-02-02T12:42:09.053+0000] {logging_mixin.py:190} INFO - [2025-02-02T12:42:09.052+0000] {dag.py:3262} INFO - Creating ORM DAG for example_branch_datetime_operator
[2025-02-02T12:42:09.286+0000] {logging_mixin.py:190} INFO - [2025-02-02T12:42:09.286+0000] {dag.py:4180} INFO - Setting next_dagrun for example_branch_datetime_operator to 2025-02-01 00:00:00+00:00, run_after=2025-02-02 00:00:00+00:00
[2025-02-02T12:42:09.329+0000] {logging_mixin.py:190} INFO - [2025-02-02T12:42:09.318+0000] {dag.py:4180} INFO - Setting next_dagrun for example_branch_datetime_operator_2 to 2025-02-01 00:00:00+00:00, run_after=2025-02-02 00:00:00+00:00
[2025-02-02T12:42:09.342+0000] {logging_mixin.py:190} INFO - [2025-02-02T12:42:09.341+0000] {dag.py:4180} INFO - Setting next_dagrun for example_branch_datetime_operator_3 to 2025-02-01 00:00:00+00:00, run_after=2025-02-02 00:00:00+00:00
[2025-02-02T12:42:09.568+0000] {processor.py:208} INFO - Processing /home/airflow/.local/lib/python3.12/site-packages/airflow/example_dags/example_branch_datetime_operator.py took 6.056 seconds
[2025-02-02T12:52:26.086+0000] {processor.py:186} INFO - Started process (PID=380) to work on /home/airflow/.local/lib/python3.12/site-packages/airflow/example_dags/example_branch_datetime_operator.py
[2025-02-02T12:52:26.133+0000] {processor.py:914} INFO - Processing file /home/airflow/.local/lib/python3.12/site-packages/airflow/example_dags/example_branch_datetime_operator.py for tasks to queue
[2025-02-02T12:52:26.136+0000] {logging_mixin.py:190} INFO - [2025-02-02T12:52:26.136+0000] {dagbag.py:588} INFO - Filling up the DagBag from /home/airflow/.local/lib/python3.12/site-packages/airflow/example_dags/example_branch_datetime_operator.py
[2025-02-02T12:52:26.473+0000] {processor.py:925} INFO - DAG(s) 'example_branch_datetime_operator', 'example_branch_datetime_operator_3', 'example_branch_datetime_operator_2' retrieved from /home/airflow/.local/lib/python3.12/site-packages/airflow/example_dags/example_branch_datetime_operator.py
[2025-02-02T12:52:26.970+0000] {logging_mixin.py:190} INFO - [2025-02-02T12:52:26.969+0000] {dag.py:3239} INFO - Sync 3 DAGs
[2025-02-02T12:52:28.068+0000] {logging_mixin.py:190} INFO - [2025-02-02T12:52:28.025+0000] {dag.py:4180} INFO - Setting next_dagrun for example_branch_datetime_operator to 2025-02-01 00:00:00+00:00, run_after=2025-02-02 00:00:00+00:00
[2025-02-02T12:52:28.171+0000] {logging_mixin.py:190} INFO - [2025-02-02T12:52:28.170+0000] {dag.py:4180} INFO - Setting next_dagrun for example_branch_datetime_operator_2 to 2025-02-01 00:00:00+00:00, run_after=2025-02-02 00:00:00+00:00
[2025-02-02T12:52:28.234+0000] {logging_mixin.py:190} INFO - [2025-02-02T12:52:28.234+0000] {dag.py:4180} INFO - Setting next_dagrun for example_branch_datetime_operator_3 to 2025-02-01 00:00:00+00:00, run_after=2025-02-02 00:00:00+00:00
[2025-02-02T12:52:28.482+0000] {processor.py:208} INFO - Processing /home/airflow/.local/lib/python3.12/site-packages/airflow/example_dags/example_branch_datetime_operator.py took 2.551 seconds
[2025-02-02T13:07:32.914+0000] {processor.py:186} INFO - Started process (PID=111) to work on /home/airflow/.local/lib/python3.12/site-packages/airflow/example_dags/example_branch_datetime_operator.py
[2025-02-02T13:07:32.925+0000] {processor.py:914} INFO - Processing file /home/airflow/.local/lib/python3.12/site-packages/airflow/example_dags/example_branch_datetime_operator.py for tasks to queue
[2025-02-02T13:07:32.930+0000] {logging_mixin.py:190} INFO - [2025-02-02T13:07:32.929+0000] {dagbag.py:588} INFO - Filling up the DagBag from /home/airflow/.local/lib/python3.12/site-packages/airflow/example_dags/example_branch_datetime_operator.py
[2025-02-02T13:07:32.963+0000] {processor.py:925} INFO - DAG(s) 'example_branch_datetime_operator_3', 'example_branch_datetime_operator', 'example_branch_datetime_operator_2' retrieved from /home/airflow/.local/lib/python3.12/site-packages/airflow/example_dags/example_branch_datetime_operator.py
[2025-02-02T13:07:33.032+0000] {logging_mixin.py:190} INFO - [2025-02-02T13:07:33.031+0000] {dag.py:3239} INFO - Sync 3 DAGs
[2025-02-02T13:07:33.105+0000] {logging_mixin.py:190} INFO - [2025-02-02T13:07:33.104+0000] {dag.py:4180} INFO - Setting next_dagrun for example_branch_datetime_operator to 2025-02-01 00:00:00+00:00, run_after=2025-02-02 00:00:00+00:00
[2025-02-02T13:07:33.133+0000] {logging_mixin.py:190} INFO - [2025-02-02T13:07:33.132+0000] {dag.py:4180} INFO - Setting next_dagrun for example_branch_datetime_operator_2 to 2025-02-01 00:00:00+00:00, run_after=2025-02-02 00:00:00+00:00
[2025-02-02T13:07:33.147+0000] {logging_mixin.py:190} INFO - [2025-02-02T13:07:33.147+0000] {dag.py:4180} INFO - Setting next_dagrun for example_branch_datetime_operator_3 to 2025-02-01 00:00:00+00:00, run_after=2025-02-02 00:00:00+00:00
[2025-02-02T13:07:33.193+0000] {processor.py:208} INFO - Processing /home/airflow/.local/lib/python3.12/site-packages/airflow/example_dags/example_branch_datetime_operator.py took 0.293 seconds
[2025-02-02T13:08:23.533+0000] {processor.py:186} INFO - Started process (PID=175) to work on /home/airflow/.local/lib/python3.12/site-packages/airflow/example_dags/example_branch_datetime_operator.py
[2025-02-02T13:08:23.575+0000] {processor.py:914} INFO - Processing file /home/airflow/.local/lib/python3.12/site-packages/airflow/example_dags/example_branch_datetime_operator.py for tasks to queue
[2025-02-02T13:08:23.593+0000] {logging_mixin.py:190} INFO - [2025-02-02T13:08:23.592+0000] {dagbag.py:588} INFO - Filling up the DagBag from /home/airflow/.local/lib/python3.12/site-packages/airflow/example_dags/example_branch_datetime_operator.py
[2025-02-02T13:08:23.687+0000] {processor.py:925} INFO - DAG(s) 'example_branch_datetime_operator', 'example_branch_datetime_operator_3', 'example_branch_datetime_operator_2' retrieved from /home/airflow/.local/lib/python3.12/site-packages/airflow/example_dags/example_branch_datetime_operator.py
[2025-02-02T13:08:23.941+0000] {logging_mixin.py:190} INFO - [2025-02-02T13:08:23.940+0000] {dag.py:3239} INFO - Sync 3 DAGs
[2025-02-02T13:08:24.142+0000] {logging_mixin.py:190} INFO - [2025-02-02T13:08:24.141+0000] {dag.py:4180} INFO - Setting next_dagrun for example_branch_datetime_operator to 2025-02-01 00:00:00+00:00, run_after=2025-02-02 00:00:00+00:00
[2025-02-02T13:08:24.160+0000] {logging_mixin.py:190} INFO - [2025-02-02T13:08:24.156+0000] {dag.py:4180} INFO - Setting next_dagrun for example_branch_datetime_operator_2 to 2025-02-01 00:00:00+00:00, run_after=2025-02-02 00:00:00+00:00
[2025-02-02T13:08:24.170+0000] {logging_mixin.py:190} INFO - [2025-02-02T13:08:24.170+0000] {dag.py:4180} INFO - Setting next_dagrun for example_branch_datetime_operator_3 to 2025-02-01 00:00:00+00:00, run_after=2025-02-02 00:00:00+00:00
[2025-02-02T13:08:24.309+0000] {processor.py:208} INFO - Processing /home/airflow/.local/lib/python3.12/site-packages/airflow/example_dags/example_branch_datetime_operator.py took 0.834 seconds
