[2025-02-02T12:41:29.408+0000] {processor.py:186} INFO - Started process (PID=108) to work on /home/airflow/.local/lib/python3.12/site-packages/airflow/example_dags/example_time_delta_sensor_async.py
[2025-02-02T12:41:29.431+0000] {processor.py:914} INFO - Processing file /home/airflow/.local/lib/python3.12/site-packages/airflow/example_dags/example_time_delta_sensor_async.py for tasks to queue
[2025-02-02T12:41:29.520+0000] {logging_mixin.py:190} INFO - [2025-02-02T12:41:29.519+0000] {dagbag.py:588} INFO - Filling up the DagBag from /home/airflow/.local/lib/python3.12/site-packages/airflow/example_dags/example_time_delta_sensor_async.py
[2025-02-02T12:41:30.592+0000] {processor.py:925} INFO - DAG(s) 'example_time_delta_sensor_async' retrieved from /home/airflow/.local/lib/python3.12/site-packages/airflow/example_dags/example_time_delta_sensor_async.py
[2025-02-02T12:41:35.054+0000] {logging_mixin.py:190} INFO - [2025-02-02T12:41:35.031+0000] {override.py:1911} INFO - Created Permission View: can edit on DAG:example_time_delta_sensor_async
[2025-02-02T12:41:35.353+0000] {logging_mixin.py:190} INFO - [2025-02-02T12:41:35.352+0000] {override.py:1911} INFO - Created Permission View: can delete on DAG:example_time_delta_sensor_async
[2025-02-02T12:41:35.528+0000] {logging_mixin.py:190} INFO - [2025-02-02T12:41:35.528+0000] {override.py:1911} INFO - Created Permission View: can read on DAG:example_time_delta_sensor_async
[2025-02-02T12:41:36.122+0000] {logging_mixin.py:190} INFO - [2025-02-02T12:41:36.121+0000] {override.py:1911} INFO - Created Permission View: menu access on DAG Run:example_time_delta_sensor_async
[2025-02-02T12:41:36.509+0000] {logging_mixin.py:190} INFO - [2025-02-02T12:41:36.508+0000] {override.py:1911} INFO - Created Permission View: can create on DAG Run:example_time_delta_sensor_async
[2025-02-02T12:41:36.625+0000] {logging_mixin.py:190} INFO - [2025-02-02T12:41:36.624+0000] {override.py:1911} INFO - Created Permission View: can delete on DAG Run:example_time_delta_sensor_async
[2025-02-02T12:41:36.756+0000] {logging_mixin.py:190} INFO - [2025-02-02T12:41:36.756+0000] {override.py:1911} INFO - Created Permission View: can read on DAG Run:example_time_delta_sensor_async
[2025-02-02T12:41:36.758+0000] {logging_mixin.py:190} INFO - [2025-02-02T12:41:36.758+0000] {dag.py:3239} INFO - Sync 1 DAGs
[2025-02-02T12:41:37.064+0000] {logging_mixin.py:190} INFO - [2025-02-02T12:41:37.063+0000] {dag.py:3262} INFO - Creating ORM DAG for example_time_delta_sensor_async
[2025-02-02T12:41:37.085+0000] {logging_mixin.py:190} INFO - [2025-02-02T12:41:37.085+0000] {dag.py:4180} INFO - Setting next_dagrun for example_time_delta_sensor_async to None, run_after=None
[2025-02-02T12:41:37.450+0000] {processor.py:208} INFO - Processing /home/airflow/.local/lib/python3.12/site-packages/airflow/example_dags/example_time_delta_sensor_async.py took 8.106 seconds
[2025-02-02T12:52:00.064+0000] {processor.py:186} INFO - Started process (PID=324) to work on /home/airflow/.local/lib/python3.12/site-packages/airflow/example_dags/example_time_delta_sensor_async.py
[2025-02-02T12:52:00.123+0000] {processor.py:914} INFO - Processing file /home/airflow/.local/lib/python3.12/site-packages/airflow/example_dags/example_time_delta_sensor_async.py for tasks to queue
[2025-02-02T12:52:00.172+0000] {logging_mixin.py:190} INFO - [2025-02-02T12:52:00.171+0000] {dagbag.py:588} INFO - Filling up the DagBag from /home/airflow/.local/lib/python3.12/site-packages/airflow/example_dags/example_time_delta_sensor_async.py
[2025-02-02T12:52:00.499+0000] {processor.py:925} INFO - DAG(s) 'example_time_delta_sensor_async' retrieved from /home/airflow/.local/lib/python3.12/site-packages/airflow/example_dags/example_time_delta_sensor_async.py
[2025-02-02T12:52:01.157+0000] {logging_mixin.py:190} INFO - [2025-02-02T12:52:01.156+0000] {dag.py:3239} INFO - Sync 1 DAGs
[2025-02-02T12:52:01.447+0000] {logging_mixin.py:190} INFO - [2025-02-02T12:52:01.444+0000] {dag.py:4180} INFO - Setting next_dagrun for example_time_delta_sensor_async to None, run_after=None
[2025-02-02T12:52:02.258+0000] {processor.py:208} INFO - Processing /home/airflow/.local/lib/python3.12/site-packages/airflow/example_dags/example_time_delta_sensor_async.py took 2.284 seconds
[2025-02-02T12:54:29.541+0000] {processor.py:186} INFO - Started process (PID=637) to work on /home/airflow/.local/lib/python3.12/site-packages/airflow/example_dags/example_time_delta_sensor_async.py
[2025-02-02T12:54:29.576+0000] {processor.py:914} INFO - Processing file /home/airflow/.local/lib/python3.12/site-packages/airflow/example_dags/example_time_delta_sensor_async.py for tasks to queue
[2025-02-02T12:54:29.588+0000] {logging_mixin.py:190} INFO - [2025-02-02T12:54:29.587+0000] {dagbag.py:588} INFO - Filling up the DagBag from /home/airflow/.local/lib/python3.12/site-packages/airflow/example_dags/example_time_delta_sensor_async.py
[2025-02-02T12:54:29.665+0000] {processor.py:925} INFO - DAG(s) 'example_time_delta_sensor_async' retrieved from /home/airflow/.local/lib/python3.12/site-packages/airflow/example_dags/example_time_delta_sensor_async.py
[2025-02-02T12:54:29.825+0000] {logging_mixin.py:190} INFO - [2025-02-02T12:54:29.825+0000] {dag.py:3239} INFO - Sync 1 DAGs
[2025-02-02T12:54:29.987+0000] {logging_mixin.py:190} INFO - [2025-02-02T12:54:29.986+0000] {dag.py:4180} INFO - Setting next_dagrun for example_time_delta_sensor_async to None, run_after=None
[2025-02-02T12:54:30.382+0000] {processor.py:208} INFO - Processing /home/airflow/.local/lib/python3.12/site-packages/airflow/example_dags/example_time_delta_sensor_async.py took 0.926 seconds
[2025-02-02T13:07:30.819+0000] {processor.py:186} INFO - Started process (PID=101) to work on /home/airflow/.local/lib/python3.12/site-packages/airflow/example_dags/example_time_delta_sensor_async.py
[2025-02-02T13:07:30.832+0000] {processor.py:914} INFO - Processing file /home/airflow/.local/lib/python3.12/site-packages/airflow/example_dags/example_time_delta_sensor_async.py for tasks to queue
[2025-02-02T13:07:30.839+0000] {logging_mixin.py:190} INFO - [2025-02-02T13:07:30.838+0000] {dagbag.py:588} INFO - Filling up the DagBag from /home/airflow/.local/lib/python3.12/site-packages/airflow/example_dags/example_time_delta_sensor_async.py
[2025-02-02T13:07:30.886+0000] {processor.py:925} INFO - DAG(s) 'example_time_delta_sensor_async' retrieved from /home/airflow/.local/lib/python3.12/site-packages/airflow/example_dags/example_time_delta_sensor_async.py
[2025-02-02T13:07:31.056+0000] {logging_mixin.py:190} INFO - [2025-02-02T13:07:31.055+0000] {dag.py:3239} INFO - Sync 1 DAGs
[2025-02-02T13:07:31.130+0000] {logging_mixin.py:190} INFO - [2025-02-02T13:07:31.130+0000] {dag.py:4180} INFO - Setting next_dagrun for example_time_delta_sensor_async to None, run_after=None
[2025-02-02T13:07:31.185+0000] {processor.py:208} INFO - Processing /home/airflow/.local/lib/python3.12/site-packages/airflow/example_dags/example_time_delta_sensor_async.py took 0.382 seconds
[2025-02-02T13:08:19.135+0000] {processor.py:186} INFO - Started process (PID=165) to work on /home/airflow/.local/lib/python3.12/site-packages/airflow/example_dags/example_time_delta_sensor_async.py
[2025-02-02T13:08:19.145+0000] {processor.py:914} INFO - Processing file /home/airflow/.local/lib/python3.12/site-packages/airflow/example_dags/example_time_delta_sensor_async.py for tasks to queue
[2025-02-02T13:08:19.152+0000] {logging_mixin.py:190} INFO - [2025-02-02T13:08:19.151+0000] {dagbag.py:588} INFO - Filling up the DagBag from /home/airflow/.local/lib/python3.12/site-packages/airflow/example_dags/example_time_delta_sensor_async.py
[2025-02-02T13:08:19.204+0000] {processor.py:925} INFO - DAG(s) 'example_time_delta_sensor_async' retrieved from /home/airflow/.local/lib/python3.12/site-packages/airflow/example_dags/example_time_delta_sensor_async.py
[2025-02-02T13:08:19.303+0000] {logging_mixin.py:190} INFO - [2025-02-02T13:08:19.303+0000] {dag.py:3239} INFO - Sync 1 DAGs
[2025-02-02T13:08:19.385+0000] {logging_mixin.py:190} INFO - [2025-02-02T13:08:19.384+0000] {dag.py:4180} INFO - Setting next_dagrun for example_time_delta_sensor_async to None, run_after=None
[2025-02-02T13:08:19.477+0000] {processor.py:208} INFO - Processing /home/airflow/.local/lib/python3.12/site-packages/airflow/example_dags/example_time_delta_sensor_async.py took 0.365 seconds
