[2025-02-02T12:43:09.174+0000] {processor.py:186} INFO - Started process (PID=154) to work on /home/airflow/.local/lib/python3.12/site-packages/airflow/example_dags/example_dataset_alias_with_no_taskflow.py
[2025-02-02T12:43:09.182+0000] {processor.py:914} INFO - Processing file /home/airflow/.local/lib/python3.12/site-packages/airflow/example_dags/example_dataset_alias_with_no_taskflow.py for tasks to queue
[2025-02-02T12:43:09.253+0000] {logging_mixin.py:190} INFO - [2025-02-02T12:43:09.253+0000] {dagbag.py:588} INFO - Filling up the DagBag from /home/airflow/.local/lib/python3.12/site-packages/airflow/example_dags/example_dataset_alias_with_no_taskflow.py
[2025-02-02T12:53:43.913+0000] {processor.py:186} INFO - Started process (PID=480) to work on /home/airflow/.local/lib/python3.12/site-packages/airflow/example_dags/example_dataset_alias_with_no_taskflow.py
[2025-02-02T12:53:43.958+0000] {processor.py:914} INFO - Processing file /home/airflow/.local/lib/python3.12/site-packages/airflow/example_dags/example_dataset_alias_with_no_taskflow.py for tasks to queue
[2025-02-02T12:53:43.965+0000] {logging_mixin.py:190} INFO - [2025-02-02T12:53:43.964+0000] {dagbag.py:588} INFO - Filling up the DagBag from /home/airflow/.local/lib/python3.12/site-packages/airflow/example_dags/example_dataset_alias_with_no_taskflow.py
[2025-02-02T12:53:51.929+0000] {processor.py:925} INFO - DAG(s) 'dataset_s3_bucket_consumer_with_no_taskflow', 'dataset_s3_bucket_producer_with_no_taskflow', 'dataset_alias_example_alias_consumer_with_no_taskflow', 'dataset_alias_example_alias_producer_with_no_taskflow' retrieved from /home/airflow/.local/lib/python3.12/site-packages/airflow/example_dags/example_dataset_alias_with_no_taskflow.py
[2025-02-02T12:53:52.738+0000] {logging_mixin.py:190} INFO - [2025-02-02T12:53:52.736+0000] {override.py:1911} INFO - Created Permission View: can delete on DAG:dataset_s3_bucket_consumer_with_no_taskflow
[2025-02-02T12:53:52.826+0000] {logging_mixin.py:190} INFO - [2025-02-02T12:53:52.825+0000] {override.py:1911} INFO - Created Permission View: can edit on DAG:dataset_s3_bucket_consumer_with_no_taskflow
[2025-02-02T12:53:52.910+0000] {logging_mixin.py:190} INFO - [2025-02-02T12:53:52.909+0000] {override.py:1911} INFO - Created Permission View: can read on DAG:dataset_s3_bucket_consumer_with_no_taskflow
[2025-02-02T12:53:52.963+0000] {logging_mixin.py:190} INFO - [2025-02-02T12:53:52.963+0000] {override.py:1911} INFO - Created Permission View: can create on DAG Run:dataset_s3_bucket_consumer_with_no_taskflow
[2025-02-02T12:53:53.011+0000] {logging_mixin.py:190} INFO - [2025-02-02T12:53:53.010+0000] {override.py:1911} INFO - Created Permission View: menu access on DAG Run:dataset_s3_bucket_consumer_with_no_taskflow
[2025-02-02T12:53:53.071+0000] {logging_mixin.py:190} INFO - [2025-02-02T12:53:53.070+0000] {override.py:1911} INFO - Created Permission View: can delete on DAG Run:dataset_s3_bucket_consumer_with_no_taskflow
[2025-02-02T12:53:53.124+0000] {logging_mixin.py:190} INFO - [2025-02-02T12:53:53.123+0000] {override.py:1911} INFO - Created Permission View: can read on DAG Run:dataset_s3_bucket_consumer_with_no_taskflow
[2025-02-02T12:53:53.249+0000] {logging_mixin.py:190} INFO - [2025-02-02T12:53:53.248+0000] {override.py:1911} INFO - Created Permission View: can delete on DAG:dataset_s3_bucket_producer_with_no_taskflow
[2025-02-02T12:53:53.292+0000] {logging_mixin.py:190} INFO - [2025-02-02T12:53:53.292+0000] {override.py:1911} INFO - Created Permission View: can edit on DAG:dataset_s3_bucket_producer_with_no_taskflow
[2025-02-02T12:53:53.513+0000] {logging_mixin.py:190} INFO - [2025-02-02T12:53:53.512+0000] {override.py:1911} INFO - Created Permission View: can read on DAG:dataset_s3_bucket_producer_with_no_taskflow
[2025-02-02T12:53:53.674+0000] {logging_mixin.py:190} INFO - [2025-02-02T12:53:53.673+0000] {override.py:1911} INFO - Created Permission View: can create on DAG Run:dataset_s3_bucket_producer_with_no_taskflow
[2025-02-02T12:53:53.815+0000] {logging_mixin.py:190} INFO - [2025-02-02T12:53:53.814+0000] {override.py:1911} INFO - Created Permission View: menu access on DAG Run:dataset_s3_bucket_producer_with_no_taskflow
[2025-02-02T12:53:53.848+0000] {logging_mixin.py:190} INFO - [2025-02-02T12:53:53.847+0000] {override.py:1911} INFO - Created Permission View: can delete on DAG Run:dataset_s3_bucket_producer_with_no_taskflow
[2025-02-02T12:53:53.889+0000] {logging_mixin.py:190} INFO - [2025-02-02T12:53:53.889+0000] {override.py:1911} INFO - Created Permission View: can read on DAG Run:dataset_s3_bucket_producer_with_no_taskflow
[2025-02-02T12:53:53.987+0000] {logging_mixin.py:190} INFO - [2025-02-02T12:53:53.986+0000] {override.py:1911} INFO - Created Permission View: can delete on DAG:dataset_alias_example_alias_consumer_with_no_taskflow
[2025-02-02T12:53:54.033+0000] {logging_mixin.py:190} INFO - [2025-02-02T12:53:54.032+0000] {override.py:1911} INFO - Created Permission View: can edit on DAG:dataset_alias_example_alias_consumer_with_no_taskflow
[2025-02-02T12:53:54.099+0000] {logging_mixin.py:190} INFO - [2025-02-02T12:53:54.099+0000] {override.py:1911} INFO - Created Permission View: can read on DAG:dataset_alias_example_alias_consumer_with_no_taskflow
[2025-02-02T12:53:54.169+0000] {logging_mixin.py:190} INFO - [2025-02-02T12:53:54.167+0000] {override.py:1911} INFO - Created Permission View: can create on DAG Run:dataset_alias_example_alias_consumer_with_no_taskflow
[2025-02-02T12:53:54.273+0000] {logging_mixin.py:190} INFO - [2025-02-02T12:53:54.267+0000] {override.py:1911} INFO - Created Permission View: menu access on DAG Run:dataset_alias_example_alias_consumer_with_no_taskflow
[2025-02-02T12:53:54.313+0000] {logging_mixin.py:190} INFO - [2025-02-02T12:53:54.312+0000] {override.py:1911} INFO - Created Permission View: can delete on DAG Run:dataset_alias_example_alias_consumer_with_no_taskflow
[2025-02-02T12:53:54.378+0000] {logging_mixin.py:190} INFO - [2025-02-02T12:53:54.376+0000] {override.py:1911} INFO - Created Permission View: can read on DAG Run:dataset_alias_example_alias_consumer_with_no_taskflow
[2025-02-02T12:53:54.520+0000] {logging_mixin.py:190} INFO - [2025-02-02T12:53:54.520+0000] {override.py:1911} INFO - Created Permission View: can delete on DAG:dataset_alias_example_alias_producer_with_no_taskflow
[2025-02-02T12:53:54.580+0000] {logging_mixin.py:190} INFO - [2025-02-02T12:53:54.568+0000] {override.py:1911} INFO - Created Permission View: can edit on DAG:dataset_alias_example_alias_producer_with_no_taskflow
[2025-02-02T12:53:54.642+0000] {logging_mixin.py:190} INFO - [2025-02-02T12:53:54.641+0000] {override.py:1911} INFO - Created Permission View: can read on DAG:dataset_alias_example_alias_producer_with_no_taskflow
[2025-02-02T12:53:54.693+0000] {logging_mixin.py:190} INFO - [2025-02-02T12:53:54.693+0000] {override.py:1911} INFO - Created Permission View: can create on DAG Run:dataset_alias_example_alias_producer_with_no_taskflow
[2025-02-02T12:53:54.747+0000] {logging_mixin.py:190} INFO - [2025-02-02T12:53:54.746+0000] {override.py:1911} INFO - Created Permission View: menu access on DAG Run:dataset_alias_example_alias_producer_with_no_taskflow
[2025-02-02T12:53:54.816+0000] {logging_mixin.py:190} INFO - [2025-02-02T12:53:54.816+0000] {override.py:1911} INFO - Created Permission View: can delete on DAG Run:dataset_alias_example_alias_producer_with_no_taskflow
[2025-02-02T12:53:54.848+0000] {logging_mixin.py:190} INFO - [2025-02-02T12:53:54.848+0000] {override.py:1911} INFO - Created Permission View: can read on DAG Run:dataset_alias_example_alias_producer_with_no_taskflow
[2025-02-02T12:53:54.855+0000] {logging_mixin.py:190} INFO - [2025-02-02T12:53:54.853+0000] {dag.py:3239} INFO - Sync 4 DAGs
[2025-02-02T12:53:54.973+0000] {logging_mixin.py:190} INFO - [2025-02-02T12:53:54.972+0000] {dag.py:3262} INFO - Creating ORM DAG for dataset_alias_example_alias_consumer_with_no_taskflow
[2025-02-02T12:53:54.976+0000] {logging_mixin.py:190} INFO - [2025-02-02T12:53:54.975+0000] {dag.py:3262} INFO - Creating ORM DAG for dataset_s3_bucket_consumer_with_no_taskflow
[2025-02-02T12:53:54.982+0000] {logging_mixin.py:190} INFO - [2025-02-02T12:53:54.981+0000] {dag.py:3262} INFO - Creating ORM DAG for dataset_alias_example_alias_producer_with_no_taskflow
[2025-02-02T12:53:55.002+0000] {logging_mixin.py:190} INFO - [2025-02-02T12:53:55.001+0000] {dag.py:3262} INFO - Creating ORM DAG for dataset_s3_bucket_producer_with_no_taskflow
[2025-02-02T12:53:55.048+0000] {logging_mixin.py:190} INFO - [2025-02-02T12:53:55.048+0000] {dag.py:4180} INFO - Setting next_dagrun for dataset_alias_example_alias_consumer_with_no_taskflow to None, run_after=None
[2025-02-02T12:53:55.061+0000] {logging_mixin.py:190} INFO - [2025-02-02T12:53:55.061+0000] {dag.py:4180} INFO - Setting next_dagrun for dataset_alias_example_alias_producer_with_no_taskflow to None, run_after=None
[2025-02-02T12:53:55.092+0000] {logging_mixin.py:190} INFO - [2025-02-02T12:53:55.091+0000] {dag.py:4180} INFO - Setting next_dagrun for dataset_s3_bucket_consumer_with_no_taskflow to None, run_after=None
[2025-02-02T12:53:55.105+0000] {logging_mixin.py:190} INFO - [2025-02-02T12:53:55.105+0000] {dag.py:4180} INFO - Setting next_dagrun for dataset_s3_bucket_producer_with_no_taskflow to None, run_after=None
[2025-02-02T12:53:55.599+0000] {processor.py:208} INFO - Processing /home/airflow/.local/lib/python3.12/site-packages/airflow/example_dags/example_dataset_alias_with_no_taskflow.py took 11.726 seconds
[2025-02-02T13:07:42.443+0000] {processor.py:186} INFO - Started process (PID=129) to work on /home/airflow/.local/lib/python3.12/site-packages/airflow/example_dags/example_dataset_alias_with_no_taskflow.py
[2025-02-02T13:07:42.454+0000] {processor.py:914} INFO - Processing file /home/airflow/.local/lib/python3.12/site-packages/airflow/example_dags/example_dataset_alias_with_no_taskflow.py for tasks to queue
[2025-02-02T13:07:42.474+0000] {logging_mixin.py:190} INFO - [2025-02-02T13:07:42.473+0000] {dagbag.py:588} INFO - Filling up the DagBag from /home/airflow/.local/lib/python3.12/site-packages/airflow/example_dags/example_dataset_alias_with_no_taskflow.py
[2025-02-02T13:07:53.432+0000] {processor.py:925} INFO - DAG(s) 'dataset_alias_example_alias_producer_with_no_taskflow', 'dataset_alias_example_alias_consumer_with_no_taskflow', 'dataset_s3_bucket_producer_with_no_taskflow', 'dataset_s3_bucket_consumer_with_no_taskflow' retrieved from /home/airflow/.local/lib/python3.12/site-packages/airflow/example_dags/example_dataset_alias_with_no_taskflow.py
[2025-02-02T13:07:53.698+0000] {logging_mixin.py:190} INFO - [2025-02-02T13:07:53.689+0000] {dag.py:3239} INFO - Sync 4 DAGs
[2025-02-02T13:07:53.909+0000] {logging_mixin.py:190} INFO - [2025-02-02T13:07:53.908+0000] {dag.py:4180} INFO - Setting next_dagrun for dataset_alias_example_alias_consumer_with_no_taskflow to None, run_after=None
[2025-02-02T13:07:53.970+0000] {logging_mixin.py:190} INFO - [2025-02-02T13:07:53.969+0000] {dag.py:4180} INFO - Setting next_dagrun for dataset_alias_example_alias_producer_with_no_taskflow to None, run_after=None
[2025-02-02T13:07:54.009+0000] {logging_mixin.py:190} INFO - [2025-02-02T13:07:54.008+0000] {dag.py:4180} INFO - Setting next_dagrun for dataset_s3_bucket_consumer_with_no_taskflow to None, run_after=None
[2025-02-02T13:07:54.048+0000] {logging_mixin.py:190} INFO - [2025-02-02T13:07:54.047+0000] {dag.py:4180} INFO - Setting next_dagrun for dataset_s3_bucket_producer_with_no_taskflow to None, run_after=None
[2025-02-02T13:07:54.294+0000] {processor.py:208} INFO - Processing /home/airflow/.local/lib/python3.12/site-packages/airflow/example_dags/example_dataset_alias_with_no_taskflow.py took 11.927 seconds
