[2025-02-02T12:41:25.782+0000] {processor.py:186} INFO - Started process (PID=106) to work on /home/airflow/.local/lib/python3.12/site-packages/airflow/example_dags/example_branch_day_of_week_operator.py
[2025-02-02T12:41:25.784+0000] {processor.py:914} INFO - Processing file /home/airflow/.local/lib/python3.12/site-packages/airflow/example_dags/example_branch_day_of_week_operator.py for tasks to queue
[2025-02-02T12:41:25.799+0000] {logging_mixin.py:190} INFO - [2025-02-02T12:41:25.789+0000] {dagbag.py:588} INFO - Filling up the DagBag from /home/airflow/.local/lib/python3.12/site-packages/airflow/example_dags/example_branch_day_of_week_operator.py
[2025-02-02T12:41:25.932+0000] {processor.py:925} INFO - DAG(s) 'example_weekday_branch_operator' retrieved from /home/airflow/.local/lib/python3.12/site-packages/airflow/example_dags/example_branch_day_of_week_operator.py
[2025-02-02T12:41:26.768+0000] {logging_mixin.py:190} INFO - [2025-02-02T12:41:26.756+0000] {override.py:1911} INFO - Created Permission View: can edit on DAG:example_weekday_branch_operator
[2025-02-02T12:41:26.920+0000] {logging_mixin.py:190} INFO - [2025-02-02T12:41:26.919+0000] {override.py:1911} INFO - Created Permission View: can delete on DAG:example_weekday_branch_operator
[2025-02-02T12:41:27.018+0000] {logging_mixin.py:190} INFO - [2025-02-02T12:41:27.015+0000] {override.py:1911} INFO - Created Permission View: can read on DAG:example_weekday_branch_operator
[2025-02-02T12:41:27.193+0000] {logging_mixin.py:190} INFO - [2025-02-02T12:41:27.193+0000] {override.py:1911} INFO - Created Permission View: menu access on DAG Run:example_weekday_branch_operator
[2025-02-02T12:41:27.291+0000] {logging_mixin.py:190} INFO - [2025-02-02T12:41:27.290+0000] {override.py:1911} INFO - Created Permission View: can create on DAG Run:example_weekday_branch_operator
[2025-02-02T12:41:27.356+0000] {logging_mixin.py:190} INFO - [2025-02-02T12:41:27.356+0000] {override.py:1911} INFO - Created Permission View: can delete on DAG Run:example_weekday_branch_operator
[2025-02-02T12:41:27.410+0000] {logging_mixin.py:190} INFO - [2025-02-02T12:41:27.409+0000] {override.py:1911} INFO - Created Permission View: can read on DAG Run:example_weekday_branch_operator
[2025-02-02T12:41:27.415+0000] {logging_mixin.py:190} INFO - [2025-02-02T12:41:27.414+0000] {dag.py:3239} INFO - Sync 1 DAGs
[2025-02-02T12:41:27.555+0000] {logging_mixin.py:190} INFO - [2025-02-02T12:41:27.545+0000] {dag.py:3262} INFO - Creating ORM DAG for example_weekday_branch_operator
[2025-02-02T12:41:27.675+0000] {logging_mixin.py:190} INFO - [2025-02-02T12:41:27.673+0000] {dag.py:4180} INFO - Setting next_dagrun for example_weekday_branch_operator to 2025-02-01 00:00:00+00:00, run_after=2025-02-02 00:00:00+00:00
[2025-02-02T12:41:27.900+0000] {processor.py:208} INFO - Processing /home/airflow/.local/lib/python3.12/site-packages/airflow/example_dags/example_branch_day_of_week_operator.py took 2.284 seconds
[2025-02-02T12:51:55.988+0000] {processor.py:186} INFO - Started process (PID=314) to work on /home/airflow/.local/lib/python3.12/site-packages/airflow/example_dags/example_branch_day_of_week_operator.py
[2025-02-02T12:51:56.023+0000] {processor.py:914} INFO - Processing file /home/airflow/.local/lib/python3.12/site-packages/airflow/example_dags/example_branch_day_of_week_operator.py for tasks to queue
[2025-02-02T12:51:56.088+0000] {logging_mixin.py:190} INFO - [2025-02-02T12:51:56.087+0000] {dagbag.py:588} INFO - Filling up the DagBag from /home/airflow/.local/lib/python3.12/site-packages/airflow/example_dags/example_branch_day_of_week_operator.py
[2025-02-02T12:51:56.355+0000] {processor.py:925} INFO - DAG(s) 'example_weekday_branch_operator' retrieved from /home/airflow/.local/lib/python3.12/site-packages/airflow/example_dags/example_branch_day_of_week_operator.py
[2025-02-02T12:51:57.695+0000] {logging_mixin.py:190} INFO - [2025-02-02T12:51:57.694+0000] {dag.py:3239} INFO - Sync 1 DAGs
[2025-02-02T12:51:58.445+0000] {logging_mixin.py:190} INFO - [2025-02-02T12:51:58.444+0000] {dag.py:4180} INFO - Setting next_dagrun for example_weekday_branch_operator to 2025-02-01 00:00:00+00:00, run_after=2025-02-02 00:00:00+00:00
[2025-02-02T12:51:58.856+0000] {processor.py:208} INFO - Processing /home/airflow/.local/lib/python3.12/site-packages/airflow/example_dags/example_branch_day_of_week_operator.py took 2.977 seconds
[2025-02-02T12:54:28.295+0000] {processor.py:186} INFO - Started process (PID=627) to work on /home/airflow/.local/lib/python3.12/site-packages/airflow/example_dags/example_branch_day_of_week_operator.py
[2025-02-02T12:54:28.325+0000] {processor.py:914} INFO - Processing file /home/airflow/.local/lib/python3.12/site-packages/airflow/example_dags/example_branch_day_of_week_operator.py for tasks to queue
[2025-02-02T12:54:28.339+0000] {logging_mixin.py:190} INFO - [2025-02-02T12:54:28.335+0000] {dagbag.py:588} INFO - Filling up the DagBag from /home/airflow/.local/lib/python3.12/site-packages/airflow/example_dags/example_branch_day_of_week_operator.py
[2025-02-02T12:54:28.464+0000] {processor.py:925} INFO - DAG(s) 'example_weekday_branch_operator' retrieved from /home/airflow/.local/lib/python3.12/site-packages/airflow/example_dags/example_branch_day_of_week_operator.py
[2025-02-02T12:54:28.684+0000] {logging_mixin.py:190} INFO - [2025-02-02T12:54:28.683+0000] {dag.py:3239} INFO - Sync 1 DAGs
[2025-02-02T12:54:29.066+0000] {logging_mixin.py:190} INFO - [2025-02-02T12:54:29.065+0000] {dag.py:4180} INFO - Setting next_dagrun for example_weekday_branch_operator to 2025-02-01 00:00:00+00:00, run_after=2025-02-02 00:00:00+00:00
[2025-02-02T12:54:29.246+0000] {processor.py:208} INFO - Processing /home/airflow/.local/lib/python3.12/site-packages/airflow/example_dags/example_branch_day_of_week_operator.py took 0.986 seconds
[2025-02-02T13:07:30.283+0000] {processor.py:186} INFO - Started process (PID=99) to work on /home/airflow/.local/lib/python3.12/site-packages/airflow/example_dags/example_branch_day_of_week_operator.py
[2025-02-02T13:07:30.293+0000] {processor.py:914} INFO - Processing file /home/airflow/.local/lib/python3.12/site-packages/airflow/example_dags/example_branch_day_of_week_operator.py for tasks to queue
[2025-02-02T13:07:30.309+0000] {logging_mixin.py:190} INFO - [2025-02-02T13:07:30.308+0000] {dagbag.py:588} INFO - Filling up the DagBag from /home/airflow/.local/lib/python3.12/site-packages/airflow/example_dags/example_branch_day_of_week_operator.py
[2025-02-02T13:07:30.353+0000] {processor.py:925} INFO - DAG(s) 'example_weekday_branch_operator' retrieved from /home/airflow/.local/lib/python3.12/site-packages/airflow/example_dags/example_branch_day_of_week_operator.py
[2025-02-02T13:07:30.494+0000] {logging_mixin.py:190} INFO - [2025-02-02T13:07:30.493+0000] {dag.py:3239} INFO - Sync 1 DAGs
[2025-02-02T13:07:30.625+0000] {logging_mixin.py:190} INFO - [2025-02-02T13:07:30.624+0000] {dag.py:4180} INFO - Setting next_dagrun for example_weekday_branch_operator to 2025-02-01 00:00:00+00:00, run_after=2025-02-02 00:00:00+00:00
[2025-02-02T13:07:30.688+0000] {processor.py:208} INFO - Processing /home/airflow/.local/lib/python3.12/site-packages/airflow/example_dags/example_branch_day_of_week_operator.py took 0.421 seconds
[2025-02-02T13:08:18.333+0000] {processor.py:186} INFO - Started process (PID=163) to work on /home/airflow/.local/lib/python3.12/site-packages/airflow/example_dags/example_branch_day_of_week_operator.py
[2025-02-02T13:08:18.356+0000] {processor.py:914} INFO - Processing file /home/airflow/.local/lib/python3.12/site-packages/airflow/example_dags/example_branch_day_of_week_operator.py for tasks to queue
[2025-02-02T13:08:18.364+0000] {logging_mixin.py:190} INFO - [2025-02-02T13:08:18.361+0000] {dagbag.py:588} INFO - Filling up the DagBag from /home/airflow/.local/lib/python3.12/site-packages/airflow/example_dags/example_branch_day_of_week_operator.py
[2025-02-02T13:08:18.404+0000] {processor.py:925} INFO - DAG(s) 'example_weekday_branch_operator' retrieved from /home/airflow/.local/lib/python3.12/site-packages/airflow/example_dags/example_branch_day_of_week_operator.py
[2025-02-02T13:08:18.576+0000] {logging_mixin.py:190} INFO - [2025-02-02T13:08:18.575+0000] {dag.py:3239} INFO - Sync 1 DAGs
[2025-02-02T13:08:18.720+0000] {logging_mixin.py:190} INFO - [2025-02-02T13:08:18.710+0000] {dag.py:4180} INFO - Setting next_dagrun for example_weekday_branch_operator to 2025-02-01 00:00:00+00:00, run_after=2025-02-02 00:00:00+00:00
[2025-02-02T13:08:18.988+0000] {processor.py:208} INFO - Processing /home/airflow/.local/lib/python3.12/site-packages/airflow/example_dags/example_branch_day_of_week_operator.py took 0.674 seconds
