[2025-02-02T12:42:34.884+0000] {processor.py:186} INFO - Started process (PID=135) to work on /home/airflow/.local/lib/python3.12/site-packages/airflow/example_dags/example_workday_timetable.py
[2025-02-02T12:42:34.893+0000] {processor.py:914} INFO - Processing file /home/airflow/.local/lib/python3.12/site-packages/airflow/example_dags/example_workday_timetable.py for tasks to queue
[2025-02-02T12:42:34.929+0000] {logging_mixin.py:190} INFO - [2025-02-02T12:42:34.906+0000] {dagbag.py:588} INFO - Filling up the DagBag from /home/airflow/.local/lib/python3.12/site-packages/airflow/example_dags/example_workday_timetable.py
[2025-02-02T12:42:34.975+0000] {processor.py:925} INFO - DAG(s) 'example_workday_timetable' retrieved from /home/airflow/.local/lib/python3.12/site-packages/airflow/example_dags/example_workday_timetable.py
[2025-02-02T12:42:36.439+0000] {logging_mixin.py:190} INFO - [2025-02-02T12:42:36.424+0000] {override.py:1911} INFO - Created Permission View: can edit on DAG:example_workday_timetable
[2025-02-02T12:42:36.637+0000] {logging_mixin.py:190} INFO - [2025-02-02T12:42:36.636+0000] {override.py:1911} INFO - Created Permission View: can delete on DAG:example_workday_timetable
[2025-02-02T12:42:36.777+0000] {logging_mixin.py:190} INFO - [2025-02-02T12:42:36.777+0000] {override.py:1911} INFO - Created Permission View: can read on DAG:example_workday_timetable
[2025-02-02T12:42:36.928+0000] {logging_mixin.py:190} INFO - [2025-02-02T12:42:36.928+0000] {override.py:1911} INFO - Created Permission View: menu access on DAG Run:example_workday_timetable
[2025-02-02T12:42:36.992+0000] {logging_mixin.py:190} INFO - [2025-02-02T12:42:36.991+0000] {override.py:1911} INFO - Created Permission View: can create on DAG Run:example_workday_timetable
[2025-02-02T12:42:37.039+0000] {logging_mixin.py:190} INFO - [2025-02-02T12:42:37.037+0000] {override.py:1911} INFO - Created Permission View: can delete on DAG Run:example_workday_timetable
[2025-02-02T12:42:37.139+0000] {logging_mixin.py:190} INFO - [2025-02-02T12:42:37.125+0000] {override.py:1911} INFO - Created Permission View: can read on DAG Run:example_workday_timetable
[2025-02-02T12:42:37.148+0000] {logging_mixin.py:190} INFO - [2025-02-02T12:42:37.147+0000] {dag.py:3239} INFO - Sync 1 DAGs
[2025-02-02T12:42:37.726+0000] {logging_mixin.py:190} INFO - [2025-02-02T12:42:37.718+0000] {dag.py:3262} INFO - Creating ORM DAG for example_workday_timetable
[2025-02-02T12:42:40.516+0000] {logging_mixin.py:190} INFO - [2025-02-02T12:42:40.515+0000] {dag.py:4180} INFO - Setting next_dagrun for example_workday_timetable to 2021-01-04 00:00:00+00:00, run_after=2021-01-05 00:00:00+00:00
[2025-02-02T12:42:40.707+0000] {processor.py:208} INFO - Processing /home/airflow/.local/lib/python3.12/site-packages/airflow/example_dags/example_workday_timetable.py took 5.948 seconds
[2025-02-02T12:52:59.707+0000] {processor.py:186} INFO - Started process (PID=411) to work on /home/airflow/.local/lib/python3.12/site-packages/airflow/example_dags/example_workday_timetable.py
[2025-02-02T12:52:59.740+0000] {processor.py:914} INFO - Processing file /home/airflow/.local/lib/python3.12/site-packages/airflow/example_dags/example_workday_timetable.py for tasks to queue
[2025-02-02T12:52:59.758+0000] {logging_mixin.py:190} INFO - [2025-02-02T12:52:59.743+0000] {dagbag.py:588} INFO - Filling up the DagBag from /home/airflow/.local/lib/python3.12/site-packages/airflow/example_dags/example_workday_timetable.py
[2025-02-02T12:52:59.902+0000] {processor.py:925} INFO - DAG(s) 'example_workday_timetable' retrieved from /home/airflow/.local/lib/python3.12/site-packages/airflow/example_dags/example_workday_timetable.py
[2025-02-02T12:53:00.528+0000] {logging_mixin.py:190} INFO - [2025-02-02T12:53:00.490+0000] {dag.py:3239} INFO - Sync 1 DAGs
[2025-02-02T12:53:05.925+0000] {logging_mixin.py:190} INFO - [2025-02-02T12:53:05.924+0000] {dag.py:4180} INFO - Setting next_dagrun for example_workday_timetable to 2021-01-04 00:00:00+00:00, run_after=2021-01-05 00:00:00+00:00
[2025-02-02T12:53:06.460+0000] {processor.py:208} INFO - Processing /home/airflow/.local/lib/python3.12/site-packages/airflow/example_dags/example_workday_timetable.py took 6.864 seconds
[2025-02-02T13:07:36.170+0000] {processor.py:186} INFO - Started process (PID=116) to work on /home/airflow/.local/lib/python3.12/site-packages/airflow/example_dags/example_workday_timetable.py
[2025-02-02T13:07:36.179+0000] {processor.py:914} INFO - Processing file /home/airflow/.local/lib/python3.12/site-packages/airflow/example_dags/example_workday_timetable.py for tasks to queue
[2025-02-02T13:07:36.185+0000] {logging_mixin.py:190} INFO - [2025-02-02T13:07:36.184+0000] {dagbag.py:588} INFO - Filling up the DagBag from /home/airflow/.local/lib/python3.12/site-packages/airflow/example_dags/example_workday_timetable.py
[2025-02-02T13:07:36.201+0000] {processor.py:925} INFO - DAG(s) 'example_workday_timetable' retrieved from /home/airflow/.local/lib/python3.12/site-packages/airflow/example_dags/example_workday_timetable.py
[2025-02-02T13:07:36.273+0000] {logging_mixin.py:190} INFO - [2025-02-02T13:07:36.273+0000] {dag.py:3239} INFO - Sync 1 DAGs
[2025-02-02T13:07:36.771+0000] {logging_mixin.py:190} INFO - [2025-02-02T13:07:36.770+0000] {dag.py:4180} INFO - Setting next_dagrun for example_workday_timetable to 2021-01-04 00:00:00+00:00, run_after=2021-01-05 00:00:00+00:00
[2025-02-02T13:07:36.828+0000] {processor.py:208} INFO - Processing /home/airflow/.local/lib/python3.12/site-packages/airflow/example_dags/example_workday_timetable.py took 0.674 seconds
[2025-02-02T13:08:29.117+0000] {processor.py:186} INFO - Started process (PID=185) to work on /home/airflow/.local/lib/python3.12/site-packages/airflow/example_dags/example_workday_timetable.py
[2025-02-02T13:08:29.129+0000] {processor.py:914} INFO - Processing file /home/airflow/.local/lib/python3.12/site-packages/airflow/example_dags/example_workday_timetable.py for tasks to queue
[2025-02-02T13:08:29.141+0000] {logging_mixin.py:190} INFO - [2025-02-02T13:08:29.140+0000] {dagbag.py:588} INFO - Filling up the DagBag from /home/airflow/.local/lib/python3.12/site-packages/airflow/example_dags/example_workday_timetable.py
[2025-02-02T13:08:29.181+0000] {processor.py:925} INFO - DAG(s) 'example_workday_timetable' retrieved from /home/airflow/.local/lib/python3.12/site-packages/airflow/example_dags/example_workday_timetable.py
[2025-02-02T13:08:29.280+0000] {logging_mixin.py:190} INFO - [2025-02-02T13:08:29.280+0000] {dag.py:3239} INFO - Sync 1 DAGs
[2025-02-02T13:08:30.098+0000] {logging_mixin.py:190} INFO - [2025-02-02T13:08:30.091+0000] {dag.py:4180} INFO - Setting next_dagrun for example_workday_timetable to 2021-01-04 00:00:00+00:00, run_after=2021-01-05 00:00:00+00:00
[2025-02-02T13:08:30.262+0000] {processor.py:208} INFO - Processing /home/airflow/.local/lib/python3.12/site-packages/airflow/example_dags/example_workday_timetable.py took 1.173 seconds
