[2025-02-02T12:41:56.295+0000] {processor.py:186} INFO - Started process (PID=121) to work on /home/airflow/.local/lib/python3.12/site-packages/airflow/example_dags/example_dynamic_task_mapping_with_no_taskflow_operators.py
[2025-02-02T12:41:56.347+0000] {processor.py:914} INFO - Processing file /home/airflow/.local/lib/python3.12/site-packages/airflow/example_dags/example_dynamic_task_mapping_with_no_taskflow_operators.py for tasks to queue
[2025-02-02T12:41:56.413+0000] {logging_mixin.py:190} INFO - [2025-02-02T12:41:56.411+0000] {dagbag.py:588} INFO - Filling up the DagBag from /home/airflow/.local/lib/python3.12/site-packages/airflow/example_dags/example_dynamic_task_mapping_with_no_taskflow_operators.py
[2025-02-02T12:41:56.661+0000] {processor.py:925} INFO - DAG(s) 'example_dynamic_task_mapping_with_no_taskflow_operators' retrieved from /home/airflow/.local/lib/python3.12/site-packages/airflow/example_dags/example_dynamic_task_mapping_with_no_taskflow_operators.py
[2025-02-02T12:41:57.846+0000] {logging_mixin.py:190} INFO - [2025-02-02T12:41:57.837+0000] {override.py:1911} INFO - Created Permission View: can edit on DAG:example_dynamic_task_mapping_with_no_taskflow_operators
[2025-02-02T12:41:58.112+0000] {logging_mixin.py:190} INFO - [2025-02-02T12:41:58.111+0000] {override.py:1911} INFO - Created Permission View: can delete on DAG:example_dynamic_task_mapping_with_no_taskflow_operators
[2025-02-02T12:41:58.255+0000] {logging_mixin.py:190} INFO - [2025-02-02T12:41:58.254+0000] {override.py:1911} INFO - Created Permission View: can read on DAG:example_dynamic_task_mapping_with_no_taskflow_operators
[2025-02-02T12:41:58.498+0000] {logging_mixin.py:190} INFO - [2025-02-02T12:41:58.495+0000] {override.py:1911} INFO - Created Permission View: menu access on DAG Run:example_dynamic_task_mapping_with_no_taskflow_operators
[2025-02-02T12:41:58.542+0000] {logging_mixin.py:190} INFO - [2025-02-02T12:41:58.541+0000] {override.py:1911} INFO - Created Permission View: can create on DAG Run:example_dynamic_task_mapping_with_no_taskflow_operators
[2025-02-02T12:41:58.635+0000] {logging_mixin.py:190} INFO - [2025-02-02T12:41:58.635+0000] {override.py:1911} INFO - Created Permission View: can delete on DAG Run:example_dynamic_task_mapping_with_no_taskflow_operators
[2025-02-02T12:41:58.841+0000] {logging_mixin.py:190} INFO - [2025-02-02T12:41:58.840+0000] {override.py:1911} INFO - Created Permission View: can read on DAG Run:example_dynamic_task_mapping_with_no_taskflow_operators
[2025-02-02T12:41:58.857+0000] {logging_mixin.py:190} INFO - [2025-02-02T12:41:58.856+0000] {dag.py:3239} INFO - Sync 1 DAGs
[2025-02-02T12:41:59.219+0000] {logging_mixin.py:190} INFO - [2025-02-02T12:41:59.219+0000] {dag.py:3262} INFO - Creating ORM DAG for example_dynamic_task_mapping_with_no_taskflow_operators
[2025-02-02T12:41:59.248+0000] {logging_mixin.py:190} INFO - [2025-02-02T12:41:59.247+0000] {dag.py:4180} INFO - Setting next_dagrun for example_dynamic_task_mapping_with_no_taskflow_operators to None, run_after=None
[2025-02-02T12:41:59.375+0000] {processor.py:208} INFO - Processing /home/airflow/.local/lib/python3.12/site-packages/airflow/example_dags/example_dynamic_task_mapping_with_no_taskflow_operators.py took 3.218 seconds
[2025-02-02T12:52:20.213+0000] {processor.py:186} INFO - Started process (PID=365) to work on /home/airflow/.local/lib/python3.12/site-packages/airflow/example_dags/example_dynamic_task_mapping_with_no_taskflow_operators.py
[2025-02-02T12:52:20.263+0000] {processor.py:914} INFO - Processing file /home/airflow/.local/lib/python3.12/site-packages/airflow/example_dags/example_dynamic_task_mapping_with_no_taskflow_operators.py for tasks to queue
[2025-02-02T12:52:20.280+0000] {logging_mixin.py:190} INFO - [2025-02-02T12:52:20.279+0000] {dagbag.py:588} INFO - Filling up the DagBag from /home/airflow/.local/lib/python3.12/site-packages/airflow/example_dags/example_dynamic_task_mapping_with_no_taskflow_operators.py
[2025-02-02T12:52:20.602+0000] {processor.py:925} INFO - DAG(s) 'example_dynamic_task_mapping_with_no_taskflow_operators' retrieved from /home/airflow/.local/lib/python3.12/site-packages/airflow/example_dags/example_dynamic_task_mapping_with_no_taskflow_operators.py
[2025-02-02T12:52:21.192+0000] {logging_mixin.py:190} INFO - [2025-02-02T12:52:21.191+0000] {dag.py:3239} INFO - Sync 1 DAGs
[2025-02-02T12:52:21.811+0000] {logging_mixin.py:190} INFO - [2025-02-02T12:52:21.743+0000] {dag.py:4180} INFO - Setting next_dagrun for example_dynamic_task_mapping_with_no_taskflow_operators to None, run_after=None
[2025-02-02T12:52:22.503+0000] {processor.py:208} INFO - Processing /home/airflow/.local/lib/python3.12/site-packages/airflow/example_dags/example_dynamic_task_mapping_with_no_taskflow_operators.py took 2.444 seconds
[2025-02-02T13:07:32.314+0000] {processor.py:186} INFO - Started process (PID=108) to work on /home/airflow/.local/lib/python3.12/site-packages/airflow/example_dags/example_dynamic_task_mapping_with_no_taskflow_operators.py
[2025-02-02T13:07:32.323+0000] {processor.py:914} INFO - Processing file /home/airflow/.local/lib/python3.12/site-packages/airflow/example_dags/example_dynamic_task_mapping_with_no_taskflow_operators.py for tasks to queue
[2025-02-02T13:07:32.328+0000] {logging_mixin.py:190} INFO - [2025-02-02T13:07:32.327+0000] {dagbag.py:588} INFO - Filling up the DagBag from /home/airflow/.local/lib/python3.12/site-packages/airflow/example_dags/example_dynamic_task_mapping_with_no_taskflow_operators.py
[2025-02-02T13:07:32.349+0000] {processor.py:925} INFO - DAG(s) 'example_dynamic_task_mapping_with_no_taskflow_operators' retrieved from /home/airflow/.local/lib/python3.12/site-packages/airflow/example_dags/example_dynamic_task_mapping_with_no_taskflow_operators.py
[2025-02-02T13:07:32.396+0000] {logging_mixin.py:190} INFO - [2025-02-02T13:07:32.395+0000] {dag.py:3239} INFO - Sync 1 DAGs
[2025-02-02T13:07:32.433+0000] {logging_mixin.py:190} INFO - [2025-02-02T13:07:32.433+0000] {dag.py:4180} INFO - Setting next_dagrun for example_dynamic_task_mapping_with_no_taskflow_operators to None, run_after=None
[2025-02-02T13:07:32.477+0000] {processor.py:208} INFO - Processing /home/airflow/.local/lib/python3.12/site-packages/airflow/example_dags/example_dynamic_task_mapping_with_no_taskflow_operators.py took 0.179 seconds
[2025-02-02T13:08:22.315+0000] {processor.py:186} INFO - Started process (PID=172) to work on /home/airflow/.local/lib/python3.12/site-packages/airflow/example_dags/example_dynamic_task_mapping_with_no_taskflow_operators.py
[2025-02-02T13:08:22.346+0000] {processor.py:914} INFO - Processing file /home/airflow/.local/lib/python3.12/site-packages/airflow/example_dags/example_dynamic_task_mapping_with_no_taskflow_operators.py for tasks to queue
[2025-02-02T13:08:22.359+0000] {logging_mixin.py:190} INFO - [2025-02-02T13:08:22.354+0000] {dagbag.py:588} INFO - Filling up the DagBag from /home/airflow/.local/lib/python3.12/site-packages/airflow/example_dags/example_dynamic_task_mapping_with_no_taskflow_operators.py
[2025-02-02T13:08:22.496+0000] {processor.py:925} INFO - DAG(s) 'example_dynamic_task_mapping_with_no_taskflow_operators' retrieved from /home/airflow/.local/lib/python3.12/site-packages/airflow/example_dags/example_dynamic_task_mapping_with_no_taskflow_operators.py
[2025-02-02T13:08:22.594+0000] {logging_mixin.py:190} INFO - [2025-02-02T13:08:22.593+0000] {dag.py:3239} INFO - Sync 1 DAGs
[2025-02-02T13:08:22.724+0000] {logging_mixin.py:190} INFO - [2025-02-02T13:08:22.724+0000] {dag.py:4180} INFO - Setting next_dagrun for example_dynamic_task_mapping_with_no_taskflow_operators to None, run_after=None
[2025-02-02T13:08:22.874+0000] {processor.py:208} INFO - Processing /home/airflow/.local/lib/python3.12/site-packages/airflow/example_dags/example_dynamic_task_mapping_with_no_taskflow_operators.py took 0.615 seconds
