[2025-02-02T12:42:30.101+0000] {processor.py:186} INFO - Started process (PID=134) to work on /home/airflow/.local/lib/python3.12/site-packages/airflow/example_dags/example_skip_dag.py
[2025-02-02T12:42:30.166+0000] {processor.py:914} INFO - Processing file /home/airflow/.local/lib/python3.12/site-packages/airflow/example_dags/example_skip_dag.py for tasks to queue
[2025-02-02T12:42:30.379+0000] {logging_mixin.py:190} INFO - [2025-02-02T12:42:30.365+0000] {dagbag.py:588} INFO - Filling up the DagBag from /home/airflow/.local/lib/python3.12/site-packages/airflow/example_dags/example_skip_dag.py
[2025-02-02T12:42:30.715+0000] {processor.py:925} INFO - DAG(s) 'example_skip_dag' retrieved from /home/airflow/.local/lib/python3.12/site-packages/airflow/example_dags/example_skip_dag.py
[2025-02-02T12:42:34.968+0000] {logging_mixin.py:190} INFO - [2025-02-02T12:42:34.956+0000] {override.py:1911} INFO - Created Permission View: can edit on DAG:example_skip_dag
[2025-02-02T12:42:35.144+0000] {logging_mixin.py:190} INFO - [2025-02-02T12:42:35.143+0000] {override.py:1911} INFO - Created Permission View: can delete on DAG:example_skip_dag
[2025-02-02T12:42:35.231+0000] {logging_mixin.py:190} INFO - [2025-02-02T12:42:35.230+0000] {override.py:1911} INFO - Created Permission View: can read on DAG:example_skip_dag
[2025-02-02T12:42:35.279+0000] {logging_mixin.py:190} INFO - [2025-02-02T12:42:35.279+0000] {override.py:1911} INFO - Created Permission View: menu access on DAG Run:example_skip_dag
[2025-02-02T12:42:35.331+0000] {logging_mixin.py:190} INFO - [2025-02-02T12:42:35.330+0000] {override.py:1911} INFO - Created Permission View: can create on DAG Run:example_skip_dag
[2025-02-02T12:42:35.381+0000] {logging_mixin.py:190} INFO - [2025-02-02T12:42:35.380+0000] {override.py:1911} INFO - Created Permission View: can delete on DAG Run:example_skip_dag
[2025-02-02T12:42:35.423+0000] {logging_mixin.py:190} INFO - [2025-02-02T12:42:35.422+0000] {override.py:1911} INFO - Created Permission View: can read on DAG Run:example_skip_dag
[2025-02-02T12:42:35.424+0000] {logging_mixin.py:190} INFO - [2025-02-02T12:42:35.424+0000] {dag.py:3239} INFO - Sync 1 DAGs
[2025-02-02T12:42:35.651+0000] {logging_mixin.py:190} INFO - [2025-02-02T12:42:35.651+0000] {dag.py:3262} INFO - Creating ORM DAG for example_skip_dag
[2025-02-02T12:42:35.784+0000] {logging_mixin.py:190} INFO - [2025-02-02T12:42:35.784+0000] {dag.py:4180} INFO - Setting next_dagrun for example_skip_dag to 2025-02-01 00:00:00+00:00, run_after=2025-02-02 00:00:00+00:00
[2025-02-02T12:42:36.203+0000] {processor.py:208} INFO - Processing /home/airflow/.local/lib/python3.12/site-packages/airflow/example_dags/example_skip_dag.py took 6.326 seconds
[2025-02-02T12:52:54.235+0000] {processor.py:186} INFO - Started process (PID=406) to work on /home/airflow/.local/lib/python3.12/site-packages/airflow/example_dags/example_skip_dag.py
[2025-02-02T12:52:54.327+0000] {processor.py:914} INFO - Processing file /home/airflow/.local/lib/python3.12/site-packages/airflow/example_dags/example_skip_dag.py for tasks to queue
[2025-02-02T12:52:54.332+0000] {logging_mixin.py:190} INFO - [2025-02-02T12:52:54.331+0000] {dagbag.py:588} INFO - Filling up the DagBag from /home/airflow/.local/lib/python3.12/site-packages/airflow/example_dags/example_skip_dag.py
[2025-02-02T12:52:54.886+0000] {processor.py:925} INFO - DAG(s) 'example_skip_dag' retrieved from /home/airflow/.local/lib/python3.12/site-packages/airflow/example_dags/example_skip_dag.py
[2025-02-02T12:52:55.407+0000] {logging_mixin.py:190} INFO - [2025-02-02T12:52:55.407+0000] {dag.py:3239} INFO - Sync 1 DAGs
[2025-02-02T12:52:57.297+0000] {logging_mixin.py:190} INFO - [2025-02-02T12:52:57.296+0000] {dag.py:4180} INFO - Setting next_dagrun for example_skip_dag to 2025-02-01 00:00:00+00:00, run_after=2025-02-02 00:00:00+00:00
[2025-02-02T12:52:58.970+0000] {processor.py:208} INFO - Processing /home/airflow/.local/lib/python3.12/site-packages/airflow/example_dags/example_skip_dag.py took 4.945 seconds
[2025-02-02T13:07:35.695+0000] {processor.py:186} INFO - Started process (PID=115) to work on /home/airflow/.local/lib/python3.12/site-packages/airflow/example_dags/example_skip_dag.py
[2025-02-02T13:07:35.699+0000] {processor.py:914} INFO - Processing file /home/airflow/.local/lib/python3.12/site-packages/airflow/example_dags/example_skip_dag.py for tasks to queue
[2025-02-02T13:07:35.705+0000] {logging_mixin.py:190} INFO - [2025-02-02T13:07:35.704+0000] {dagbag.py:588} INFO - Filling up the DagBag from /home/airflow/.local/lib/python3.12/site-packages/airflow/example_dags/example_skip_dag.py
[2025-02-02T13:07:35.727+0000] {processor.py:925} INFO - DAG(s) 'example_skip_dag' retrieved from /home/airflow/.local/lib/python3.12/site-packages/airflow/example_dags/example_skip_dag.py
[2025-02-02T13:07:35.832+0000] {logging_mixin.py:190} INFO - [2025-02-02T13:07:35.830+0000] {dag.py:3239} INFO - Sync 1 DAGs
[2025-02-02T13:07:35.999+0000] {logging_mixin.py:190} INFO - [2025-02-02T13:07:35.998+0000] {dag.py:4180} INFO - Setting next_dagrun for example_skip_dag to 2025-02-01 00:00:00+00:00, run_after=2025-02-02 00:00:00+00:00
[2025-02-02T13:07:36.080+0000] {processor.py:208} INFO - Processing /home/airflow/.local/lib/python3.12/site-packages/airflow/example_dags/example_skip_dag.py took 0.401 seconds
[2025-02-02T13:08:28.252+0000] {processor.py:186} INFO - Started process (PID=184) to work on /home/airflow/.local/lib/python3.12/site-packages/airflow/example_dags/example_skip_dag.py
[2025-02-02T13:08:28.283+0000] {processor.py:914} INFO - Processing file /home/airflow/.local/lib/python3.12/site-packages/airflow/example_dags/example_skip_dag.py for tasks to queue
[2025-02-02T13:08:28.317+0000] {logging_mixin.py:190} INFO - [2025-02-02T13:08:28.316+0000] {dagbag.py:588} INFO - Filling up the DagBag from /home/airflow/.local/lib/python3.12/site-packages/airflow/example_dags/example_skip_dag.py
[2025-02-02T13:08:28.414+0000] {processor.py:925} INFO - DAG(s) 'example_skip_dag' retrieved from /home/airflow/.local/lib/python3.12/site-packages/airflow/example_dags/example_skip_dag.py
[2025-02-02T13:08:28.589+0000] {logging_mixin.py:190} INFO - [2025-02-02T13:08:28.586+0000] {dag.py:3239} INFO - Sync 1 DAGs
[2025-02-02T13:08:28.758+0000] {logging_mixin.py:190} INFO - [2025-02-02T13:08:28.758+0000] {dag.py:4180} INFO - Setting next_dagrun for example_skip_dag to 2025-02-01 00:00:00+00:00, run_after=2025-02-02 00:00:00+00:00
[2025-02-02T13:08:28.990+0000] {processor.py:208} INFO - Processing /home/airflow/.local/lib/python3.12/site-packages/airflow/example_dags/example_skip_dag.py took 0.805 seconds
