[2025-02-02T12:41:57.602+0000] {processor.py:186} INFO - Started process (PID=122) to work on /home/airflow/.local/lib/python3.12/site-packages/airflow/example_dags/example_kubernetes_executor.py
[2025-02-02T12:41:57.618+0000] {processor.py:914} INFO - Processing file /home/airflow/.local/lib/python3.12/site-packages/airflow/example_dags/example_kubernetes_executor.py for tasks to queue
[2025-02-02T12:41:57.634+0000] {logging_mixin.py:190} INFO - [2025-02-02T12:41:57.633+0000] {dagbag.py:588} INFO - Filling up the DagBag from /home/airflow/.local/lib/python3.12/site-packages/airflow/example_dags/example_kubernetes_executor.py
[2025-02-02T12:41:57.860+0000] {processor.py:925} INFO - DAG(s) 'example_kubernetes_executor' retrieved from /home/airflow/.local/lib/python3.12/site-packages/airflow/example_dags/example_kubernetes_executor.py
[2025-02-02T12:42:00.560+0000] {logging_mixin.py:190} INFO - [2025-02-02T12:42:00.557+0000] {override.py:1911} INFO - Created Permission View: can edit on DAG:example_kubernetes_executor
[2025-02-02T12:42:00.862+0000] {logging_mixin.py:190} INFO - [2025-02-02T12:42:00.862+0000] {override.py:1911} INFO - Created Permission View: can delete on DAG:example_kubernetes_executor
[2025-02-02T12:42:00.958+0000] {logging_mixin.py:190} INFO - [2025-02-02T12:42:00.957+0000] {override.py:1911} INFO - Created Permission View: can read on DAG:example_kubernetes_executor
[2025-02-02T12:42:01.368+0000] {logging_mixin.py:190} INFO - [2025-02-02T12:42:01.362+0000] {override.py:1911} INFO - Created Permission View: menu access on DAG Run:example_kubernetes_executor
[2025-02-02T12:42:01.800+0000] {logging_mixin.py:190} INFO - [2025-02-02T12:42:01.799+0000] {override.py:1911} INFO - Created Permission View: can create on DAG Run:example_kubernetes_executor
[2025-02-02T12:42:02.107+0000] {logging_mixin.py:190} INFO - [2025-02-02T12:42:02.104+0000] {override.py:1911} INFO - Created Permission View: can delete on DAG Run:example_kubernetes_executor
[2025-02-02T12:42:02.508+0000] {logging_mixin.py:190} INFO - [2025-02-02T12:42:02.503+0000] {override.py:1911} INFO - Created Permission View: can read on DAG Run:example_kubernetes_executor
[2025-02-02T12:42:02.576+0000] {logging_mixin.py:190} INFO - [2025-02-02T12:42:02.575+0000] {dag.py:3239} INFO - Sync 1 DAGs
[2025-02-02T12:42:02.923+0000] {logging_mixin.py:190} INFO - [2025-02-02T12:42:02.922+0000] {dag.py:3262} INFO - Creating ORM DAG for example_kubernetes_executor
[2025-02-02T12:42:02.925+0000] {logging_mixin.py:190} INFO - [2025-02-02T12:42:02.924+0000] {dag.py:4180} INFO - Setting next_dagrun for example_kubernetes_executor to None, run_after=None
[2025-02-02T12:42:03.142+0000] {processor.py:208} INFO - Processing /home/airflow/.local/lib/python3.12/site-packages/airflow/example_dags/example_kubernetes_executor.py took 5.582 seconds
[2025-02-02T12:52:23.292+0000] {processor.py:186} INFO - Started process (PID=370) to work on /home/airflow/.local/lib/python3.12/site-packages/airflow/example_dags/example_kubernetes_executor.py
[2025-02-02T12:52:23.325+0000] {processor.py:914} INFO - Processing file /home/airflow/.local/lib/python3.12/site-packages/airflow/example_dags/example_kubernetes_executor.py for tasks to queue
[2025-02-02T12:52:23.345+0000] {logging_mixin.py:190} INFO - [2025-02-02T12:52:23.344+0000] {dagbag.py:588} INFO - Filling up the DagBag from /home/airflow/.local/lib/python3.12/site-packages/airflow/example_dags/example_kubernetes_executor.py
[2025-02-02T12:52:23.827+0000] {processor.py:925} INFO - DAG(s) 'example_kubernetes_executor' retrieved from /home/airflow/.local/lib/python3.12/site-packages/airflow/example_dags/example_kubernetes_executor.py
[2025-02-02T12:52:24.424+0000] {logging_mixin.py:190} INFO - [2025-02-02T12:52:24.423+0000] {dag.py:3239} INFO - Sync 1 DAGs
[2025-02-02T12:52:24.921+0000] {logging_mixin.py:190} INFO - [2025-02-02T12:52:24.920+0000] {dag.py:4180} INFO - Setting next_dagrun for example_kubernetes_executor to None, run_after=None
[2025-02-02T12:52:25.172+0000] {processor.py:208} INFO - Processing /home/airflow/.local/lib/python3.12/site-packages/airflow/example_dags/example_kubernetes_executor.py took 1.975 seconds
[2025-02-02T13:07:32.563+0000] {processor.py:186} INFO - Started process (PID=109) to work on /home/airflow/.local/lib/python3.12/site-packages/airflow/example_dags/example_kubernetes_executor.py
[2025-02-02T13:07:32.624+0000] {processor.py:914} INFO - Processing file /home/airflow/.local/lib/python3.12/site-packages/airflow/example_dags/example_kubernetes_executor.py for tasks to queue
[2025-02-02T13:07:32.629+0000] {logging_mixin.py:190} INFO - [2025-02-02T13:07:32.628+0000] {dagbag.py:588} INFO - Filling up the DagBag from /home/airflow/.local/lib/python3.12/site-packages/airflow/example_dags/example_kubernetes_executor.py
[2025-02-02T13:07:32.674+0000] {processor.py:925} INFO - DAG(s) 'example_kubernetes_executor' retrieved from /home/airflow/.local/lib/python3.12/site-packages/airflow/example_dags/example_kubernetes_executor.py
[2025-02-02T13:07:32.734+0000] {logging_mixin.py:190} INFO - [2025-02-02T13:07:32.734+0000] {dag.py:3239} INFO - Sync 1 DAGs
[2025-02-02T13:07:32.776+0000] {logging_mixin.py:190} INFO - [2025-02-02T13:07:32.776+0000] {dag.py:4180} INFO - Setting next_dagrun for example_kubernetes_executor to None, run_after=None
[2025-02-02T13:07:32.820+0000] {processor.py:208} INFO - Processing /home/airflow/.local/lib/python3.12/site-packages/airflow/example_dags/example_kubernetes_executor.py took 0.276 seconds
[2025-02-02T13:08:22.811+0000] {processor.py:186} INFO - Started process (PID=173) to work on /home/airflow/.local/lib/python3.12/site-packages/airflow/example_dags/example_kubernetes_executor.py
[2025-02-02T13:08:22.825+0000] {processor.py:914} INFO - Processing file /home/airflow/.local/lib/python3.12/site-packages/airflow/example_dags/example_kubernetes_executor.py for tasks to queue
[2025-02-02T13:08:22.836+0000] {logging_mixin.py:190} INFO - [2025-02-02T13:08:22.830+0000] {dagbag.py:588} INFO - Filling up the DagBag from /home/airflow/.local/lib/python3.12/site-packages/airflow/example_dags/example_kubernetes_executor.py
[2025-02-02T13:08:22.962+0000] {processor.py:925} INFO - DAG(s) 'example_kubernetes_executor' retrieved from /home/airflow/.local/lib/python3.12/site-packages/airflow/example_dags/example_kubernetes_executor.py
[2025-02-02T13:08:23.090+0000] {logging_mixin.py:190} INFO - [2025-02-02T13:08:23.089+0000] {dag.py:3239} INFO - Sync 1 DAGs
[2025-02-02T13:08:23.164+0000] {logging_mixin.py:190} INFO - [2025-02-02T13:08:23.163+0000] {dag.py:4180} INFO - Setting next_dagrun for example_kubernetes_executor to None, run_after=None
[2025-02-02T13:08:23.284+0000] {processor.py:208} INFO - Processing /home/airflow/.local/lib/python3.12/site-packages/airflow/example_dags/example_kubernetes_executor.py took 0.494 seconds
