[2025-02-02T12:41:23.323+0000] {processor.py:186} INFO - Started process (PID=99) to work on /home/airflow/.local/lib/python3.12/site-packages/airflow/example_dags/example_params_trigger_ui.py
[2025-02-02T12:41:23.327+0000] {processor.py:914} INFO - Processing file /home/airflow/.local/lib/python3.12/site-packages/airflow/example_dags/example_params_trigger_ui.py for tasks to queue
[2025-02-02T12:41:23.353+0000] {logging_mixin.py:190} INFO - [2025-02-02T12:41:23.351+0000] {dagbag.py:588} INFO - Filling up the DagBag from /home/airflow/.local/lib/python3.12/site-packages/airflow/example_dags/example_params_trigger_ui.py
[2025-02-02T12:41:23.486+0000] {processor.py:925} INFO - DAG(s) 'example_params_trigger_ui' retrieved from /home/airflow/.local/lib/python3.12/site-packages/airflow/example_dags/example_params_trigger_ui.py
[2025-02-02T12:41:25.952+0000] {logging_mixin.py:190} INFO - [2025-02-02T12:41:25.950+0000] {override.py:1911} INFO - Created Permission View: can edit on DAG:example_params_trigger_ui
[2025-02-02T12:41:26.013+0000] {logging_mixin.py:190} INFO - [2025-02-02T12:41:26.013+0000] {override.py:1911} INFO - Created Permission View: can delete on DAG:example_params_trigger_ui
[2025-02-02T12:41:26.078+0000] {logging_mixin.py:190} INFO - [2025-02-02T12:41:26.078+0000] {override.py:1911} INFO - Created Permission View: can read on DAG:example_params_trigger_ui
[2025-02-02T12:41:26.147+0000] {logging_mixin.py:190} INFO - [2025-02-02T12:41:26.145+0000] {override.py:1911} INFO - Created Permission View: menu access on DAG Run:example_params_trigger_ui
[2025-02-02T12:41:26.218+0000] {logging_mixin.py:190} INFO - [2025-02-02T12:41:26.214+0000] {override.py:1911} INFO - Created Permission View: can create on DAG Run:example_params_trigger_ui
[2025-02-02T12:41:26.318+0000] {logging_mixin.py:190} INFO - [2025-02-02T12:41:26.317+0000] {override.py:1911} INFO - Created Permission View: can delete on DAG Run:example_params_trigger_ui
[2025-02-02T12:41:26.449+0000] {logging_mixin.py:190} INFO - [2025-02-02T12:41:26.449+0000] {override.py:1911} INFO - Created Permission View: can read on DAG Run:example_params_trigger_ui
[2025-02-02T12:41:26.465+0000] {logging_mixin.py:190} INFO - [2025-02-02T12:41:26.465+0000] {dag.py:3239} INFO - Sync 1 DAGs
[2025-02-02T12:41:26.589+0000] {logging_mixin.py:190} INFO - [2025-02-02T12:41:26.588+0000] {dag.py:3262} INFO - Creating ORM DAG for example_params_trigger_ui
[2025-02-02T12:41:26.600+0000] {logging_mixin.py:190} INFO - [2025-02-02T12:41:26.600+0000] {dag.py:4180} INFO - Setting next_dagrun for example_params_trigger_ui to None, run_after=None
[2025-02-02T12:41:26.859+0000] {processor.py:208} INFO - Processing /home/airflow/.local/lib/python3.12/site-packages/airflow/example_dags/example_params_trigger_ui.py took 3.645 seconds
[2025-02-02T12:51:54.954+0000] {processor.py:186} INFO - Started process (PID=310) to work on /home/airflow/.local/lib/python3.12/site-packages/airflow/example_dags/example_params_trigger_ui.py
[2025-02-02T12:51:55.011+0000] {processor.py:914} INFO - Processing file /home/airflow/.local/lib/python3.12/site-packages/airflow/example_dags/example_params_trigger_ui.py for tasks to queue
[2025-02-02T12:51:55.050+0000] {logging_mixin.py:190} INFO - [2025-02-02T12:51:55.047+0000] {dagbag.py:588} INFO - Filling up the DagBag from /home/airflow/.local/lib/python3.12/site-packages/airflow/example_dags/example_params_trigger_ui.py
[2025-02-02T12:51:55.276+0000] {processor.py:925} INFO - DAG(s) 'example_params_trigger_ui' retrieved from /home/airflow/.local/lib/python3.12/site-packages/airflow/example_dags/example_params_trigger_ui.py
[2025-02-02T12:51:56.483+0000] {logging_mixin.py:190} INFO - [2025-02-02T12:51:56.454+0000] {dag.py:3239} INFO - Sync 1 DAGs
[2025-02-02T12:51:57.181+0000] {logging_mixin.py:190} INFO - [2025-02-02T12:51:57.181+0000] {dag.py:4180} INFO - Setting next_dagrun for example_params_trigger_ui to None, run_after=None
[2025-02-02T12:51:57.837+0000] {processor.py:208} INFO - Processing /home/airflow/.local/lib/python3.12/site-packages/airflow/example_dags/example_params_trigger_ui.py took 3.038 seconds
[2025-02-02T12:54:27.474+0000] {processor.py:186} INFO - Started process (PID=621) to work on /home/airflow/.local/lib/python3.12/site-packages/airflow/example_dags/example_params_trigger_ui.py
[2025-02-02T12:54:27.491+0000] {processor.py:914} INFO - Processing file /home/airflow/.local/lib/python3.12/site-packages/airflow/example_dags/example_params_trigger_ui.py for tasks to queue
[2025-02-02T12:54:27.505+0000] {logging_mixin.py:190} INFO - [2025-02-02T12:54:27.504+0000] {dagbag.py:588} INFO - Filling up the DagBag from /home/airflow/.local/lib/python3.12/site-packages/airflow/example_dags/example_params_trigger_ui.py
[2025-02-02T12:54:27.639+0000] {processor.py:925} INFO - DAG(s) 'example_params_trigger_ui' retrieved from /home/airflow/.local/lib/python3.12/site-packages/airflow/example_dags/example_params_trigger_ui.py
[2025-02-02T12:54:28.051+0000] {logging_mixin.py:190} INFO - [2025-02-02T12:54:28.050+0000] {dag.py:3239} INFO - Sync 1 DAGs
[2025-02-02T12:54:28.153+0000] {logging_mixin.py:190} INFO - [2025-02-02T12:54:28.136+0000] {dag.py:4180} INFO - Setting next_dagrun for example_params_trigger_ui to None, run_after=None
[2025-02-02T12:54:28.295+0000] {processor.py:208} INFO - Processing /home/airflow/.local/lib/python3.12/site-packages/airflow/example_dags/example_params_trigger_ui.py took 0.867 seconds
[2025-02-02T13:07:30.127+0000] {processor.py:186} INFO - Started process (PID=98) to work on /home/airflow/.local/lib/python3.12/site-packages/airflow/example_dags/example_params_trigger_ui.py
[2025-02-02T13:07:30.142+0000] {processor.py:914} INFO - Processing file /home/airflow/.local/lib/python3.12/site-packages/airflow/example_dags/example_params_trigger_ui.py for tasks to queue
[2025-02-02T13:07:30.156+0000] {logging_mixin.py:190} INFO - [2025-02-02T13:07:30.155+0000] {dagbag.py:588} INFO - Filling up the DagBag from /home/airflow/.local/lib/python3.12/site-packages/airflow/example_dags/example_params_trigger_ui.py
[2025-02-02T13:07:30.220+0000] {processor.py:925} INFO - DAG(s) 'example_params_trigger_ui' retrieved from /home/airflow/.local/lib/python3.12/site-packages/airflow/example_dags/example_params_trigger_ui.py
[2025-02-02T13:07:30.452+0000] {logging_mixin.py:190} INFO - [2025-02-02T13:07:30.446+0000] {dag.py:3239} INFO - Sync 1 DAGs
[2025-02-02T13:07:30.515+0000] {logging_mixin.py:190} INFO - [2025-02-02T13:07:30.514+0000] {dag.py:4180} INFO - Setting next_dagrun for example_params_trigger_ui to None, run_after=None
[2025-02-02T13:07:30.613+0000] {processor.py:208} INFO - Processing /home/airflow/.local/lib/python3.12/site-packages/airflow/example_dags/example_params_trigger_ui.py took 0.509 seconds
[2025-02-02T13:08:17.655+0000] {processor.py:186} INFO - Started process (PID=162) to work on /home/airflow/.local/lib/python3.12/site-packages/airflow/example_dags/example_params_trigger_ui.py
[2025-02-02T13:08:17.683+0000] {processor.py:914} INFO - Processing file /home/airflow/.local/lib/python3.12/site-packages/airflow/example_dags/example_params_trigger_ui.py for tasks to queue
[2025-02-02T13:08:17.694+0000] {logging_mixin.py:190} INFO - [2025-02-02T13:08:17.692+0000] {dagbag.py:588} INFO - Filling up the DagBag from /home/airflow/.local/lib/python3.12/site-packages/airflow/example_dags/example_params_trigger_ui.py
[2025-02-02T13:08:17.756+0000] {processor.py:925} INFO - DAG(s) 'example_params_trigger_ui' retrieved from /home/airflow/.local/lib/python3.12/site-packages/airflow/example_dags/example_params_trigger_ui.py
[2025-02-02T13:08:18.155+0000] {logging_mixin.py:190} INFO - [2025-02-02T13:08:18.154+0000] {dag.py:3239} INFO - Sync 1 DAGs
[2025-02-02T13:08:18.300+0000] {logging_mixin.py:190} INFO - [2025-02-02T13:08:18.300+0000] {dag.py:4180} INFO - Setting next_dagrun for example_params_trigger_ui to None, run_after=None
[2025-02-02T13:08:18.365+0000] {processor.py:208} INFO - Processing /home/airflow/.local/lib/python3.12/site-packages/airflow/example_dags/example_params_trigger_ui.py took 0.868 seconds
