[2025-02-02T12:41:38.389+0000] {processor.py:186} INFO - Started process (PID=110) to work on /home/airflow/.local/lib/python3.12/site-packages/airflow/example_dags/example_latest_only.py
[2025-02-02T12:41:38.438+0000] {processor.py:914} INFO - Processing file /home/airflow/.local/lib/python3.12/site-packages/airflow/example_dags/example_latest_only.py for tasks to queue
[2025-02-02T12:41:38.501+0000] {logging_mixin.py:190} INFO - [2025-02-02T12:41:38.500+0000] {dagbag.py:588} INFO - Filling up the DagBag from /home/airflow/.local/lib/python3.12/site-packages/airflow/example_dags/example_latest_only.py
[2025-02-02T12:41:38.690+0000] {processor.py:925} INFO - DAG(s) 'latest_only' retrieved from /home/airflow/.local/lib/python3.12/site-packages/airflow/example_dags/example_latest_only.py
[2025-02-02T12:41:42.026+0000] {logging_mixin.py:190} INFO - [2025-02-02T12:41:42.024+0000] {override.py:1911} INFO - Created Permission View: can edit on DAG:latest_only
[2025-02-02T12:41:42.272+0000] {logging_mixin.py:190} INFO - [2025-02-02T12:41:42.250+0000] {override.py:1911} INFO - Created Permission View: can delete on DAG:latest_only
[2025-02-02T12:41:42.343+0000] {logging_mixin.py:190} INFO - [2025-02-02T12:41:42.342+0000] {override.py:1911} INFO - Created Permission View: can read on DAG:latest_only
[2025-02-02T12:41:42.587+0000] {logging_mixin.py:190} INFO - [2025-02-02T12:41:42.586+0000] {override.py:1911} INFO - Created Permission View: menu access on DAG Run:latest_only
[2025-02-02T12:41:42.792+0000] {logging_mixin.py:190} INFO - [2025-02-02T12:41:42.732+0000] {override.py:1911} INFO - Created Permission View: can create on DAG Run:latest_only
[2025-02-02T12:41:42.922+0000] {logging_mixin.py:190} INFO - [2025-02-02T12:41:42.921+0000] {override.py:1911} INFO - Created Permission View: can delete on DAG Run:latest_only
[2025-02-02T12:41:43.140+0000] {logging_mixin.py:190} INFO - [2025-02-02T12:41:43.139+0000] {override.py:1911} INFO - Created Permission View: can read on DAG Run:latest_only
[2025-02-02T12:41:43.146+0000] {logging_mixin.py:190} INFO - [2025-02-02T12:41:43.146+0000] {dag.py:3239} INFO - Sync 1 DAGs
[2025-02-02T12:41:43.413+0000] {logging_mixin.py:190} INFO - [2025-02-02T12:41:43.412+0000] {dag.py:3262} INFO - Creating ORM DAG for latest_only
[2025-02-02T12:41:43.867+0000] {logging_mixin.py:190} INFO - [2025-02-02T12:41:43.856+0000] {dag.py:4180} INFO - Setting next_dagrun for latest_only to 2025-02-02 08:00:00+00:00, run_after=2025-02-02 12:00:00+00:00
[2025-02-02T12:41:44.293+0000] {processor.py:208} INFO - Processing /home/airflow/.local/lib/python3.12/site-packages/airflow/example_dags/example_latest_only.py took 6.061 seconds
[2025-02-02T12:52:04.887+0000] {processor.py:186} INFO - Started process (PID=334) to work on /home/airflow/.local/lib/python3.12/site-packages/airflow/example_dags/example_latest_only.py
[2025-02-02T12:52:04.945+0000] {processor.py:914} INFO - Processing file /home/airflow/.local/lib/python3.12/site-packages/airflow/example_dags/example_latest_only.py for tasks to queue
[2025-02-02T12:52:04.979+0000] {logging_mixin.py:190} INFO - [2025-02-02T12:52:04.978+0000] {dagbag.py:588} INFO - Filling up the DagBag from /home/airflow/.local/lib/python3.12/site-packages/airflow/example_dags/example_latest_only.py
[2025-02-02T12:52:05.673+0000] {processor.py:925} INFO - DAG(s) 'latest_only' retrieved from /home/airflow/.local/lib/python3.12/site-packages/airflow/example_dags/example_latest_only.py
[2025-02-02T12:52:06.857+0000] {logging_mixin.py:190} INFO - [2025-02-02T12:52:06.856+0000] {dag.py:3239} INFO - Sync 1 DAGs
[2025-02-02T12:52:07.238+0000] {logging_mixin.py:190} INFO - [2025-02-02T12:52:07.238+0000] {dag.py:4180} INFO - Setting next_dagrun for latest_only to 2025-02-02 08:00:00+00:00, run_after=2025-02-02 12:00:00+00:00
[2025-02-02T12:52:07.768+0000] {processor.py:208} INFO - Processing /home/airflow/.local/lib/python3.12/site-packages/airflow/example_dags/example_latest_only.py took 3.016 seconds
[2025-02-02T12:54:31.643+0000] {processor.py:186} INFO - Started process (PID=647) to work on /home/airflow/.local/lib/python3.12/site-packages/airflow/example_dags/example_latest_only.py
[2025-02-02T12:54:31.664+0000] {processor.py:914} INFO - Processing file /home/airflow/.local/lib/python3.12/site-packages/airflow/example_dags/example_latest_only.py for tasks to queue
[2025-02-02T12:54:31.670+0000] {logging_mixin.py:190} INFO - [2025-02-02T12:54:31.669+0000] {dagbag.py:588} INFO - Filling up the DagBag from /home/airflow/.local/lib/python3.12/site-packages/airflow/example_dags/example_latest_only.py
[2025-02-02T12:54:31.807+0000] {processor.py:925} INFO - DAG(s) 'latest_only' retrieved from /home/airflow/.local/lib/python3.12/site-packages/airflow/example_dags/example_latest_only.py
[2025-02-02T12:54:32.018+0000] {logging_mixin.py:190} INFO - [2025-02-02T12:54:32.016+0000] {dag.py:3239} INFO - Sync 1 DAGs
[2025-02-02T12:54:32.192+0000] {logging_mixin.py:190} INFO - [2025-02-02T12:54:32.192+0000] {dag.py:4180} INFO - Setting next_dagrun for latest_only to 2025-02-02 08:00:00+00:00, run_after=2025-02-02 12:00:00+00:00
[2025-02-02T12:54:32.375+0000] {processor.py:208} INFO - Processing /home/airflow/.local/lib/python3.12/site-packages/airflow/example_dags/example_latest_only.py took 0.798 seconds
[2025-02-02T13:07:31.285+0000] {processor.py:186} INFO - Started process (PID=103) to work on /home/airflow/.local/lib/python3.12/site-packages/airflow/example_dags/example_latest_only.py
[2025-02-02T13:07:31.295+0000] {processor.py:914} INFO - Processing file /home/airflow/.local/lib/python3.12/site-packages/airflow/example_dags/example_latest_only.py for tasks to queue
[2025-02-02T13:07:31.314+0000] {logging_mixin.py:190} INFO - [2025-02-02T13:07:31.313+0000] {dagbag.py:588} INFO - Filling up the DagBag from /home/airflow/.local/lib/python3.12/site-packages/airflow/example_dags/example_latest_only.py
[2025-02-02T13:07:31.330+0000] {processor.py:925} INFO - DAG(s) 'latest_only' retrieved from /home/airflow/.local/lib/python3.12/site-packages/airflow/example_dags/example_latest_only.py
[2025-02-02T13:07:31.402+0000] {logging_mixin.py:190} INFO - [2025-02-02T13:07:31.401+0000] {dag.py:3239} INFO - Sync 1 DAGs
[2025-02-02T13:07:31.462+0000] {logging_mixin.py:190} INFO - [2025-02-02T13:07:31.461+0000] {dag.py:4180} INFO - Setting next_dagrun for latest_only to 2025-02-02 08:00:00+00:00, run_after=2025-02-02 12:00:00+00:00
[2025-02-02T13:07:31.503+0000] {processor.py:208} INFO - Processing /home/airflow/.local/lib/python3.12/site-packages/airflow/example_dags/example_latest_only.py took 0.246 seconds
[2025-02-02T13:08:19.652+0000] {processor.py:186} INFO - Started process (PID=167) to work on /home/airflow/.local/lib/python3.12/site-packages/airflow/example_dags/example_latest_only.py
[2025-02-02T13:08:19.661+0000] {processor.py:914} INFO - Processing file /home/airflow/.local/lib/python3.12/site-packages/airflow/example_dags/example_latest_only.py for tasks to queue
[2025-02-02T13:08:19.668+0000] {logging_mixin.py:190} INFO - [2025-02-02T13:08:19.667+0000] {dagbag.py:588} INFO - Filling up the DagBag from /home/airflow/.local/lib/python3.12/site-packages/airflow/example_dags/example_latest_only.py
[2025-02-02T13:08:19.705+0000] {processor.py:925} INFO - DAG(s) 'latest_only' retrieved from /home/airflow/.local/lib/python3.12/site-packages/airflow/example_dags/example_latest_only.py
[2025-02-02T13:08:19.857+0000] {logging_mixin.py:190} INFO - [2025-02-02T13:08:19.856+0000] {dag.py:3239} INFO - Sync 1 DAGs
[2025-02-02T13:08:20.031+0000] {logging_mixin.py:190} INFO - [2025-02-02T13:08:20.030+0000] {dag.py:4180} INFO - Setting next_dagrun for latest_only to 2025-02-02 08:00:00+00:00, run_after=2025-02-02 12:00:00+00:00
[2025-02-02T13:08:20.217+0000] {processor.py:208} INFO - Processing /home/airflow/.local/lib/python3.12/site-packages/airflow/example_dags/example_latest_only.py took 0.589 seconds
