[2025-02-02T12:41:16.560+0000] {processor.py:186} INFO - Started process (PID=93) to work on /home/airflow/.local/lib/python3.12/site-packages/airflow/example_dags/example_branch_labels.py
[2025-02-02T12:41:16.582+0000] {processor.py:914} INFO - Processing file /home/airflow/.local/lib/python3.12/site-packages/airflow/example_dags/example_branch_labels.py for tasks to queue
[2025-02-02T12:41:16.596+0000] {logging_mixin.py:190} INFO - [2025-02-02T12:41:16.595+0000] {dagbag.py:588} INFO - Filling up the DagBag from /home/airflow/.local/lib/python3.12/site-packages/airflow/example_dags/example_branch_labels.py
[2025-02-02T12:41:16.635+0000] {processor.py:925} INFO - DAG(s) 'example_branch_labels' retrieved from /home/airflow/.local/lib/python3.12/site-packages/airflow/example_dags/example_branch_labels.py
[2025-02-02T12:41:17.250+0000] {logging_mixin.py:190} INFO - [2025-02-02T12:41:17.249+0000] {override.py:1911} INFO - Created Permission View: can edit on DAG:example_branch_labels
[2025-02-02T12:41:17.471+0000] {logging_mixin.py:190} INFO - [2025-02-02T12:41:17.470+0000] {override.py:1911} INFO - Created Permission View: can delete on DAG:example_branch_labels
[2025-02-02T12:41:17.537+0000] {logging_mixin.py:190} INFO - [2025-02-02T12:41:17.537+0000] {override.py:1911} INFO - Created Permission View: can read on DAG:example_branch_labels
[2025-02-02T12:41:17.618+0000] {logging_mixin.py:190} INFO - [2025-02-02T12:41:17.617+0000] {override.py:1911} INFO - Created Permission View: menu access on DAG Run:example_branch_labels
[2025-02-02T12:41:17.677+0000] {logging_mixin.py:190} INFO - [2025-02-02T12:41:17.677+0000] {override.py:1911} INFO - Created Permission View: can create on DAG Run:example_branch_labels
[2025-02-02T12:41:17.825+0000] {logging_mixin.py:190} INFO - [2025-02-02T12:41:17.824+0000] {override.py:1911} INFO - Created Permission View: can delete on DAG Run:example_branch_labels
[2025-02-02T12:41:17.941+0000] {logging_mixin.py:190} INFO - [2025-02-02T12:41:17.940+0000] {override.py:1911} INFO - Created Permission View: can read on DAG Run:example_branch_labels
[2025-02-02T12:41:17.943+0000] {logging_mixin.py:190} INFO - [2025-02-02T12:41:17.943+0000] {dag.py:3239} INFO - Sync 1 DAGs
[2025-02-02T12:41:18.035+0000] {logging_mixin.py:190} INFO - [2025-02-02T12:41:18.034+0000] {dag.py:3262} INFO - Creating ORM DAG for example_branch_labels
[2025-02-02T12:41:18.070+0000] {logging_mixin.py:190} INFO - [2025-02-02T12:41:18.070+0000] {dag.py:4180} INFO - Setting next_dagrun for example_branch_labels to 2025-02-01 00:00:00+00:00, run_after=2025-02-02 00:00:00+00:00
[2025-02-02T12:41:18.154+0000] {processor.py:208} INFO - Processing /home/airflow/.local/lib/python3.12/site-packages/airflow/example_dags/example_branch_labels.py took 1.620 seconds
[2025-02-02T12:51:39.904+0000] {processor.py:186} INFO - Started process (PID=274) to work on /home/airflow/.local/lib/python3.12/site-packages/airflow/example_dags/example_branch_labels.py
[2025-02-02T12:51:39.965+0000] {processor.py:914} INFO - Processing file /home/airflow/.local/lib/python3.12/site-packages/airflow/example_dags/example_branch_labels.py for tasks to queue
[2025-02-02T12:51:40.076+0000] {logging_mixin.py:190} INFO - [2025-02-02T12:51:40.030+0000] {dagbag.py:588} INFO - Filling up the DagBag from /home/airflow/.local/lib/python3.12/site-packages/airflow/example_dags/example_branch_labels.py
[2025-02-02T12:51:40.312+0000] {processor.py:925} INFO - DAG(s) 'example_branch_labels' retrieved from /home/airflow/.local/lib/python3.12/site-packages/airflow/example_dags/example_branch_labels.py
[2025-02-02T12:51:40.982+0000] {logging_mixin.py:190} INFO - [2025-02-02T12:51:40.982+0000] {dag.py:3239} INFO - Sync 1 DAGs
[2025-02-02T12:51:41.569+0000] {logging_mixin.py:190} INFO - [2025-02-02T12:51:41.568+0000] {dag.py:4180} INFO - Setting next_dagrun for example_branch_labels to 2025-02-01 00:00:00+00:00, run_after=2025-02-02 00:00:00+00:00
[2025-02-02T12:51:41.953+0000] {processor.py:208} INFO - Processing /home/airflow/.local/lib/python3.12/site-packages/airflow/example_dags/example_branch_labels.py took 2.238 seconds
[2025-02-02T12:54:24.439+0000] {processor.py:186} INFO - Started process (PID=592) to work on /home/airflow/.local/lib/python3.12/site-packages/airflow/example_dags/example_branch_labels.py
[2025-02-02T12:54:24.685+0000] {processor.py:914} INFO - Processing file /home/airflow/.local/lib/python3.12/site-packages/airflow/example_dags/example_branch_labels.py for tasks to queue
[2025-02-02T12:54:24.691+0000] {logging_mixin.py:190} INFO - [2025-02-02T12:54:24.691+0000] {dagbag.py:588} INFO - Filling up the DagBag from /home/airflow/.local/lib/python3.12/site-packages/airflow/example_dags/example_branch_labels.py
[2025-02-02T12:54:24.803+0000] {processor.py:925} INFO - DAG(s) 'example_branch_labels' retrieved from /home/airflow/.local/lib/python3.12/site-packages/airflow/example_dags/example_branch_labels.py
[2025-02-02T12:54:24.946+0000] {logging_mixin.py:190} INFO - [2025-02-02T12:54:24.946+0000] {dag.py:3239} INFO - Sync 1 DAGs
[2025-02-02T12:54:25.132+0000] {logging_mixin.py:190} INFO - [2025-02-02T12:54:25.131+0000] {dag.py:4180} INFO - Setting next_dagrun for example_branch_labels to 2025-02-01 00:00:00+00:00, run_after=2025-02-02 00:00:00+00:00
[2025-02-02T12:54:25.300+0000] {processor.py:208} INFO - Processing /home/airflow/.local/lib/python3.12/site-packages/airflow/example_dags/example_branch_labels.py took 0.906 seconds
[2025-02-02T13:07:27.869+0000] {processor.py:186} INFO - Started process (PID=92) to work on /home/airflow/.local/lib/python3.12/site-packages/airflow/example_dags/example_branch_labels.py
[2025-02-02T13:07:27.892+0000] {processor.py:914} INFO - Processing file /home/airflow/.local/lib/python3.12/site-packages/airflow/example_dags/example_branch_labels.py for tasks to queue
[2025-02-02T13:07:27.897+0000] {logging_mixin.py:190} INFO - [2025-02-02T13:07:27.897+0000] {dagbag.py:588} INFO - Filling up the DagBag from /home/airflow/.local/lib/python3.12/site-packages/airflow/example_dags/example_branch_labels.py
[2025-02-02T13:07:27.930+0000] {processor.py:925} INFO - DAG(s) 'example_branch_labels' retrieved from /home/airflow/.local/lib/python3.12/site-packages/airflow/example_dags/example_branch_labels.py
[2025-02-02T13:07:28.003+0000] {logging_mixin.py:190} INFO - [2025-02-02T13:07:28.003+0000] {dag.py:3239} INFO - Sync 1 DAGs
[2025-02-02T13:07:28.093+0000] {logging_mixin.py:190} INFO - [2025-02-02T13:07:28.093+0000] {dag.py:4180} INFO - Setting next_dagrun for example_branch_labels to 2025-02-01 00:00:00+00:00, run_after=2025-02-02 00:00:00+00:00
[2025-02-02T13:07:28.140+0000] {processor.py:208} INFO - Processing /home/airflow/.local/lib/python3.12/site-packages/airflow/example_dags/example_branch_labels.py took 0.294 seconds
[2025-02-02T13:08:13.355+0000] {processor.py:186} INFO - Started process (PID=156) to work on /home/airflow/.local/lib/python3.12/site-packages/airflow/example_dags/example_branch_labels.py
[2025-02-02T13:08:13.397+0000] {processor.py:914} INFO - Processing file /home/airflow/.local/lib/python3.12/site-packages/airflow/example_dags/example_branch_labels.py for tasks to queue
[2025-02-02T13:08:13.422+0000] {logging_mixin.py:190} INFO - [2025-02-02T13:08:13.421+0000] {dagbag.py:588} INFO - Filling up the DagBag from /home/airflow/.local/lib/python3.12/site-packages/airflow/example_dags/example_branch_labels.py
[2025-02-02T13:08:13.501+0000] {processor.py:925} INFO - DAG(s) 'example_branch_labels' retrieved from /home/airflow/.local/lib/python3.12/site-packages/airflow/example_dags/example_branch_labels.py
[2025-02-02T13:08:13.633+0000] {logging_mixin.py:190} INFO - [2025-02-02T13:08:13.633+0000] {dag.py:3239} INFO - Sync 1 DAGs
[2025-02-02T13:08:13.837+0000] {logging_mixin.py:190} INFO - [2025-02-02T13:08:13.835+0000] {dag.py:4180} INFO - Setting next_dagrun for example_branch_labels to 2025-02-01 00:00:00+00:00, run_after=2025-02-02 00:00:00+00:00
[2025-02-02T13:08:14.097+0000] {processor.py:208} INFO - Processing /home/airflow/.local/lib/python3.12/site-packages/airflow/example_dags/example_branch_labels.py took 0.780 seconds
