[2025-02-02T12:41:17.210+0000] {processor.py:186} INFO - Started process (PID=94) to work on /home/airflow/.local/lib/python3.12/site-packages/airflow/example_dags/example_xcomargs.py
[2025-02-02T12:41:17.212+0000] {processor.py:914} INFO - Processing file /home/airflow/.local/lib/python3.12/site-packages/airflow/example_dags/example_xcomargs.py for tasks to queue
[2025-02-02T12:41:17.222+0000] {logging_mixin.py:190} INFO - [2025-02-02T12:41:17.220+0000] {dagbag.py:588} INFO - Filling up the DagBag from /home/airflow/.local/lib/python3.12/site-packages/airflow/example_dags/example_xcomargs.py
[2025-02-02T12:41:17.271+0000] {processor.py:925} INFO - DAG(s) 'example_xcom_args_with_operators', 'example_xcom_args' retrieved from /home/airflow/.local/lib/python3.12/site-packages/airflow/example_dags/example_xcomargs.py
[2025-02-02T12:41:18.126+0000] {logging_mixin.py:190} INFO - [2025-02-02T12:41:18.124+0000] {override.py:1911} INFO - Created Permission View: can edit on DAG:example_xcom_args_with_operators
[2025-02-02T12:41:18.219+0000] {logging_mixin.py:190} INFO - [2025-02-02T12:41:18.218+0000] {override.py:1911} INFO - Created Permission View: can delete on DAG:example_xcom_args_with_operators
[2025-02-02T12:41:18.339+0000] {logging_mixin.py:190} INFO - [2025-02-02T12:41:18.338+0000] {override.py:1911} INFO - Created Permission View: can read on DAG:example_xcom_args_with_operators
[2025-02-02T12:41:18.445+0000] {logging_mixin.py:190} INFO - [2025-02-02T12:41:18.443+0000] {override.py:1911} INFO - Created Permission View: menu access on DAG Run:example_xcom_args_with_operators
[2025-02-02T12:41:18.576+0000] {logging_mixin.py:190} INFO - [2025-02-02T12:41:18.575+0000] {override.py:1911} INFO - Created Permission View: can create on DAG Run:example_xcom_args_with_operators
[2025-02-02T12:41:18.674+0000] {logging_mixin.py:190} INFO - [2025-02-02T12:41:18.673+0000] {override.py:1911} INFO - Created Permission View: can delete on DAG Run:example_xcom_args_with_operators
[2025-02-02T12:41:18.760+0000] {logging_mixin.py:190} INFO - [2025-02-02T12:41:18.759+0000] {override.py:1911} INFO - Created Permission View: can read on DAG Run:example_xcom_args_with_operators
[2025-02-02T12:41:19.005+0000] {logging_mixin.py:190} INFO - [2025-02-02T12:41:19.005+0000] {override.py:1911} INFO - Created Permission View: can edit on DAG:example_xcom_args
[2025-02-02T12:41:19.060+0000] {logging_mixin.py:190} INFO - [2025-02-02T12:41:19.059+0000] {override.py:1911} INFO - Created Permission View: can delete on DAG:example_xcom_args
[2025-02-02T12:41:19.095+0000] {logging_mixin.py:190} INFO - [2025-02-02T12:41:19.095+0000] {override.py:1911} INFO - Created Permission View: can read on DAG:example_xcom_args
[2025-02-02T12:41:19.137+0000] {logging_mixin.py:190} INFO - [2025-02-02T12:41:19.137+0000] {override.py:1911} INFO - Created Permission View: menu access on DAG Run:example_xcom_args
[2025-02-02T12:41:19.170+0000] {logging_mixin.py:190} INFO - [2025-02-02T12:41:19.169+0000] {override.py:1911} INFO - Created Permission View: can create on DAG Run:example_xcom_args
[2025-02-02T12:41:19.279+0000] {logging_mixin.py:190} INFO - [2025-02-02T12:41:19.278+0000] {override.py:1911} INFO - Created Permission View: can delete on DAG Run:example_xcom_args
[2025-02-02T12:41:19.325+0000] {logging_mixin.py:190} INFO - [2025-02-02T12:41:19.325+0000] {override.py:1911} INFO - Created Permission View: can read on DAG Run:example_xcom_args
[2025-02-02T12:41:19.330+0000] {logging_mixin.py:190} INFO - [2025-02-02T12:41:19.330+0000] {dag.py:3239} INFO - Sync 2 DAGs
[2025-02-02T12:41:19.475+0000] {logging_mixin.py:190} INFO - [2025-02-02T12:41:19.475+0000] {dag.py:3262} INFO - Creating ORM DAG for example_xcom_args_with_operators
[2025-02-02T12:41:19.495+0000] {logging_mixin.py:190} INFO - [2025-02-02T12:41:19.495+0000] {dag.py:3262} INFO - Creating ORM DAG for example_xcom_args
[2025-02-02T12:41:19.501+0000] {logging_mixin.py:190} INFO - [2025-02-02T12:41:19.500+0000] {dag.py:4180} INFO - Setting next_dagrun for example_xcom_args to None, run_after=None
[2025-02-02T12:41:19.513+0000] {logging_mixin.py:190} INFO - [2025-02-02T12:41:19.512+0000] {dag.py:4180} INFO - Setting next_dagrun for example_xcom_args_with_operators to None, run_after=None
[2025-02-02T12:41:19.873+0000] {processor.py:208} INFO - Processing /home/airflow/.local/lib/python3.12/site-packages/airflow/example_dags/example_xcomargs.py took 2.678 seconds
[2025-02-02T12:51:40.502+0000] {processor.py:186} INFO - Started process (PID=279) to work on /home/airflow/.local/lib/python3.12/site-packages/airflow/example_dags/example_xcomargs.py
[2025-02-02T12:51:40.538+0000] {processor.py:914} INFO - Processing file /home/airflow/.local/lib/python3.12/site-packages/airflow/example_dags/example_xcomargs.py for tasks to queue
[2025-02-02T12:51:40.632+0000] {logging_mixin.py:190} INFO - [2025-02-02T12:51:40.631+0000] {dagbag.py:588} INFO - Filling up the DagBag from /home/airflow/.local/lib/python3.12/site-packages/airflow/example_dags/example_xcomargs.py
[2025-02-02T12:51:40.984+0000] {processor.py:925} INFO - DAG(s) 'example_xcom_args_with_operators', 'example_xcom_args' retrieved from /home/airflow/.local/lib/python3.12/site-packages/airflow/example_dags/example_xcomargs.py
[2025-02-02T12:51:41.612+0000] {logging_mixin.py:190} INFO - [2025-02-02T12:51:41.612+0000] {dag.py:3239} INFO - Sync 2 DAGs
[2025-02-02T12:51:42.204+0000] {logging_mixin.py:190} INFO - [2025-02-02T12:51:42.203+0000] {dag.py:4180} INFO - Setting next_dagrun for example_xcom_args to None, run_after=None
[2025-02-02T12:51:42.289+0000] {logging_mixin.py:190} INFO - [2025-02-02T12:51:42.288+0000] {dag.py:4180} INFO - Setting next_dagrun for example_xcom_args_with_operators to None, run_after=None
[2025-02-02T12:51:42.498+0000] {processor.py:208} INFO - Processing /home/airflow/.local/lib/python3.12/site-packages/airflow/example_dags/example_xcomargs.py took 2.203 seconds
[2025-02-02T12:54:25.104+0000] {processor.py:186} INFO - Started process (PID=597) to work on /home/airflow/.local/lib/python3.12/site-packages/airflow/example_dags/example_xcomargs.py
[2025-02-02T12:54:25.140+0000] {processor.py:914} INFO - Processing file /home/airflow/.local/lib/python3.12/site-packages/airflow/example_dags/example_xcomargs.py for tasks to queue
[2025-02-02T12:54:25.144+0000] {logging_mixin.py:190} INFO - [2025-02-02T12:54:25.143+0000] {dagbag.py:588} INFO - Filling up the DagBag from /home/airflow/.local/lib/python3.12/site-packages/airflow/example_dags/example_xcomargs.py
[2025-02-02T12:54:25.242+0000] {processor.py:925} INFO - DAG(s) 'example_xcom_args_with_operators', 'example_xcom_args' retrieved from /home/airflow/.local/lib/python3.12/site-packages/airflow/example_dags/example_xcomargs.py
[2025-02-02T12:54:25.397+0000] {logging_mixin.py:190} INFO - [2025-02-02T12:54:25.397+0000] {dag.py:3239} INFO - Sync 2 DAGs
[2025-02-02T12:54:25.533+0000] {logging_mixin.py:190} INFO - [2025-02-02T12:54:25.533+0000] {dag.py:4180} INFO - Setting next_dagrun for example_xcom_args to None, run_after=None
[2025-02-02T12:54:25.554+0000] {logging_mixin.py:190} INFO - [2025-02-02T12:54:25.553+0000] {dag.py:4180} INFO - Setting next_dagrun for example_xcom_args_with_operators to None, run_after=None
[2025-02-02T12:54:25.607+0000] {processor.py:208} INFO - Processing /home/airflow/.local/lib/python3.12/site-packages/airflow/example_dags/example_xcomargs.py took 0.562 seconds
[2025-02-02T13:07:28.088+0000] {processor.py:186} INFO - Started process (PID=93) to work on /home/airflow/.local/lib/python3.12/site-packages/airflow/example_dags/example_xcomargs.py
[2025-02-02T13:07:28.092+0000] {processor.py:914} INFO - Processing file /home/airflow/.local/lib/python3.12/site-packages/airflow/example_dags/example_xcomargs.py for tasks to queue
[2025-02-02T13:07:28.098+0000] {logging_mixin.py:190} INFO - [2025-02-02T13:07:28.097+0000] {dagbag.py:588} INFO - Filling up the DagBag from /home/airflow/.local/lib/python3.12/site-packages/airflow/example_dags/example_xcomargs.py
[2025-02-02T13:07:28.128+0000] {processor.py:925} INFO - DAG(s) 'example_xcom_args_with_operators', 'example_xcom_args' retrieved from /home/airflow/.local/lib/python3.12/site-packages/airflow/example_dags/example_xcomargs.py
[2025-02-02T13:07:28.210+0000] {logging_mixin.py:190} INFO - [2025-02-02T13:07:28.209+0000] {dag.py:3239} INFO - Sync 2 DAGs
[2025-02-02T13:07:28.248+0000] {logging_mixin.py:190} INFO - [2025-02-02T13:07:28.247+0000] {dag.py:4180} INFO - Setting next_dagrun for example_xcom_args to None, run_after=None
[2025-02-02T13:07:28.258+0000] {logging_mixin.py:190} INFO - [2025-02-02T13:07:28.257+0000] {dag.py:4180} INFO - Setting next_dagrun for example_xcom_args_with_operators to None, run_after=None
[2025-02-02T13:07:28.328+0000] {processor.py:208} INFO - Processing /home/airflow/.local/lib/python3.12/site-packages/airflow/example_dags/example_xcomargs.py took 0.256 seconds
[2025-02-02T13:08:14.217+0000] {processor.py:186} INFO - Started process (PID=157) to work on /home/airflow/.local/lib/python3.12/site-packages/airflow/example_dags/example_xcomargs.py
[2025-02-02T13:08:14.237+0000] {processor.py:914} INFO - Processing file /home/airflow/.local/lib/python3.12/site-packages/airflow/example_dags/example_xcomargs.py for tasks to queue
[2025-02-02T13:08:14.260+0000] {logging_mixin.py:190} INFO - [2025-02-02T13:08:14.258+0000] {dagbag.py:588} INFO - Filling up the DagBag from /home/airflow/.local/lib/python3.12/site-packages/airflow/example_dags/example_xcomargs.py
[2025-02-02T13:08:14.434+0000] {processor.py:925} INFO - DAG(s) 'example_xcom_args_with_operators', 'example_xcom_args' retrieved from /home/airflow/.local/lib/python3.12/site-packages/airflow/example_dags/example_xcomargs.py
[2025-02-02T13:08:14.634+0000] {logging_mixin.py:190} INFO - [2025-02-02T13:08:14.633+0000] {dag.py:3239} INFO - Sync 2 DAGs
[2025-02-02T13:08:14.735+0000] {logging_mixin.py:190} INFO - [2025-02-02T13:08:14.735+0000] {dag.py:4180} INFO - Setting next_dagrun for example_xcom_args to None, run_after=None
[2025-02-02T13:08:14.771+0000] {logging_mixin.py:190} INFO - [2025-02-02T13:08:14.771+0000] {dag.py:4180} INFO - Setting next_dagrun for example_xcom_args_with_operators to None, run_after=None
[2025-02-02T13:08:14.981+0000] {processor.py:208} INFO - Processing /home/airflow/.local/lib/python3.12/site-packages/airflow/example_dags/example_xcomargs.py took 0.820 seconds
