[2025-02-02T12:53:54.668+0000] {processor.py:186} INFO - Started process (PID=506) to work on /home/airflow/.local/lib/python3.12/site-packages/airflow/example_dags/example_short_circuit_decorator.py
[2025-02-02T12:53:54.679+0000] {processor.py:914} INFO - Processing file /home/airflow/.local/lib/python3.12/site-packages/airflow/example_dags/example_short_circuit_decorator.py for tasks to queue
[2025-02-02T12:53:54.684+0000] {logging_mixin.py:190} INFO - [2025-02-02T12:53:54.683+0000] {dagbag.py:588} INFO - Filling up the DagBag from /home/airflow/.local/lib/python3.12/site-packages/airflow/example_dags/example_short_circuit_decorator.py
[2025-02-02T12:53:54.744+0000] {processor.py:925} INFO - DAG(s) 'example_short_circuit_decorator' retrieved from /home/airflow/.local/lib/python3.12/site-packages/airflow/example_dags/example_short_circuit_decorator.py
[2025-02-02T12:53:55.972+0000] {logging_mixin.py:190} INFO - [2025-02-02T12:53:55.969+0000] {override.py:1911} INFO - Created Permission View: can delete on DAG:example_short_circuit_decorator
[2025-02-02T12:53:56.078+0000] {logging_mixin.py:190} INFO - [2025-02-02T12:53:56.077+0000] {override.py:1911} INFO - Created Permission View: can edit on DAG:example_short_circuit_decorator
[2025-02-02T12:53:56.139+0000] {logging_mixin.py:190} INFO - [2025-02-02T12:53:56.138+0000] {override.py:1911} INFO - Created Permission View: can read on DAG:example_short_circuit_decorator
[2025-02-02T12:53:56.174+0000] {logging_mixin.py:190} INFO - [2025-02-02T12:53:56.173+0000] {override.py:1911} INFO - Created Permission View: can create on DAG Run:example_short_circuit_decorator
[2025-02-02T12:53:56.246+0000] {logging_mixin.py:190} INFO - [2025-02-02T12:53:56.246+0000] {override.py:1911} INFO - Created Permission View: menu access on DAG Run:example_short_circuit_decorator
[2025-02-02T12:53:56.318+0000] {logging_mixin.py:190} INFO - [2025-02-02T12:53:56.313+0000] {override.py:1911} INFO - Created Permission View: can delete on DAG Run:example_short_circuit_decorator
[2025-02-02T12:53:56.391+0000] {logging_mixin.py:190} INFO - [2025-02-02T12:53:56.390+0000] {override.py:1911} INFO - Created Permission View: can read on DAG Run:example_short_circuit_decorator
[2025-02-02T12:53:56.392+0000] {logging_mixin.py:190} INFO - [2025-02-02T12:53:56.392+0000] {dag.py:3239} INFO - Sync 1 DAGs
[2025-02-02T12:53:56.507+0000] {logging_mixin.py:190} INFO - [2025-02-02T12:53:56.507+0000] {dag.py:3262} INFO - Creating ORM DAG for example_short_circuit_decorator
[2025-02-02T12:53:56.522+0000] {logging_mixin.py:190} INFO - [2025-02-02T12:53:56.521+0000] {dag.py:4180} INFO - Setting next_dagrun for example_short_circuit_decorator to None, run_after=None
[2025-02-02T12:53:56.691+0000] {processor.py:208} INFO - Processing /home/airflow/.local/lib/python3.12/site-packages/airflow/example_dags/example_short_circuit_decorator.py took 2.084 seconds
[2025-02-02T13:07:49.324+0000] {processor.py:186} INFO - Started process (PID=133) to work on /home/airflow/.local/lib/python3.12/site-packages/airflow/example_dags/example_short_circuit_decorator.py
[2025-02-02T13:07:49.404+0000] {processor.py:914} INFO - Processing file /home/airflow/.local/lib/python3.12/site-packages/airflow/example_dags/example_short_circuit_decorator.py for tasks to queue
[2025-02-02T13:07:49.491+0000] {logging_mixin.py:190} INFO - [2025-02-02T13:07:49.485+0000] {dagbag.py:588} INFO - Filling up the DagBag from /home/airflow/.local/lib/python3.12/site-packages/airflow/example_dags/example_short_circuit_decorator.py
[2025-02-02T13:07:49.660+0000] {processor.py:925} INFO - DAG(s) 'example_short_circuit_decorator' retrieved from /home/airflow/.local/lib/python3.12/site-packages/airflow/example_dags/example_short_circuit_decorator.py
[2025-02-02T13:07:50.414+0000] {logging_mixin.py:190} INFO - [2025-02-02T13:07:50.413+0000] {dag.py:3239} INFO - Sync 1 DAGs
[2025-02-02T13:07:51.489+0000] {logging_mixin.py:190} INFO - [2025-02-02T13:07:51.488+0000] {dag.py:4180} INFO - Setting next_dagrun for example_short_circuit_decorator to None, run_after=None
[2025-02-02T13:07:51.837+0000] {processor.py:208} INFO - Processing /home/airflow/.local/lib/python3.12/site-packages/airflow/example_dags/example_short_circuit_decorator.py took 2.799 seconds
