[2025-02-02T12:41:18.700+0000] {processor.py:186} INFO - Started process (PID=95) to work on /home/airflow/.local/lib/python3.12/site-packages/airflow/example_dags/example_branch_operator_decorator.py
[2025-02-02T12:41:18.744+0000] {processor.py:914} INFO - Processing file /home/airflow/.local/lib/python3.12/site-packages/airflow/example_dags/example_branch_operator_decorator.py for tasks to queue
[2025-02-02T12:41:18.763+0000] {logging_mixin.py:190} INFO - [2025-02-02T12:41:18.762+0000] {dagbag.py:588} INFO - Filling up the DagBag from /home/airflow/.local/lib/python3.12/site-packages/airflow/example_dags/example_branch_operator_decorator.py
[2025-02-02T12:41:19.181+0000] {processor.py:925} INFO - DAG(s) 'example_branch_python_operator_decorator' retrieved from /home/airflow/.local/lib/python3.12/site-packages/airflow/example_dags/example_branch_operator_decorator.py
[2025-02-02T12:41:20.120+0000] {logging_mixin.py:190} INFO - [2025-02-02T12:41:20.118+0000] {override.py:1911} INFO - Created Permission View: can edit on DAG:example_branch_python_operator_decorator
[2025-02-02T12:41:20.216+0000] {logging_mixin.py:190} INFO - [2025-02-02T12:41:20.215+0000] {override.py:1911} INFO - Created Permission View: can delete on DAG:example_branch_python_operator_decorator
[2025-02-02T12:41:20.252+0000] {logging_mixin.py:190} INFO - [2025-02-02T12:41:20.239+0000] {override.py:1911} INFO - Created Permission View: can read on DAG:example_branch_python_operator_decorator
[2025-02-02T12:41:20.275+0000] {logging_mixin.py:190} INFO - [2025-02-02T12:41:20.275+0000] {override.py:1911} INFO - Created Permission View: menu access on DAG Run:example_branch_python_operator_decorator
[2025-02-02T12:41:20.322+0000] {logging_mixin.py:190} INFO - [2025-02-02T12:41:20.321+0000] {override.py:1911} INFO - Created Permission View: can create on DAG Run:example_branch_python_operator_decorator
[2025-02-02T12:41:20.347+0000] {logging_mixin.py:190} INFO - [2025-02-02T12:41:20.346+0000] {override.py:1911} INFO - Created Permission View: can delete on DAG Run:example_branch_python_operator_decorator
[2025-02-02T12:41:20.366+0000] {logging_mixin.py:190} INFO - [2025-02-02T12:41:20.365+0000] {override.py:1911} INFO - Created Permission View: can read on DAG Run:example_branch_python_operator_decorator
[2025-02-02T12:41:20.368+0000] {logging_mixin.py:190} INFO - [2025-02-02T12:41:20.367+0000] {dag.py:3239} INFO - Sync 1 DAGs
[2025-02-02T12:41:20.438+0000] {logging_mixin.py:190} INFO - [2025-02-02T12:41:20.438+0000] {dag.py:3262} INFO - Creating ORM DAG for example_branch_python_operator_decorator
[2025-02-02T12:41:20.504+0000] {logging_mixin.py:190} INFO - [2025-02-02T12:41:20.501+0000] {dag.py:4180} INFO - Setting next_dagrun for example_branch_python_operator_decorator to 2025-02-01 00:00:00+00:00, run_after=2025-02-02 00:00:00+00:00
[2025-02-02T12:41:20.574+0000] {processor.py:208} INFO - Processing /home/airflow/.local/lib/python3.12/site-packages/airflow/example_dags/example_branch_operator_decorator.py took 1.915 seconds
[2025-02-02T12:51:42.883+0000] {processor.py:186} INFO - Started process (PID=289) to work on /home/airflow/.local/lib/python3.12/site-packages/airflow/example_dags/example_branch_operator_decorator.py
[2025-02-02T12:51:42.916+0000] {processor.py:914} INFO - Processing file /home/airflow/.local/lib/python3.12/site-packages/airflow/example_dags/example_branch_operator_decorator.py for tasks to queue
[2025-02-02T12:51:42.928+0000] {logging_mixin.py:190} INFO - [2025-02-02T12:51:42.928+0000] {dagbag.py:588} INFO - Filling up the DagBag from /home/airflow/.local/lib/python3.12/site-packages/airflow/example_dags/example_branch_operator_decorator.py
[2025-02-02T12:51:44.108+0000] {processor.py:925} INFO - DAG(s) 'example_branch_python_operator_decorator' retrieved from /home/airflow/.local/lib/python3.12/site-packages/airflow/example_dags/example_branch_operator_decorator.py
[2025-02-02T12:51:52.672+0000] {logging_mixin.py:190} INFO - [2025-02-02T12:51:52.672+0000] {dag.py:3239} INFO - Sync 1 DAGs
[2025-02-02T12:51:53.456+0000] {logging_mixin.py:190} INFO - [2025-02-02T12:51:53.456+0000] {dag.py:4180} INFO - Setting next_dagrun for example_branch_python_operator_decorator to 2025-02-01 00:00:00+00:00, run_after=2025-02-02 00:00:00+00:00
[2025-02-02T12:51:54.246+0000] {processor.py:208} INFO - Processing /home/airflow/.local/lib/python3.12/site-packages/airflow/example_dags/example_branch_operator_decorator.py took 11.588 seconds
[2025-02-02T12:54:25.691+0000] {processor.py:186} INFO - Started process (PID=602) to work on /home/airflow/.local/lib/python3.12/site-packages/airflow/example_dags/example_branch_operator_decorator.py
[2025-02-02T12:54:25.763+0000] {processor.py:914} INFO - Processing file /home/airflow/.local/lib/python3.12/site-packages/airflow/example_dags/example_branch_operator_decorator.py for tasks to queue
[2025-02-02T12:54:25.775+0000] {logging_mixin.py:190} INFO - [2025-02-02T12:54:25.774+0000] {dagbag.py:588} INFO - Filling up the DagBag from /home/airflow/.local/lib/python3.12/site-packages/airflow/example_dags/example_branch_operator_decorator.py
[2025-02-02T12:54:26.060+0000] {processor.py:925} INFO - DAG(s) 'example_branch_python_operator_decorator' retrieved from /home/airflow/.local/lib/python3.12/site-packages/airflow/example_dags/example_branch_operator_decorator.py
[2025-02-02T12:54:26.246+0000] {logging_mixin.py:190} INFO - [2025-02-02T12:54:26.246+0000] {dag.py:3239} INFO - Sync 1 DAGs
[2025-02-02T12:54:26.458+0000] {logging_mixin.py:190} INFO - [2025-02-02T12:54:26.458+0000] {dag.py:4180} INFO - Setting next_dagrun for example_branch_python_operator_decorator to 2025-02-01 00:00:00+00:00, run_after=2025-02-02 00:00:00+00:00
[2025-02-02T12:54:26.607+0000] {processor.py:208} INFO - Processing /home/airflow/.local/lib/python3.12/site-packages/airflow/example_dags/example_branch_operator_decorator.py took 0.993 seconds
[2025-02-02T13:07:28.225+0000] {processor.py:186} INFO - Started process (PID=94) to work on /home/airflow/.local/lib/python3.12/site-packages/airflow/example_dags/example_branch_operator_decorator.py
[2025-02-02T13:07:28.237+0000] {processor.py:914} INFO - Processing file /home/airflow/.local/lib/python3.12/site-packages/airflow/example_dags/example_branch_operator_decorator.py for tasks to queue
[2025-02-02T13:07:28.243+0000] {logging_mixin.py:190} INFO - [2025-02-02T13:07:28.242+0000] {dagbag.py:588} INFO - Filling up the DagBag from /home/airflow/.local/lib/python3.12/site-packages/airflow/example_dags/example_branch_operator_decorator.py
[2025-02-02T13:07:28.408+0000] {processor.py:925} INFO - DAG(s) 'example_branch_python_operator_decorator' retrieved from /home/airflow/.local/lib/python3.12/site-packages/airflow/example_dags/example_branch_operator_decorator.py
[2025-02-02T13:07:29.513+0000] {logging_mixin.py:190} INFO - [2025-02-02T13:07:29.506+0000] {dag.py:3239} INFO - Sync 1 DAGs
[2025-02-02T13:07:29.737+0000] {logging_mixin.py:190} INFO - [2025-02-02T13:07:29.725+0000] {dag.py:4180} INFO - Setting next_dagrun for example_branch_python_operator_decorator to 2025-02-01 00:00:00+00:00, run_after=2025-02-02 00:00:00+00:00
[2025-02-02T13:07:29.899+0000] {processor.py:208} INFO - Processing /home/airflow/.local/lib/python3.12/site-packages/airflow/example_dags/example_branch_operator_decorator.py took 1.688 seconds
[2025-02-02T13:08:15.828+0000] {processor.py:186} INFO - Started process (PID=159) to work on /home/airflow/.local/lib/python3.12/site-packages/airflow/example_dags/example_branch_operator_decorator.py
[2025-02-02T13:08:15.863+0000] {processor.py:914} INFO - Processing file /home/airflow/.local/lib/python3.12/site-packages/airflow/example_dags/example_branch_operator_decorator.py for tasks to queue
[2025-02-02T13:08:15.886+0000] {logging_mixin.py:190} INFO - [2025-02-02T13:08:15.885+0000] {dagbag.py:588} INFO - Filling up the DagBag from /home/airflow/.local/lib/python3.12/site-packages/airflow/example_dags/example_branch_operator_decorator.py
[2025-02-02T13:08:16.172+0000] {processor.py:925} INFO - DAG(s) 'example_branch_python_operator_decorator' retrieved from /home/airflow/.local/lib/python3.12/site-packages/airflow/example_dags/example_branch_operator_decorator.py
[2025-02-02T13:08:16.534+0000] {logging_mixin.py:190} INFO - [2025-02-02T13:08:16.534+0000] {dag.py:3239} INFO - Sync 1 DAGs
[2025-02-02T13:08:16.935+0000] {logging_mixin.py:190} INFO - [2025-02-02T13:08:16.934+0000] {dag.py:4180} INFO - Setting next_dagrun for example_branch_python_operator_decorator to 2025-02-01 00:00:00+00:00, run_after=2025-02-02 00:00:00+00:00
[2025-02-02T13:08:17.116+0000] {processor.py:208} INFO - Processing /home/airflow/.local/lib/python3.12/site-packages/airflow/example_dags/example_branch_operator_decorator.py took 1.385 seconds
