[2025-02-02T12:41:20.857+0000] {processor.py:186} INFO - Started process (PID=97) to work on /home/airflow/.local/lib/python3.12/site-packages/airflow/example_dags/example_task_group_decorator.py
[2025-02-02T12:41:20.874+0000] {processor.py:914} INFO - Processing file /home/airflow/.local/lib/python3.12/site-packages/airflow/example_dags/example_task_group_decorator.py for tasks to queue
[2025-02-02T12:41:20.884+0000] {logging_mixin.py:190} INFO - [2025-02-02T12:41:20.883+0000] {dagbag.py:588} INFO - Filling up the DagBag from /home/airflow/.local/lib/python3.12/site-packages/airflow/example_dags/example_task_group_decorator.py
[2025-02-02T12:41:20.963+0000] {processor.py:925} INFO - DAG(s) 'example_task_group_decorator' retrieved from /home/airflow/.local/lib/python3.12/site-packages/airflow/example_dags/example_task_group_decorator.py
[2025-02-02T12:41:21.811+0000] {logging_mixin.py:190} INFO - [2025-02-02T12:41:21.806+0000] {override.py:1911} INFO - Created Permission View: can edit on DAG:example_task_group_decorator
[2025-02-02T12:41:22.030+0000] {logging_mixin.py:190} INFO - [2025-02-02T12:41:22.029+0000] {override.py:1911} INFO - Created Permission View: can delete on DAG:example_task_group_decorator
[2025-02-02T12:41:22.128+0000] {logging_mixin.py:190} INFO - [2025-02-02T12:41:22.127+0000] {override.py:1911} INFO - Created Permission View: can read on DAG:example_task_group_decorator
[2025-02-02T12:41:22.229+0000] {logging_mixin.py:190} INFO - [2025-02-02T12:41:22.229+0000] {override.py:1911} INFO - Created Permission View: menu access on DAG Run:example_task_group_decorator
[2025-02-02T12:41:22.360+0000] {logging_mixin.py:190} INFO - [2025-02-02T12:41:22.359+0000] {override.py:1911} INFO - Created Permission View: can create on DAG Run:example_task_group_decorator
[2025-02-02T12:41:22.549+0000] {logging_mixin.py:190} INFO - [2025-02-02T12:41:22.548+0000] {override.py:1911} INFO - Created Permission View: can delete on DAG Run:example_task_group_decorator
[2025-02-02T12:41:22.613+0000] {logging_mixin.py:190} INFO - [2025-02-02T12:41:22.610+0000] {override.py:1911} INFO - Created Permission View: can read on DAG Run:example_task_group_decorator
[2025-02-02T12:41:22.620+0000] {logging_mixin.py:190} INFO - [2025-02-02T12:41:22.620+0000] {dag.py:3239} INFO - Sync 1 DAGs
[2025-02-02T12:41:22.825+0000] {logging_mixin.py:190} INFO - [2025-02-02T12:41:22.824+0000] {dag.py:3262} INFO - Creating ORM DAG for example_task_group_decorator
[2025-02-02T12:41:22.842+0000] {logging_mixin.py:190} INFO - [2025-02-02T12:41:22.842+0000] {dag.py:4180} INFO - Setting next_dagrun for example_task_group_decorator to None, run_after=None
[2025-02-02T12:41:22.988+0000] {processor.py:208} INFO - Processing /home/airflow/.local/lib/python3.12/site-packages/airflow/example_dags/example_task_group_decorator.py took 2.160 seconds
[2025-02-02T12:51:45.871+0000] {processor.py:186} INFO - Started process (PID=299) to work on /home/airflow/.local/lib/python3.12/site-packages/airflow/example_dags/example_task_group_decorator.py
[2025-02-02T12:51:45.922+0000] {processor.py:914} INFO - Processing file /home/airflow/.local/lib/python3.12/site-packages/airflow/example_dags/example_task_group_decorator.py for tasks to queue
[2025-02-02T12:51:45.943+0000] {logging_mixin.py:190} INFO - [2025-02-02T12:51:45.942+0000] {dagbag.py:588} INFO - Filling up the DagBag from /home/airflow/.local/lib/python3.12/site-packages/airflow/example_dags/example_task_group_decorator.py
[2025-02-02T12:51:46.297+0000] {processor.py:925} INFO - DAG(s) 'example_task_group_decorator' retrieved from /home/airflow/.local/lib/python3.12/site-packages/airflow/example_dags/example_task_group_decorator.py
[2025-02-02T12:51:47.673+0000] {logging_mixin.py:190} INFO - [2025-02-02T12:51:47.672+0000] {dag.py:3239} INFO - Sync 1 DAGs
[2025-02-02T12:51:47.927+0000] {logging_mixin.py:190} INFO - [2025-02-02T12:51:47.926+0000] {dag.py:4180} INFO - Setting next_dagrun for example_task_group_decorator to None, run_after=None
[2025-02-02T12:51:48.410+0000] {processor.py:208} INFO - Processing /home/airflow/.local/lib/python3.12/site-packages/airflow/example_dags/example_task_group_decorator.py took 2.685 seconds
[2025-02-02T12:54:26.817+0000] {processor.py:186} INFO - Started process (PID=614) to work on /home/airflow/.local/lib/python3.12/site-packages/airflow/example_dags/example_task_group_decorator.py
[2025-02-02T12:54:26.843+0000] {processor.py:914} INFO - Processing file /home/airflow/.local/lib/python3.12/site-packages/airflow/example_dags/example_task_group_decorator.py for tasks to queue
[2025-02-02T12:54:26.846+0000] {logging_mixin.py:190} INFO - [2025-02-02T12:54:26.846+0000] {dagbag.py:588} INFO - Filling up the DagBag from /home/airflow/.local/lib/python3.12/site-packages/airflow/example_dags/example_task_group_decorator.py
[2025-02-02T12:54:26.993+0000] {processor.py:925} INFO - DAG(s) 'example_task_group_decorator' retrieved from /home/airflow/.local/lib/python3.12/site-packages/airflow/example_dags/example_task_group_decorator.py
[2025-02-02T12:54:27.075+0000] {logging_mixin.py:190} INFO - [2025-02-02T12:54:27.074+0000] {dag.py:3239} INFO - Sync 1 DAGs
[2025-02-02T12:54:27.163+0000] {logging_mixin.py:190} INFO - [2025-02-02T12:54:27.163+0000] {dag.py:4180} INFO - Setting next_dagrun for example_task_group_decorator to None, run_after=None
[2025-02-02T12:54:27.222+0000] {processor.py:208} INFO - Processing /home/airflow/.local/lib/python3.12/site-packages/airflow/example_dags/example_task_group_decorator.py took 0.437 seconds
[2025-02-02T13:07:28.917+0000] {processor.py:186} INFO - Started process (PID=96) to work on /home/airflow/.local/lib/python3.12/site-packages/airflow/example_dags/example_task_group_decorator.py
[2025-02-02T13:07:28.947+0000] {processor.py:914} INFO - Processing file /home/airflow/.local/lib/python3.12/site-packages/airflow/example_dags/example_task_group_decorator.py for tasks to queue
[2025-02-02T13:07:28.965+0000] {logging_mixin.py:190} INFO - [2025-02-02T13:07:28.952+0000] {dagbag.py:588} INFO - Filling up the DagBag from /home/airflow/.local/lib/python3.12/site-packages/airflow/example_dags/example_task_group_decorator.py
[2025-02-02T13:07:29.039+0000] {processor.py:925} INFO - DAG(s) 'example_task_group_decorator' retrieved from /home/airflow/.local/lib/python3.12/site-packages/airflow/example_dags/example_task_group_decorator.py
[2025-02-02T13:07:29.186+0000] {logging_mixin.py:190} INFO - [2025-02-02T13:07:29.185+0000] {dag.py:3239} INFO - Sync 1 DAGs
[2025-02-02T13:07:29.259+0000] {logging_mixin.py:190} INFO - [2025-02-02T13:07:29.259+0000] {dag.py:4180} INFO - Setting next_dagrun for example_task_group_decorator to None, run_after=None
[2025-02-02T13:07:29.351+0000] {processor.py:208} INFO - Processing /home/airflow/.local/lib/python3.12/site-packages/airflow/example_dags/example_task_group_decorator.py took 0.456 seconds
[2025-02-02T13:08:15.953+0000] {processor.py:186} INFO - Started process (PID=160) to work on /home/airflow/.local/lib/python3.12/site-packages/airflow/example_dags/example_task_group_decorator.py
[2025-02-02T13:08:15.969+0000] {processor.py:914} INFO - Processing file /home/airflow/.local/lib/python3.12/site-packages/airflow/example_dags/example_task_group_decorator.py for tasks to queue
[2025-02-02T13:08:15.997+0000] {logging_mixin.py:190} INFO - [2025-02-02T13:08:15.996+0000] {dagbag.py:588} INFO - Filling up the DagBag from /home/airflow/.local/lib/python3.12/site-packages/airflow/example_dags/example_task_group_decorator.py
[2025-02-02T13:08:16.239+0000] {processor.py:925} INFO - DAG(s) 'example_task_group_decorator' retrieved from /home/airflow/.local/lib/python3.12/site-packages/airflow/example_dags/example_task_group_decorator.py
[2025-02-02T13:08:16.604+0000] {logging_mixin.py:190} INFO - [2025-02-02T13:08:16.604+0000] {dag.py:3239} INFO - Sync 1 DAGs
[2025-02-02T13:08:16.763+0000] {logging_mixin.py:190} INFO - [2025-02-02T13:08:16.762+0000] {dag.py:4180} INFO - Setting next_dagrun for example_task_group_decorator to None, run_after=None
[2025-02-02T13:08:17.013+0000] {processor.py:208} INFO - Processing /home/airflow/.local/lib/python3.12/site-packages/airflow/example_dags/example_task_group_decorator.py took 1.121 seconds
