[2025-02-02T12:41:27.478+0000] {processor.py:186} INFO - Started process (PID=107) to work on /home/airflow/.local/lib/python3.12/site-packages/airflow/example_dags/tutorial_dag.py
[2025-02-02T12:41:27.506+0000] {processor.py:914} INFO - Processing file /home/airflow/.local/lib/python3.12/site-packages/airflow/example_dags/tutorial_dag.py for tasks to queue
[2025-02-02T12:41:27.519+0000] {logging_mixin.py:190} INFO - [2025-02-02T12:41:27.510+0000] {dagbag.py:588} INFO - Filling up the DagBag from /home/airflow/.local/lib/python3.12/site-packages/airflow/example_dags/tutorial_dag.py
[2025-02-02T12:41:27.680+0000] {processor.py:925} INFO - DAG(s) 'tutorial_dag' retrieved from /home/airflow/.local/lib/python3.12/site-packages/airflow/example_dags/tutorial_dag.py
[2025-02-02T12:41:29.372+0000] {logging_mixin.py:190} INFO - [2025-02-02T12:41:29.367+0000] {override.py:1911} INFO - Created Permission View: can edit on DAG:tutorial_dag
[2025-02-02T12:41:30.752+0000] {logging_mixin.py:190} INFO - [2025-02-02T12:41:30.752+0000] {override.py:1911} INFO - Created Permission View: can delete on DAG:tutorial_dag
[2025-02-02T12:41:30.930+0000] {logging_mixin.py:190} INFO - [2025-02-02T12:41:30.905+0000] {override.py:1911} INFO - Created Permission View: can read on DAG:tutorial_dag
[2025-02-02T12:41:31.049+0000] {logging_mixin.py:190} INFO - [2025-02-02T12:41:31.048+0000] {override.py:1911} INFO - Created Permission View: menu access on DAG Run:tutorial_dag
[2025-02-02T12:41:31.143+0000] {logging_mixin.py:190} INFO - [2025-02-02T12:41:31.143+0000] {override.py:1911} INFO - Created Permission View: can create on DAG Run:tutorial_dag
[2025-02-02T12:41:31.289+0000] {logging_mixin.py:190} INFO - [2025-02-02T12:41:31.277+0000] {override.py:1911} INFO - Created Permission View: can delete on DAG Run:tutorial_dag
[2025-02-02T12:41:31.420+0000] {logging_mixin.py:190} INFO - [2025-02-02T12:41:31.419+0000] {override.py:1911} INFO - Created Permission View: can read on DAG Run:tutorial_dag
[2025-02-02T12:41:31.431+0000] {logging_mixin.py:190} INFO - [2025-02-02T12:41:31.430+0000] {dag.py:3239} INFO - Sync 1 DAGs
[2025-02-02T12:41:32.420+0000] {logging_mixin.py:190} INFO - [2025-02-02T12:41:32.420+0000] {dag.py:3262} INFO - Creating ORM DAG for tutorial_dag
[2025-02-02T12:41:32.587+0000] {logging_mixin.py:190} INFO - [2025-02-02T12:41:32.587+0000] {dag.py:4180} INFO - Setting next_dagrun for tutorial_dag to None, run_after=None
[2025-02-02T12:41:33.842+0000] {processor.py:208} INFO - Processing /home/airflow/.local/lib/python3.12/site-packages/airflow/example_dags/tutorial_dag.py took 6.587 seconds
[2025-02-02T12:51:58.730+0000] {processor.py:186} INFO - Started process (PID=319) to work on /home/airflow/.local/lib/python3.12/site-packages/airflow/example_dags/tutorial_dag.py
[2025-02-02T12:51:58.789+0000] {processor.py:914} INFO - Processing file /home/airflow/.local/lib/python3.12/site-packages/airflow/example_dags/tutorial_dag.py for tasks to queue
[2025-02-02T12:51:58.793+0000] {logging_mixin.py:190} INFO - [2025-02-02T12:51:58.792+0000] {dagbag.py:588} INFO - Filling up the DagBag from /home/airflow/.local/lib/python3.12/site-packages/airflow/example_dags/tutorial_dag.py
[2025-02-02T12:51:59.014+0000] {processor.py:925} INFO - DAG(s) 'tutorial_dag' retrieved from /home/airflow/.local/lib/python3.12/site-packages/airflow/example_dags/tutorial_dag.py
[2025-02-02T12:51:59.470+0000] {logging_mixin.py:190} INFO - [2025-02-02T12:51:59.470+0000] {dag.py:3239} INFO - Sync 1 DAGs
[2025-02-02T12:51:59.695+0000] {logging_mixin.py:190} INFO - [2025-02-02T12:51:59.694+0000] {dag.py:4180} INFO - Setting next_dagrun for tutorial_dag to None, run_after=None
[2025-02-02T12:51:59.997+0000] {processor.py:208} INFO - Processing /home/airflow/.local/lib/python3.12/site-packages/airflow/example_dags/tutorial_dag.py took 1.340 seconds
[2025-02-02T12:54:28.741+0000] {processor.py:186} INFO - Started process (PID=632) to work on /home/airflow/.local/lib/python3.12/site-packages/airflow/example_dags/tutorial_dag.py
[2025-02-02T12:54:28.804+0000] {processor.py:914} INFO - Processing file /home/airflow/.local/lib/python3.12/site-packages/airflow/example_dags/tutorial_dag.py for tasks to queue
[2025-02-02T12:54:28.815+0000] {logging_mixin.py:190} INFO - [2025-02-02T12:54:28.814+0000] {dagbag.py:588} INFO - Filling up the DagBag from /home/airflow/.local/lib/python3.12/site-packages/airflow/example_dags/tutorial_dag.py
[2025-02-02T12:54:28.881+0000] {processor.py:925} INFO - DAG(s) 'tutorial_dag' retrieved from /home/airflow/.local/lib/python3.12/site-packages/airflow/example_dags/tutorial_dag.py
[2025-02-02T12:54:29.154+0000] {logging_mixin.py:190} INFO - [2025-02-02T12:54:29.153+0000] {dag.py:3239} INFO - Sync 1 DAGs
[2025-02-02T12:54:29.288+0000] {logging_mixin.py:190} INFO - [2025-02-02T12:54:29.288+0000] {dag.py:4180} INFO - Setting next_dagrun for tutorial_dag to None, run_after=None
[2025-02-02T12:54:29.473+0000] {processor.py:208} INFO - Processing /home/airflow/.local/lib/python3.12/site-packages/airflow/example_dags/tutorial_dag.py took 0.771 seconds
[2025-02-02T13:07:30.733+0000] {processor.py:186} INFO - Started process (PID=100) to work on /home/airflow/.local/lib/python3.12/site-packages/airflow/example_dags/tutorial_dag.py
[2025-02-02T13:07:30.738+0000] {processor.py:914} INFO - Processing file /home/airflow/.local/lib/python3.12/site-packages/airflow/example_dags/tutorial_dag.py for tasks to queue
[2025-02-02T13:07:30.748+0000] {logging_mixin.py:190} INFO - [2025-02-02T13:07:30.747+0000] {dagbag.py:588} INFO - Filling up the DagBag from /home/airflow/.local/lib/python3.12/site-packages/airflow/example_dags/tutorial_dag.py
[2025-02-02T13:07:30.767+0000] {processor.py:925} INFO - DAG(s) 'tutorial_dag' retrieved from /home/airflow/.local/lib/python3.12/site-packages/airflow/example_dags/tutorial_dag.py
[2025-02-02T13:07:30.900+0000] {logging_mixin.py:190} INFO - [2025-02-02T13:07:30.900+0000] {dag.py:3239} INFO - Sync 1 DAGs
[2025-02-02T13:07:31.008+0000] {logging_mixin.py:190} INFO - [2025-02-02T13:07:31.008+0000] {dag.py:4180} INFO - Setting next_dagrun for tutorial_dag to None, run_after=None
[2025-02-02T13:07:31.119+0000] {processor.py:208} INFO - Processing /home/airflow/.local/lib/python3.12/site-packages/airflow/example_dags/tutorial_dag.py took 0.404 seconds
[2025-02-02T13:08:18.539+0000] {processor.py:186} INFO - Started process (PID=164) to work on /home/airflow/.local/lib/python3.12/site-packages/airflow/example_dags/tutorial_dag.py
[2025-02-02T13:08:18.577+0000] {processor.py:914} INFO - Processing file /home/airflow/.local/lib/python3.12/site-packages/airflow/example_dags/tutorial_dag.py for tasks to queue
[2025-02-02T13:08:18.598+0000] {logging_mixin.py:190} INFO - [2025-02-02T13:08:18.597+0000] {dagbag.py:588} INFO - Filling up the DagBag from /home/airflow/.local/lib/python3.12/site-packages/airflow/example_dags/tutorial_dag.py
[2025-02-02T13:08:18.627+0000] {processor.py:925} INFO - DAG(s) 'tutorial_dag' retrieved from /home/airflow/.local/lib/python3.12/site-packages/airflow/example_dags/tutorial_dag.py
[2025-02-02T13:08:18.759+0000] {logging_mixin.py:190} INFO - [2025-02-02T13:08:18.758+0000] {dag.py:3239} INFO - Sync 1 DAGs
[2025-02-02T13:08:18.883+0000] {logging_mixin.py:190} INFO - [2025-02-02T13:08:18.883+0000] {dag.py:4180} INFO - Setting next_dagrun for tutorial_dag to None, run_after=None
[2025-02-02T13:08:19.055+0000] {processor.py:208} INFO - Processing /home/airflow/.local/lib/python3.12/site-packages/airflow/example_dags/tutorial_dag.py took 0.541 seconds
