[2025-02-02T12:41:14.941+0000] {processor.py:186} INFO - Started process (PID=91) to work on /home/airflow/.local/lib/python3.12/site-packages/airflow/example_dags/tutorial_taskflow_api.py
[2025-02-02T12:41:14.943+0000] {processor.py:914} INFO - Processing file /home/airflow/.local/lib/python3.12/site-packages/airflow/example_dags/tutorial_taskflow_api.py for tasks to queue
[2025-02-02T12:41:14.971+0000] {logging_mixin.py:190} INFO - [2025-02-02T12:41:14.949+0000] {dagbag.py:588} INFO - Filling up the DagBag from /home/airflow/.local/lib/python3.12/site-packages/airflow/example_dags/tutorial_taskflow_api.py
[2025-02-02T12:41:15.046+0000] {processor.py:925} INFO - DAG(s) 'tutorial_taskflow_api' retrieved from /home/airflow/.local/lib/python3.12/site-packages/airflow/example_dags/tutorial_taskflow_api.py
[2025-02-02T12:41:15.754+0000] {logging_mixin.py:190} INFO - [2025-02-02T12:41:15.753+0000] {override.py:1911} INFO - Created Permission View: can edit on DAG:tutorial_taskflow_api
[2025-02-02T12:41:15.846+0000] {logging_mixin.py:190} INFO - [2025-02-02T12:41:15.846+0000] {override.py:1911} INFO - Created Permission View: can delete on DAG:tutorial_taskflow_api
[2025-02-02T12:41:15.884+0000] {logging_mixin.py:190} INFO - [2025-02-02T12:41:15.883+0000] {override.py:1911} INFO - Created Permission View: can read on DAG:tutorial_taskflow_api
[2025-02-02T12:41:15.928+0000] {logging_mixin.py:190} INFO - [2025-02-02T12:41:15.927+0000] {override.py:1911} INFO - Created Permission View: menu access on DAG Run:tutorial_taskflow_api
[2025-02-02T12:41:15.982+0000] {logging_mixin.py:190} INFO - [2025-02-02T12:41:15.979+0000] {override.py:1911} INFO - Created Permission View: can create on DAG Run:tutorial_taskflow_api
[2025-02-02T12:41:16.057+0000] {logging_mixin.py:190} INFO - [2025-02-02T12:41:16.056+0000] {override.py:1911} INFO - Created Permission View: can delete on DAG Run:tutorial_taskflow_api
[2025-02-02T12:41:16.112+0000] {logging_mixin.py:190} INFO - [2025-02-02T12:41:16.111+0000] {override.py:1911} INFO - Created Permission View: can read on DAG Run:tutorial_taskflow_api
[2025-02-02T12:41:16.130+0000] {logging_mixin.py:190} INFO - [2025-02-02T12:41:16.130+0000] {dag.py:3239} INFO - Sync 1 DAGs
[2025-02-02T12:41:16.301+0000] {logging_mixin.py:190} INFO - [2025-02-02T12:41:16.288+0000] {dag.py:3262} INFO - Creating ORM DAG for tutorial_taskflow_api
[2025-02-02T12:41:16.311+0000] {logging_mixin.py:190} INFO - [2025-02-02T12:41:16.310+0000] {dag.py:4180} INFO - Setting next_dagrun for tutorial_taskflow_api to None, run_after=None
[2025-02-02T12:41:16.411+0000] {processor.py:208} INFO - Processing /home/airflow/.local/lib/python3.12/site-packages/airflow/example_dags/tutorial_taskflow_api.py took 1.490 seconds
[2025-02-02T12:51:36.171+0000] {processor.py:186} INFO - Started process (PID=264) to work on /home/airflow/.local/lib/python3.12/site-packages/airflow/example_dags/tutorial_taskflow_api.py
[2025-02-02T12:51:36.202+0000] {processor.py:914} INFO - Processing file /home/airflow/.local/lib/python3.12/site-packages/airflow/example_dags/tutorial_taskflow_api.py for tasks to queue
[2025-02-02T12:51:36.227+0000] {logging_mixin.py:190} INFO - [2025-02-02T12:51:36.225+0000] {dagbag.py:588} INFO - Filling up the DagBag from /home/airflow/.local/lib/python3.12/site-packages/airflow/example_dags/tutorial_taskflow_api.py
[2025-02-02T12:51:36.729+0000] {processor.py:925} INFO - DAG(s) 'tutorial_taskflow_api' retrieved from /home/airflow/.local/lib/python3.12/site-packages/airflow/example_dags/tutorial_taskflow_api.py
[2025-02-02T12:51:37.141+0000] {logging_mixin.py:190} INFO - [2025-02-02T12:51:37.141+0000] {dag.py:3239} INFO - Sync 1 DAGs
[2025-02-02T12:51:37.323+0000] {logging_mixin.py:190} INFO - [2025-02-02T12:51:37.323+0000] {dag.py:4180} INFO - Setting next_dagrun for tutorial_taskflow_api to None, run_after=None
[2025-02-02T12:51:37.677+0000] {processor.py:208} INFO - Processing /home/airflow/.local/lib/python3.12/site-packages/airflow/example_dags/tutorial_taskflow_api.py took 1.604 seconds
[2025-02-02T12:54:23.677+0000] {processor.py:186} INFO - Started process (PID=584) to work on /home/airflow/.local/lib/python3.12/site-packages/airflow/example_dags/tutorial_taskflow_api.py
[2025-02-02T12:54:23.728+0000] {processor.py:914} INFO - Processing file /home/airflow/.local/lib/python3.12/site-packages/airflow/example_dags/tutorial_taskflow_api.py for tasks to queue
[2025-02-02T12:54:23.733+0000] {logging_mixin.py:190} INFO - [2025-02-02T12:54:23.732+0000] {dagbag.py:588} INFO - Filling up the DagBag from /home/airflow/.local/lib/python3.12/site-packages/airflow/example_dags/tutorial_taskflow_api.py
[2025-02-02T12:54:23.787+0000] {processor.py:925} INFO - DAG(s) 'tutorial_taskflow_api' retrieved from /home/airflow/.local/lib/python3.12/site-packages/airflow/example_dags/tutorial_taskflow_api.py
[2025-02-02T12:54:23.920+0000] {logging_mixin.py:190} INFO - [2025-02-02T12:54:23.919+0000] {dag.py:3239} INFO - Sync 1 DAGs
[2025-02-02T12:54:24.021+0000] {logging_mixin.py:190} INFO - [2025-02-02T12:54:24.021+0000] {dag.py:4180} INFO - Setting next_dagrun for tutorial_taskflow_api to None, run_after=None
[2025-02-02T12:54:24.109+0000] {processor.py:208} INFO - Processing /home/airflow/.local/lib/python3.12/site-packages/airflow/example_dags/tutorial_taskflow_api.py took 0.485 seconds
[2025-02-02T13:07:27.520+0000] {processor.py:186} INFO - Started process (PID=90) to work on /home/airflow/.local/lib/python3.12/site-packages/airflow/example_dags/tutorial_taskflow_api.py
[2025-02-02T13:07:27.526+0000] {processor.py:914} INFO - Processing file /home/airflow/.local/lib/python3.12/site-packages/airflow/example_dags/tutorial_taskflow_api.py for tasks to queue
[2025-02-02T13:07:27.533+0000] {logging_mixin.py:190} INFO - [2025-02-02T13:07:27.532+0000] {dagbag.py:588} INFO - Filling up the DagBag from /home/airflow/.local/lib/python3.12/site-packages/airflow/example_dags/tutorial_taskflow_api.py
[2025-02-02T13:07:27.566+0000] {processor.py:925} INFO - DAG(s) 'tutorial_taskflow_api' retrieved from /home/airflow/.local/lib/python3.12/site-packages/airflow/example_dags/tutorial_taskflow_api.py
[2025-02-02T13:07:27.640+0000] {logging_mixin.py:190} INFO - [2025-02-02T13:07:27.640+0000] {dag.py:3239} INFO - Sync 1 DAGs
[2025-02-02T13:07:27.687+0000] {logging_mixin.py:190} INFO - [2025-02-02T13:07:27.686+0000] {dag.py:4180} INFO - Setting next_dagrun for tutorial_taskflow_api to None, run_after=None
[2025-02-02T13:07:27.752+0000] {processor.py:208} INFO - Processing /home/airflow/.local/lib/python3.12/site-packages/airflow/example_dags/tutorial_taskflow_api.py took 0.272 seconds
[2025-02-02T13:08:12.603+0000] {processor.py:186} INFO - Started process (PID=154) to work on /home/airflow/.local/lib/python3.12/site-packages/airflow/example_dags/tutorial_taskflow_api.py
[2025-02-02T13:08:12.639+0000] {processor.py:914} INFO - Processing file /home/airflow/.local/lib/python3.12/site-packages/airflow/example_dags/tutorial_taskflow_api.py for tasks to queue
[2025-02-02T13:08:12.668+0000] {logging_mixin.py:190} INFO - [2025-02-02T13:08:12.666+0000] {dagbag.py:588} INFO - Filling up the DagBag from /home/airflow/.local/lib/python3.12/site-packages/airflow/example_dags/tutorial_taskflow_api.py
[2025-02-02T13:08:12.713+0000] {processor.py:925} INFO - DAG(s) 'tutorial_taskflow_api' retrieved from /home/airflow/.local/lib/python3.12/site-packages/airflow/example_dags/tutorial_taskflow_api.py
[2025-02-02T13:08:12.849+0000] {logging_mixin.py:190} INFO - [2025-02-02T13:08:12.848+0000] {dag.py:3239} INFO - Sync 1 DAGs
[2025-02-02T13:08:12.964+0000] {logging_mixin.py:190} INFO - [2025-02-02T13:08:12.963+0000] {dag.py:4180} INFO - Setting next_dagrun for tutorial_taskflow_api to None, run_after=None
[2025-02-02T13:08:13.075+0000] {processor.py:208} INFO - Processing /home/airflow/.local/lib/python3.12/site-packages/airflow/example_dags/tutorial_taskflow_api.py took 0.525 seconds
