[2025-02-02T12:41:42.652+0000] {processor.py:186} INFO - Started process (PID=111) to work on /home/airflow/.local/lib/python3.12/site-packages/airflow/example_dags/tutorial_objectstorage.py
[2025-02-02T12:41:42.685+0000] {processor.py:914} INFO - Processing file /home/airflow/.local/lib/python3.12/site-packages/airflow/example_dags/tutorial_objectstorage.py for tasks to queue
[2025-02-02T12:41:42.809+0000] {logging_mixin.py:190} INFO - [2025-02-02T12:41:42.808+0000] {dagbag.py:588} INFO - Filling up the DagBag from /home/airflow/.local/lib/python3.12/site-packages/airflow/example_dags/tutorial_objectstorage.py
[2025-02-02T12:41:42.998+0000] {processor.py:925} INFO - DAG(s) 'tutorial_objectstorage' retrieved from /home/airflow/.local/lib/python3.12/site-packages/airflow/example_dags/tutorial_objectstorage.py
[2025-02-02T12:41:47.575+0000] {logging_mixin.py:190} INFO - [2025-02-02T12:41:47.573+0000] {override.py:1911} INFO - Created Permission View: can edit on DAG:tutorial_objectstorage
[2025-02-02T12:41:47.741+0000] {logging_mixin.py:190} INFO - [2025-02-02T12:41:47.740+0000] {override.py:1911} INFO - Created Permission View: can delete on DAG:tutorial_objectstorage
[2025-02-02T12:41:47.914+0000] {logging_mixin.py:190} INFO - [2025-02-02T12:41:47.914+0000] {override.py:1911} INFO - Created Permission View: can read on DAG:tutorial_objectstorage
[2025-02-02T12:41:48.096+0000] {logging_mixin.py:190} INFO - [2025-02-02T12:41:48.096+0000] {override.py:1911} INFO - Created Permission View: menu access on DAG Run:tutorial_objectstorage
[2025-02-02T12:41:48.385+0000] {logging_mixin.py:190} INFO - [2025-02-02T12:41:48.384+0000] {override.py:1911} INFO - Created Permission View: can create on DAG Run:tutorial_objectstorage
[2025-02-02T12:41:48.652+0000] {logging_mixin.py:190} INFO - [2025-02-02T12:41:48.652+0000] {override.py:1911} INFO - Created Permission View: can delete on DAG Run:tutorial_objectstorage
[2025-02-02T12:41:48.814+0000] {logging_mixin.py:190} INFO - [2025-02-02T12:41:48.786+0000] {override.py:1911} INFO - Created Permission View: can read on DAG Run:tutorial_objectstorage
[2025-02-02T12:41:48.847+0000] {logging_mixin.py:190} INFO - [2025-02-02T12:41:48.846+0000] {dag.py:3239} INFO - Sync 1 DAGs
[2025-02-02T12:41:49.121+0000] {logging_mixin.py:190} INFO - [2025-02-02T12:41:49.120+0000] {dag.py:3262} INFO - Creating ORM DAG for tutorial_objectstorage
[2025-02-02T12:41:49.135+0000] {logging_mixin.py:190} INFO - [2025-02-02T12:41:49.135+0000] {dag.py:4180} INFO - Setting next_dagrun for tutorial_objectstorage to None, run_after=None
[2025-02-02T12:41:49.422+0000] {processor.py:208} INFO - Processing /home/airflow/.local/lib/python3.12/site-packages/airflow/example_dags/tutorial_objectstorage.py took 7.009 seconds
[2025-02-02T12:52:07.737+0000] {processor.py:186} INFO - Started process (PID=339) to work on /home/airflow/.local/lib/python3.12/site-packages/airflow/example_dags/tutorial_objectstorage.py
[2025-02-02T12:52:07.764+0000] {processor.py:914} INFO - Processing file /home/airflow/.local/lib/python3.12/site-packages/airflow/example_dags/tutorial_objectstorage.py for tasks to queue
[2025-02-02T12:52:07.768+0000] {logging_mixin.py:190} INFO - [2025-02-02T12:52:07.767+0000] {dagbag.py:588} INFO - Filling up the DagBag from /home/airflow/.local/lib/python3.12/site-packages/airflow/example_dags/tutorial_objectstorage.py
[2025-02-02T12:52:08.229+0000] {processor.py:925} INFO - DAG(s) 'tutorial_objectstorage' retrieved from /home/airflow/.local/lib/python3.12/site-packages/airflow/example_dags/tutorial_objectstorage.py
[2025-02-02T12:52:08.904+0000] {logging_mixin.py:190} INFO - [2025-02-02T12:52:08.903+0000] {dag.py:3239} INFO - Sync 1 DAGs
[2025-02-02T12:52:09.544+0000] {logging_mixin.py:190} INFO - [2025-02-02T12:52:09.544+0000] {dag.py:4180} INFO - Setting next_dagrun for tutorial_objectstorage to None, run_after=None
[2025-02-02T12:52:12.254+0000] {processor.py:208} INFO - Processing /home/airflow/.local/lib/python3.12/site-packages/airflow/example_dags/tutorial_objectstorage.py took 4.682 seconds
[2025-02-02T12:54:32.359+0000] {processor.py:186} INFO - Started process (PID=652) to work on /home/airflow/.local/lib/python3.12/site-packages/airflow/example_dags/tutorial_objectstorage.py
[2025-02-02T12:54:32.376+0000] {processor.py:914} INFO - Processing file /home/airflow/.local/lib/python3.12/site-packages/airflow/example_dags/tutorial_objectstorage.py for tasks to queue
[2025-02-02T12:54:32.379+0000] {logging_mixin.py:190} INFO - [2025-02-02T12:54:32.378+0000] {dagbag.py:588} INFO - Filling up the DagBag from /home/airflow/.local/lib/python3.12/site-packages/airflow/example_dags/tutorial_objectstorage.py
[2025-02-02T12:54:32.642+0000] {processor.py:925} INFO - DAG(s) 'tutorial_objectstorage' retrieved from /home/airflow/.local/lib/python3.12/site-packages/airflow/example_dags/tutorial_objectstorage.py
[2025-02-02T12:54:32.789+0000] {logging_mixin.py:190} INFO - [2025-02-02T12:54:32.788+0000] {dag.py:3239} INFO - Sync 1 DAGs
[2025-02-02T12:54:32.944+0000] {logging_mixin.py:190} INFO - [2025-02-02T12:54:32.944+0000] {dag.py:4180} INFO - Setting next_dagrun for tutorial_objectstorage to None, run_after=None
[2025-02-02T12:54:33.344+0000] {processor.py:208} INFO - Processing /home/airflow/.local/lib/python3.12/site-packages/airflow/example_dags/tutorial_objectstorage.py took 1.060 seconds
[2025-02-02T13:07:31.598+0000] {processor.py:186} INFO - Started process (PID=104) to work on /home/airflow/.local/lib/python3.12/site-packages/airflow/example_dags/tutorial_objectstorage.py
[2025-02-02T13:07:31.612+0000] {processor.py:914} INFO - Processing file /home/airflow/.local/lib/python3.12/site-packages/airflow/example_dags/tutorial_objectstorage.py for tasks to queue
[2025-02-02T13:07:31.618+0000] {logging_mixin.py:190} INFO - [2025-02-02T13:07:31.618+0000] {dagbag.py:588} INFO - Filling up the DagBag from /home/airflow/.local/lib/python3.12/site-packages/airflow/example_dags/tutorial_objectstorage.py
[2025-02-02T13:07:31.652+0000] {processor.py:925} INFO - DAG(s) 'tutorial_objectstorage' retrieved from /home/airflow/.local/lib/python3.12/site-packages/airflow/example_dags/tutorial_objectstorage.py
[2025-02-02T13:07:31.712+0000] {logging_mixin.py:190} INFO - [2025-02-02T13:07:31.711+0000] {dag.py:3239} INFO - Sync 1 DAGs
[2025-02-02T13:07:31.757+0000] {logging_mixin.py:190} INFO - [2025-02-02T13:07:31.756+0000] {dag.py:4180} INFO - Setting next_dagrun for tutorial_objectstorage to None, run_after=None
[2025-02-02T13:07:31.808+0000] {processor.py:208} INFO - Processing /home/airflow/.local/lib/python3.12/site-packages/airflow/example_dags/tutorial_objectstorage.py took 0.230 seconds
[2025-02-02T13:08:20.315+0000] {processor.py:186} INFO - Started process (PID=168) to work on /home/airflow/.local/lib/python3.12/site-packages/airflow/example_dags/tutorial_objectstorage.py
[2025-02-02T13:08:20.328+0000] {processor.py:914} INFO - Processing file /home/airflow/.local/lib/python3.12/site-packages/airflow/example_dags/tutorial_objectstorage.py for tasks to queue
[2025-02-02T13:08:20.346+0000] {logging_mixin.py:190} INFO - [2025-02-02T13:08:20.345+0000] {dagbag.py:588} INFO - Filling up the DagBag from /home/airflow/.local/lib/python3.12/site-packages/airflow/example_dags/tutorial_objectstorage.py
[2025-02-02T13:08:20.442+0000] {processor.py:925} INFO - DAG(s) 'tutorial_objectstorage' retrieved from /home/airflow/.local/lib/python3.12/site-packages/airflow/example_dags/tutorial_objectstorage.py
[2025-02-02T13:08:20.625+0000] {logging_mixin.py:190} INFO - [2025-02-02T13:08:20.625+0000] {dag.py:3239} INFO - Sync 1 DAGs
[2025-02-02T13:08:20.755+0000] {logging_mixin.py:190} INFO - [2025-02-02T13:08:20.754+0000] {dag.py:4180} INFO - Setting next_dagrun for tutorial_objectstorage to None, run_after=None
[2025-02-02T13:08:20.877+0000] {processor.py:208} INFO - Processing /home/airflow/.local/lib/python3.12/site-packages/airflow/example_dags/tutorial_objectstorage.py took 0.596 seconds
