[2025-02-02T12:53:44.649+0000] {processor.py:186} INFO - Started process (PID=485) to work on /home/airflow/.local/lib/python3.12/site-packages/airflow/example_dags/tutorial_taskflow_templates.py
[2025-02-02T12:53:44.666+0000] {processor.py:914} INFO - Processing file /home/airflow/.local/lib/python3.12/site-packages/airflow/example_dags/tutorial_taskflow_templates.py for tasks to queue
[2025-02-02T12:53:44.671+0000] {logging_mixin.py:190} INFO - [2025-02-02T12:53:44.670+0000] {dagbag.py:588} INFO - Filling up the DagBag from /home/airflow/.local/lib/python3.12/site-packages/airflow/example_dags/tutorial_taskflow_templates.py
[2025-02-02T12:53:44.832+0000] {processor.py:925} INFO - DAG(s) 'tutorial_taskflow_templates' retrieved from /home/airflow/.local/lib/python3.12/site-packages/airflow/example_dags/tutorial_taskflow_templates.py
[2025-02-02T12:53:46.041+0000] {logging_mixin.py:190} INFO - [2025-02-02T12:53:46.033+0000] {override.py:1911} INFO - Created Permission View: can delete on DAG:tutorial_taskflow_templates
[2025-02-02T12:53:46.168+0000] {logging_mixin.py:190} INFO - [2025-02-02T12:53:46.163+0000] {override.py:1911} INFO - Created Permission View: can edit on DAG:tutorial_taskflow_templates
[2025-02-02T12:53:46.266+0000] {logging_mixin.py:190} INFO - [2025-02-02T12:53:46.265+0000] {override.py:1911} INFO - Created Permission View: can read on DAG:tutorial_taskflow_templates
[2025-02-02T12:53:46.335+0000] {logging_mixin.py:190} INFO - [2025-02-02T12:53:46.335+0000] {override.py:1911} INFO - Created Permission View: can create on DAG Run:tutorial_taskflow_templates
[2025-02-02T12:53:46.410+0000] {logging_mixin.py:190} INFO - [2025-02-02T12:53:46.409+0000] {override.py:1911} INFO - Created Permission View: menu access on DAG Run:tutorial_taskflow_templates
[2025-02-02T12:53:46.495+0000] {logging_mixin.py:190} INFO - [2025-02-02T12:53:46.494+0000] {override.py:1911} INFO - Created Permission View: can delete on DAG Run:tutorial_taskflow_templates
[2025-02-02T12:53:46.525+0000] {logging_mixin.py:190} INFO - [2025-02-02T12:53:46.525+0000] {override.py:1911} INFO - Created Permission View: can read on DAG Run:tutorial_taskflow_templates
[2025-02-02T12:53:46.527+0000] {logging_mixin.py:190} INFO - [2025-02-02T12:53:46.526+0000] {dag.py:3239} INFO - Sync 1 DAGs
[2025-02-02T12:53:46.698+0000] {logging_mixin.py:190} INFO - [2025-02-02T12:53:46.698+0000] {dag.py:3262} INFO - Creating ORM DAG for tutorial_taskflow_templates
[2025-02-02T12:53:46.810+0000] {logging_mixin.py:190} INFO - [2025-02-02T12:53:46.809+0000] {dag.py:4180} INFO - Setting next_dagrun for tutorial_taskflow_templates to 2025-02-01 00:00:00+00:00, run_after=2025-02-02 00:00:00+00:00
[2025-02-02T12:53:46.960+0000] {processor.py:208} INFO - Processing /home/airflow/.local/lib/python3.12/site-packages/airflow/example_dags/tutorial_taskflow_templates.py took 2.336 seconds
[2025-02-02T13:07:42.452+0000] {processor.py:186} INFO - Started process (PID=130) to work on /home/airflow/.local/lib/python3.12/site-packages/airflow/example_dags/tutorial_taskflow_templates.py
[2025-02-02T13:07:42.458+0000] {processor.py:914} INFO - Processing file /home/airflow/.local/lib/python3.12/site-packages/airflow/example_dags/tutorial_taskflow_templates.py for tasks to queue
[2025-02-02T13:07:42.473+0000] {logging_mixin.py:190} INFO - [2025-02-02T13:07:42.473+0000] {dagbag.py:588} INFO - Filling up the DagBag from /home/airflow/.local/lib/python3.12/site-packages/airflow/example_dags/tutorial_taskflow_templates.py
[2025-02-02T13:07:42.557+0000] {processor.py:925} INFO - DAG(s) 'tutorial_taskflow_templates' retrieved from /home/airflow/.local/lib/python3.12/site-packages/airflow/example_dags/tutorial_taskflow_templates.py
[2025-02-02T13:07:42.683+0000] {logging_mixin.py:190} INFO - [2025-02-02T13:07:42.683+0000] {dag.py:3239} INFO - Sync 1 DAGs
[2025-02-02T13:07:42.858+0000] {logging_mixin.py:190} INFO - [2025-02-02T13:07:42.858+0000] {dag.py:4180} INFO - Setting next_dagrun for tutorial_taskflow_templates to 2025-02-01 00:00:00+00:00, run_after=2025-02-02 00:00:00+00:00
[2025-02-02T13:07:42.987+0000] {processor.py:208} INFO - Processing /home/airflow/.local/lib/python3.12/site-packages/airflow/example_dags/tutorial_taskflow_templates.py took 0.573 seconds
[2025-02-02T13:08:49.518+0000] {processor.py:186} INFO - Started process (PID=198) to work on /home/airflow/.local/lib/python3.12/site-packages/airflow/example_dags/tutorial_taskflow_templates.py
[2025-02-02T13:08:49.596+0000] {processor.py:914} INFO - Processing file /home/airflow/.local/lib/python3.12/site-packages/airflow/example_dags/tutorial_taskflow_templates.py for tasks to queue
[2025-02-02T13:08:49.620+0000] {logging_mixin.py:190} INFO - [2025-02-02T13:08:49.619+0000] {dagbag.py:588} INFO - Filling up the DagBag from /home/airflow/.local/lib/python3.12/site-packages/airflow/example_dags/tutorial_taskflow_templates.py
[2025-02-02T13:08:49.825+0000] {processor.py:925} INFO - DAG(s) 'tutorial_taskflow_templates' retrieved from /home/airflow/.local/lib/python3.12/site-packages/airflow/example_dags/tutorial_taskflow_templates.py
[2025-02-02T13:08:50.122+0000] {logging_mixin.py:190} INFO - [2025-02-02T13:08:50.121+0000] {dag.py:3239} INFO - Sync 1 DAGs
[2025-02-02T13:08:50.479+0000] {logging_mixin.py:190} INFO - [2025-02-02T13:08:50.467+0000] {dag.py:4180} INFO - Setting next_dagrun for tutorial_taskflow_templates to 2025-02-01 00:00:00+00:00, run_after=2025-02-02 00:00:00+00:00
[2025-02-02T13:08:50.705+0000] {processor.py:208} INFO - Processing /home/airflow/.local/lib/python3.12/site-packages/airflow/example_dags/tutorial_taskflow_templates.py took 1.249 seconds
